
ERROR 2022-09-23 09:21:15,933 django.request Thread-1 17488 I:\django\gfvp\gfvp_env\lib\site-packages\django\utils\log.py 225 log_response 16904 Internal Server Error: /evaluation/nreport_pdf/9716644a-2a35-4bbb-ab02-9a316167fa87
Traceback (most recent call last):
  File "I:\django\gfvp\gfvp_env\lib\site-packages\reportlab\platypus\paraparser.py", line 3220, in parse
    self.feed(text)
  File "C:\Program Files\Python39\lib\html\parser.py", line 110, in feed
    self.goahead(0)
  File "C:\Program Files\Python39\lib\html\parser.py", line 172, in goahead
    k = self.parse_endtag(i)
  File "C:\Program Files\Python39\lib\html\parser.py", line 420, in parse_endtag
    self.handle_endtag(elem)
  File "I:\django\gfvp\gfvp_env\lib\site-packages\reportlab\platypus\paraparser.py", line 3256, in handle_endtag
    end()
  File "I:\django\gfvp\gfvp_env\lib\site-packages\reportlab\platypus\paraparser.py", line 2913, in end_para
    self._pop('para')
  File "I:\django\gfvp\gfvp_env\lib\site-packages\reportlab\platypus\paraparser.py", line 3069, in _pop
    raise ValueError('Parse error: saw </%s> instead of expected </%s>' % (tag,frag.__tag__))
ValueError: Parse error: saw </para> instead of expected </b>

During handling of the above exception, another exception occurred:

Traceback (most recent call last):
  File "I:\django\gfvp\gfvp_env\lib\site-packages\django\core\handlers\exception.py", line 47, in inner
    response = get_response(request)
  File "I:\django\gfvp\gfvp_env\lib\site-packages\django\core\handlers\base.py", line 181, in _get_response
    response = wrapped_callback(request, *callback_args, **callback_kwargs)
  File "I:\django\gfvp\gfvp_env\lib\site-packages\django\contrib\auth\decorators.py", line 21, in _wrapped_view
    return view_func(request, *args, **kwargs)
  File "I:\django\gfvp\accounts\decorators.py", line 60, in wrap
    return function(request, *args, **kwargs)
  File "I:\django\gfvp\evaluation\views.py", line 1635, in nreport_pdf
    Story = rpf.wrapped_pdf()
  File "I:\django\gfvp\evaluation\views.py", line 1239, in wrapped_pdf
    Story.extend(self.grape_status())
  File "I:\django\gfvp\evaluation\views.py", line 1336, in grape_status
    Paragraph('<b>:Remarkable Points:<b>', self.Footer),
  File "I:\django\gfvp\gfvp_env\lib\site-packages\reportlab\platypus\paragraph.py", line 1800, in __init__
    self._setup(text, style, bulletText or getattr(style,'bulletText',None), frags, cleanBlockQuotedText)
  File "I:\django\gfvp\gfvp_env\lib\site-packages\reportlab\platypus\paragraph.py", line 1821, in _setup
    style, frags, bulletTextFrags = _parser.parse(text,style)
  File "I:\django\gfvp\gfvp_env\lib\site-packages\reportlab\platypus\paraparser.py", line 3222, in parse
    annotateException('\nparagraph text %s caused exception' % ascii(text))
  File "I:\django\gfvp\gfvp_env\lib\site-packages\reportlab\lib\utils.py", line 1295, in annotateException
    rl_reraise(t,t(sep.join((_ for _ in (msg,str(v),postMsg) if _))),b)
  File "I:\django\gfvp\gfvp_env\lib\site-packages\reportlab\lib\utils.py", line 167, in rl_reraise
    raise v.with_traceback(b)
  File "I:\django\gfvp\gfvp_env\lib\site-packages\reportlab\platypus\paraparser.py", line 3220, in parse
    self.feed(text)
  File "C:\Program Files\Python39\lib\html\parser.py", line 110, in feed
    self.goahead(0)
  File "C:\Program Files\Python39\lib\html\parser.py", line 172, in goahead
    k = self.parse_endtag(i)
  File "C:\Program Files\Python39\lib\html\parser.py", line 420, in parse_endtag
    self.handle_endtag(elem)
  File "I:\django\gfvp\gfvp_env\lib\site-packages\reportlab\platypus\paraparser.py", line 3256, in handle_endtag
    end()
  File "I:\django\gfvp\gfvp_env\lib\site-packages\reportlab\platypus\paraparser.py", line 2913, in end_para
    self._pop('para')
  File "I:\django\gfvp\gfvp_env\lib\site-packages\reportlab\platypus\paraparser.py", line 3069, in _pop
    raise ValueError('Parse error: saw </%s> instead of expected </%s>' % (tag,frag.__tag__))
ValueError: 
paragraph text '<para><b>:Remarkable Points:<b></para>' caused exception Parse error: saw </para> instead of expected </b>
ERROR 2022-09-23 09:21:18,444 django.server Thread-1 17488 I:\django\gfvp\gfvp_env\lib\site-packages\django\core\servers\basehttp.py 179 log_message 16904 "GET /evaluation/nreport_pdf/9716644a-2a35-4bbb-ab02-9a316167fa87 HTTP/1.1" 500 208841
ERROR 2022-09-23 14:20:41,302 django.request Thread-3 3268 I:\django\gfvp\gfvp_env\lib\site-packages\django\utils\log.py 225 log_response 15740 Internal Server Error: /evaluation/nreport/9716644a-2a35-4bbb-ab02-9a316167fa87
Traceback (most recent call last):
  File "I:\django\gfvp\gfvp_env\lib\site-packages\django\core\handlers\exception.py", line 47, in inner
    response = get_response(request)
  File "I:\django\gfvp\gfvp_env\lib\site-packages\django\core\handlers\base.py", line 181, in _get_response
    response = wrapped_callback(request, *callback_args, **callback_kwargs)
  File "I:\django\gfvp\gfvp_env\lib\site-packages\django\contrib\auth\decorators.py", line 21, in _wrapped_view
    return view_func(request, *args, **kwargs)
  File "I:\django\gfvp\accounts\decorators.py", line 60, in wrap
    return function(request, *args, **kwargs)
  File "I:\django\gfvp\evaluation\views.py", line 1109, in nreport
    return render(request, 'evaluation/nreport.html', context = context)
  File "I:\django\gfvp\gfvp_env\lib\site-packages\django\shortcuts.py", line 19, in render
    content = loader.render_to_string(template_name, context, request, using=using)
  File "I:\django\gfvp\gfvp_env\lib\site-packages\django\template\loader.py", line 62, in render_to_string
    return template.render(context, request)
  File "I:\django\gfvp\gfvp_env\lib\site-packages\django\template\backends\django.py", line 61, in render
    return self.template.render(context)
  File "I:\django\gfvp\gfvp_env\lib\site-packages\django\template\base.py", line 176, in render
    return self._render(context)
  File "I:\django\gfvp\gfvp_env\lib\site-packages\django\test\utils.py", line 101, in instrumented_test_render
    return self.nodelist.render(context)
  File "I:\django\gfvp\gfvp_env\lib\site-packages\django\template\base.py", line 977, in render
    return SafeString(''.join([
  File "I:\django\gfvp\gfvp_env\lib\site-packages\django\template\base.py", line 978, in <listcomp>
    node.render_annotated(context) for node in self
  File "I:\django\gfvp\gfvp_env\lib\site-packages\django\template\base.py", line 938, in render_annotated
    return self.render(context)
  File "I:\django\gfvp\gfvp_env\lib\site-packages\django\template\loader_tags.py", line 153, in render
    return compiled_parent._render(context)
  File "I:\django\gfvp\gfvp_env\lib\site-packages\django\test\utils.py", line 101, in instrumented_test_render
    return self.nodelist.render(context)
  File "I:\django\gfvp\gfvp_env\lib\site-packages\django\template\base.py", line 977, in render
    return SafeString(''.join([
  File "I:\django\gfvp\gfvp_env\lib\site-packages\django\template\base.py", line 978, in <listcomp>
    node.render_annotated(context) for node in self
  File "I:\django\gfvp\gfvp_env\lib\site-packages\django\template\base.py", line 938, in render_annotated
    return self.render(context)
  File "I:\django\gfvp\gfvp_env\lib\site-packages\django\template\loader_tags.py", line 65, in render
    result = block.nodelist.render(context)
  File "I:\django\gfvp\gfvp_env\lib\site-packages\django\template\base.py", line 977, in render
    return SafeString(''.join([
  File "I:\django\gfvp\gfvp_env\lib\site-packages\django\template\base.py", line 978, in <listcomp>
    node.render_annotated(context) for node in self
  File "I:\django\gfvp\gfvp_env\lib\site-packages\django\template\base.py", line 938, in render_annotated
    return self.render(context)
  File "I:\django\gfvp\gfvp_env\lib\site-packages\django\template\defaulttags.py", line 442, in render
    url = reverse(view_name, args=args, kwargs=kwargs, current_app=current_app)
  File "I:\django\gfvp\gfvp_env\lib\site-packages\django\urls\base.py", line 86, in reverse
    return resolver._reverse_with_prefix(view, prefix, *args, **kwargs)
  File "I:\django\gfvp\gfvp_env\lib\site-packages\django\urls\resolvers.py", line 729, in _reverse_with_prefix
    raise NoReverseMatch(msg)
django.urls.exceptions.NoReverseMatch: Reverse for 'nreport_pdf' not found. 'nreport_pdf' is not a valid view function or pattern name.
ERROR 2022-09-23 14:20:43,505 django.server Thread-3 3268 I:\django\gfvp\gfvp_env\lib\site-packages\django\core\servers\basehttp.py 179 log_message 15740 "GET /evaluation/nreport/9716644a-2a35-4bbb-ab02-9a316167fa87 HTTP/1.1" 500 296608
WARNING 2022-09-26 14:58:22,170 django.request Thread-17 15364 I:\django\gfvp\gfvp_env\lib\site-packages\django\utils\log.py 225 log_response 15164 Not Found: /favicon.ico
WARNING 2022-09-26 14:58:22,186 django.server Thread-17 15364 I:\django\gfvp\gfvp_env\lib\site-packages\django\core\servers\basehttp.py 179 log_message 15164 "GET /favicon.ico HTTP/1.1" 404 19411
WARNING 2022-09-26 15:00:00,589 django.request Thread-19 15412 I:\django\gfvp\gfvp_env\lib\site-packages\django\utils\log.py 225 log_response 15164 Not Found: /senses/tag/ipsum
WARNING 2022-09-26 15:00:00,590 django.server Thread-19 15412 I:\django\gfvp\gfvp_env\lib\site-packages\django\core\servers\basehttp.py 179 log_message 15164 "GET /senses/tag/ipsum HTTP/1.1" 404 19431
ERROR 2022-09-26 15:30:03,577 django.request Thread-1 18116 I:\django\gfvp\gfvp_env\lib\site-packages\django\utils\log.py 225 log_response 16572 Internal Server Error: /evaluation/nreport_pdf/doa
Traceback (most recent call last):
  File "I:\django\gfvp\gfvp_env\lib\site-packages\django\db\models\fields\__init__.py", line 2409, in to_python
    return uuid.UUID(**{input_form: value})
  File "C:\Program Files\Python39\lib\uuid.py", line 177, in __init__
    raise ValueError('badly formed hexadecimal UUID string')
ValueError: badly formed hexadecimal UUID string

During handling of the above exception, another exception occurred:

Traceback (most recent call last):
  File "I:\django\gfvp\gfvp_env\lib\site-packages\django\core\handlers\exception.py", line 47, in inner
    response = get_response(request)
  File "I:\django\gfvp\gfvp_env\lib\site-packages\django\core\handlers\base.py", line 181, in _get_response
    response = wrapped_callback(request, *callback_args, **callback_kwargs)
  File "I:\django\gfvp\gfvp_env\lib\site-packages\django\contrib\auth\decorators.py", line 21, in _wrapped_view
    return view_func(request, *args, **kwargs)
  File "I:\django\gfvp\accounts\decorators.py", line 58, in wrap
    report_user = Evaluator.objects.get(slug = kwargs['slug']).creator
  File "I:\django\gfvp\gfvp_env\lib\site-packages\django\db\models\manager.py", line 85, in manager_method
    return getattr(self.get_queryset(), name)(*args, **kwargs)
  File "I:\django\gfvp\gfvp_env\lib\site-packages\django\db\models\query.py", line 428, in get
    clone = self._chain() if self.query.combinator else self.filter(*args, **kwargs)
  File "I:\django\gfvp\gfvp_env\lib\site-packages\django\db\models\query.py", line 974, in filter
    return self._filter_or_exclude(False, args, kwargs)
  File "I:\django\gfvp\gfvp_env\lib\site-packages\django\db\models\query.py", line 992, in _filter_or_exclude
    clone._filter_or_exclude_inplace(negate, args, kwargs)
  File "I:\django\gfvp\gfvp_env\lib\site-packages\django\db\models\query.py", line 999, in _filter_or_exclude_inplace
    self._query.add_q(Q(*args, **kwargs))
  File "I:\django\gfvp\gfvp_env\lib\site-packages\django\db\models\sql\query.py", line 1375, in add_q
    clause, _ = self._add_q(q_object, self.used_aliases)
  File "I:\django\gfvp\gfvp_env\lib\site-packages\django\db\models\sql\query.py", line 1396, in _add_q
    child_clause, needed_inner = self.build_filter(
  File "I:\django\gfvp\gfvp_env\lib\site-packages\django\db\models\sql\query.py", line 1329, in build_filter
    condition = self.build_lookup(lookups, col, value)
  File "I:\django\gfvp\gfvp_env\lib\site-packages\django\db\models\sql\query.py", line 1180, in build_lookup
    lookup = lookup_class(lhs, rhs)
  File "I:\django\gfvp\gfvp_env\lib\site-packages\django\db\models\lookups.py", line 22, in __init__
    self.rhs = self.get_prep_lookup()
  File "I:\django\gfvp\gfvp_env\lib\site-packages\django\db\models\lookups.py", line 79, in get_prep_lookup
    return self.lhs.output_field.get_prep_value(self.rhs)
  File "I:\django\gfvp\gfvp_env\lib\site-packages\django\db\models\fields\__init__.py", line 2393, in get_prep_value
    return self.to_python(value)
  File "I:\django\gfvp\gfvp_env\lib\site-packages\django\db\models\fields\__init__.py", line 2411, in to_python
    raise exceptions.ValidationError(
django.core.exceptions.ValidationError: ['“doa” is not a valid UUID.']
ERROR 2022-09-26 15:30:05,547 django.server Thread-1 18116 I:\django\gfvp\gfvp_env\lib\site-packages\django\core\servers\basehttp.py 179 log_message 16572 "GET /evaluation/nreport_pdf/doa HTTP/1.1" 500 173516
WARNING 2022-09-26 15:30:07,672 django.request Thread-3 16552 I:\django\gfvp\gfvp_env\lib\site-packages\django\utils\log.py 225 log_response 16572 Not Found: /favicon.ico
WARNING 2022-09-26 15:30:07,717 django.server Thread-3 16552 I:\django\gfvp\gfvp_env\lib\site-packages\django\core\servers\basehttp.py 179 log_message 16572 "GET /favicon.ico HTTP/1.1" 404 19409
WARNING 2022-09-26 15:30:10,255 django.request Thread-3 16552 I:\django\gfvp\gfvp_env\lib\site-packages\django\utils\log.py 225 log_response 16572 Not Found: /favicon.ico
WARNING 2022-09-26 15:30:10,257 django.server Thread-3 16552 I:\django\gfvp\gfvp_env\lib\site-packages\django\core\servers\basehttp.py 179 log_message 16572 "GET /favicon.ico HTTP/1.1" 404 19411
WARNING 2022-09-26 15:31:25,769 django.request Thread-1 12812 I:\django\gfvp\gfvp_env\lib\site-packages\django\utils\log.py 225 log_response 9172 Not Found: /favicon.ico
WARNING 2022-09-26 15:38:39,261 django.request Thread-1 16420 I:\django\gfvp\gfvp_env\lib\site-packages\django\utils\log.py 225 log_response 14348 Not Found: /favicon.ico
WARNING 2022-09-26 15:42:06,742 django.request Thread-1 16508 I:\django\gfvp\gfvp_env\lib\site-packages\django\utils\log.py 225 log_response 15676 Not Found: /favicon.ico
WARNING 2022-09-26 15:44:07,117 django.request Thread-1 17908 I:\django\gfvp\gfvp_env\lib\site-packages\django\utils\log.py 225 log_response 14316 Not Found: /favicon.ico
WARNING 2022-09-26 15:45:44,645 django.request Thread-1 16192 I:\django\gfvp\gfvp_env\lib\site-packages\django\utils\log.py 225 log_response 1400 Not Found: /favicon.ico
ERROR 2022-09-26 15:46:25,014 django.request Thread-1 10068 I:\django\gfvp\gfvp_env\lib\site-packages\django\utils\log.py 225 log_response 6592 Internal Server Error: /evaluation/nreport_pdf/9716644a-2a35-4bbb-ab02-9a316167fa87
Traceback (most recent call last):
  File "I:\django\gfvp\gfvp_env\lib\site-packages\django\core\handlers\exception.py", line 47, in inner
    response = get_response(request)
  File "I:\django\gfvp\gfvp_env\lib\site-packages\django\core\handlers\base.py", line 181, in _get_response
    response = wrapped_callback(request, *callback_args, **callback_kwargs)
  File "I:\django\gfvp\gfvp_env\lib\site-packages\django\contrib\auth\decorators.py", line 21, in _wrapped_view
    return view_func(request, *args, **kwargs)
  File "I:\django\gfvp\accounts\decorators.py", line 60, in wrap
    return function(request, *args, **kwargs)
  File "I:\django\gfvp\evaluation\views.py", line 1686, in nreport_pdf
    Story = rpf.wrapped_pdf()
  File "I:\django\gfvp\evaluation\views.py", line 1246, in wrapped_pdf
    Story.extend(self.desclimar_and_content())
  File "I:\django\gfvp\evaluation\views.py", line 1311, in desclimar_and_content
    ListItem(Paragraph('<a href = #on >Ownership</a>', self.stylesH23),bulletColor='green',value='square'),
AttributeError: 'ReportPDFData' object has no attribute 'stylesH23'
ERROR 2022-09-26 15:46:26,873 django.server Thread-1 10068 I:\django\gfvp\gfvp_env\lib\site-packages\django\core\servers\basehttp.py 179 log_message 6592 "GET /evaluation/nreport_pdf/9716644a-2a35-4bbb-ab02-9a316167fa87 HTTP/1.1" 500 122728
WARNING 2022-09-26 15:46:28,805 django.request Thread-2 13516 I:\django\gfvp\gfvp_env\lib\site-packages\django\utils\log.py 225 log_response 6592 Not Found: /favicon.ico
WARNING 2022-09-26 15:46:28,807 django.server Thread-2 13516 I:\django\gfvp\gfvp_env\lib\site-packages\django\core\servers\basehttp.py 179 log_message 6592 "GET /favicon.ico HTTP/1.1" 404 19409
WARNING 2022-09-26 15:47:05,632 django.request Thread-1 16380 I:\django\gfvp\gfvp_env\lib\site-packages\django\utils\log.py 225 log_response 15816 Not Found: /favicon.ico
WARNING 2022-09-26 15:47:05,634 django.server Thread-1 16380 I:\django\gfvp\gfvp_env\lib\site-packages\django\core\servers\basehttp.py 179 log_message 15816 "GET /favicon.ico HTTP/1.1" 404 19411
WARNING 2022-09-26 15:48:28,845 django.request Thread-1 7956 I:\django\gfvp\gfvp_env\lib\site-packages\django\utils\log.py 225 log_response 2884 Not Found: /favicon.ico
WARNING 2022-09-26 15:54:28,275 django.request Thread-1 5676 I:\django\gfvp\gfvp_env\lib\site-packages\django\utils\log.py 225 log_response 16128 Not Found: /favicon.ico
WARNING 2022-09-26 16:13:16,321 django.request Thread-1 14352 I:\django\gfvp\gfvp_env\lib\site-packages\django\utils\log.py 225 log_response 4416 Not Found: /favicon.ico
ERROR 2022-09-26 16:15:57,520 django.request Thread-1 3964 I:\django\gfvp\gfvp_env\lib\site-packages\django\utils\log.py 225 log_response 5372 Internal Server Error: /evaluation/nreport_pdf/9716644a-2a35-4bbb-ab02-9a316167fa87
Traceback (most recent call last):
  File "I:\django\gfvp\gfvp_env\lib\site-packages\reportlab\lib\colors.py", line 879, in __call__
    return HexColor(arg)
  File "I:\django\gfvp\gfvp_env\lib\site-packages\reportlab\lib\colors.py", line 386, in HexColor
    val = int(val,b)
ValueError: invalid literal for int() with base 10: 'green,'

During handling of the above exception, another exception occurred:

Traceback (most recent call last):
  File "I:\django\gfvp\gfvp_env\lib\site-packages\reportlab\platypus\paraparser.py", line 3220, in parse
    self.feed(text)
  File "C:\Program Files\Python39\lib\html\parser.py", line 110, in feed
    self.goahead(0)
  File "C:\Program Files\Python39\lib\html\parser.py", line 170, in goahead
    k = self.parse_starttag(i)
  File "C:\Program Files\Python39\lib\html\parser.py", line 344, in parse_starttag
    self.handle_starttag(tag, attrs)
  File "I:\django\gfvp\gfvp_env\lib\site-packages\reportlab\platypus\paraparser.py", line 3243, in handle_starttag
    start(attrs or {})
  File "I:\django\gfvp\gfvp_env\lib\site-packages\reportlab\platypus\paraparser.py", line 2825, in start_font
    A = self.getAttributes(attr,_spanAttrMap)
  File "I:\django\gfvp\gfvp_env\lib\site-packages\reportlab\platypus\paraparser.py", line 3081, in getAttributes
    v = func(self,v) if isinstance(func,_ExValidate) else func(v)
  File "I:\django\gfvp\gfvp_env\lib\site-packages\reportlab\lib\colors.py", line 882, in __call__
    raise ValueError('Invalid color value %r' % arg)
ValueError: Invalid color value 'green,'

During handling of the above exception, another exception occurred:

Traceback (most recent call last):
  File "I:\django\gfvp\gfvp_env\lib\site-packages\django\core\handlers\exception.py", line 47, in inner
    response = get_response(request)
  File "I:\django\gfvp\gfvp_env\lib\site-packages\django\core\handlers\base.py", line 181, in _get_response
    response = wrapped_callback(request, *callback_args, **callback_kwargs)
  File "I:\django\gfvp\gfvp_env\lib\site-packages\django\contrib\auth\decorators.py", line 21, in _wrapped_view
    return view_func(request, *args, **kwargs)
  File "I:\django\gfvp\accounts\decorators.py", line 60, in wrap
    return function(request, *args, **kwargs)
  File "I:\django\gfvp\evaluation\views.py", line 1689, in nreport_pdf
    Story = rpf.wrapped_pdf()
  File "I:\django\gfvp\evaluation\views.py", line 1250, in wrapped_pdf
    Story.extend(self.grape_status())
  File "I:\django\gfvp\evaluation\views.py", line 1397, in grape_status
    todos = self.todos()
  File "I:\django\gfvp\evaluation\views.py", line 1464, in todos
    data.append(Paragraph(quotations, self.stylesH6))
  File "I:\django\gfvp\gfvp_env\lib\site-packages\reportlab\platypus\paragraph.py", line 1800, in __init__
    self._setup(text, style, bulletText or getattr(style,'bulletText',None), frags, cleanBlockQuotedText)
  File "I:\django\gfvp\gfvp_env\lib\site-packages\reportlab\platypus\paragraph.py", line 1821, in _setup
    style, frags, bulletTextFrags = _parser.parse(text,style)
  File "I:\django\gfvp\gfvp_env\lib\site-packages\reportlab\platypus\paraparser.py", line 3222, in parse
    annotateException('\nparagraph text %s caused exception' % ascii(text))
  File "I:\django\gfvp\gfvp_env\lib\site-packages\reportlab\lib\utils.py", line 1295, in annotateException
    rl_reraise(t,t(sep.join((_ for _ in (msg,str(v),postMsg) if _))),b)
  File "I:\django\gfvp\gfvp_env\lib\site-packages\reportlab\lib\utils.py", line 167, in rl_reraise
    raise v.with_traceback(b)
  File "I:\django\gfvp\gfvp_env\lib\site-packages\reportlab\platypus\paraparser.py", line 3220, in parse
    self.feed(text)
  File "C:\Program Files\Python39\lib\html\parser.py", line 110, in feed
    self.goahead(0)
  File "C:\Program Files\Python39\lib\html\parser.py", line 170, in goahead
    k = self.parse_starttag(i)
  File "C:\Program Files\Python39\lib\html\parser.py", line 344, in parse_starttag
    self.handle_starttag(tag, attrs)
  File "I:\django\gfvp\gfvp_env\lib\site-packages\reportlab\platypus\paraparser.py", line 3243, in handle_starttag
    start(attrs or {})
  File "I:\django\gfvp\gfvp_env\lib\site-packages\reportlab\platypus\paraparser.py", line 2825, in start_font
    A = self.getAttributes(attr,_spanAttrMap)
  File "I:\django\gfvp\gfvp_env\lib\site-packages\reportlab\platypus\paraparser.py", line 3081, in getAttributes
    v = func(self,v) if isinstance(func,_ExValidate) else func(v)
  File "I:\django\gfvp\gfvp_env\lib\site-packages\reportlab\lib\colors.py", line 882, in __call__
    raise ValueError('Invalid color value %r' % arg)
ValueError: 
paragraph text '<para><font color = green, leftIndent = 18><u><a href="/quotation/053f7f04353648f5b8c3ad230a9b5dfe/10"><b>Quot#</b>10::2000.00</a></u></font> , <font color = green, leftIndent = 18><u><a href="/quotation/9e316b52c2c94d6dab597957c161854e/11"><b>Quot#</b>11::343434.00</a></u></font> , <font color = green, leftIndent = 18><u><a href="/quotation/a3793e2e168a4c0fbbe8f5382b035b78/12"><b>Quot#</b>12::35345.00</a></u></font> , <font color = green, leftIndent = 18><u><a href="/quotation/3f57e241ddb64619b57f5b0bf4de730b/13"><b>Quot#</b>13::34534.00</a></u></font> , <font color = green, leftIndent = 18><u><a href="/quotation/f15acae02be84c45a7e7fcb3ed7a3f1e/14"><b>Quot#</b>14::2000.00</a></u></font> , <font color = green, leftIndent = 18><u><a href="/quotation/fa6dd54dc2e042af8819e23a8cce64d8/15"><b>Quot#</b>15::2000.00</a></u></font> , <font color = green, leftIndent = 18><u><a href="/quotation/39050322f69749e1931171aa6d152ce7/16"><b>Quot#</b>16::444.00</a></u></font> , <font color = green, leftIndent = 18><u><a href="/quotation/e85afcf4c6bf4e2188587d39367abaa3/17"><b>Quot#</b>17::44455.00</a></u></font> , <font color = green, leftIndent = 18><u><a href="/quotation/9e316b52c2c94d6dab597957c161854e/18"><b>Quot#</b>18::22.00</a></u></font> ,</para>' caused exception Invalid color value 'green,'
ERROR 2022-09-26 16:16:00,065 django.server Thread-1 3964 I:\django\gfvp\gfvp_env\lib\site-packages\django\core\servers\basehttp.py 179 log_message 5372 "GET /evaluation/nreport_pdf/9716644a-2a35-4bbb-ab02-9a316167fa87 HTTP/1.1" 500 320384
WARNING 2022-09-26 16:16:02,173 django.request Thread-1 3964 I:\django\gfvp\gfvp_env\lib\site-packages\django\utils\log.py 225 log_response 5372 Not Found: /favicon.ico
WARNING 2022-09-26 16:16:02,174 django.server Thread-1 3964 I:\django\gfvp\gfvp_env\lib\site-packages\django\core\servers\basehttp.py 179 log_message 5372 "GET /favicon.ico HTTP/1.1" 404 19409
WARNING 2022-09-26 16:17:04,532 django.request Thread-1 14520 I:\django\gfvp\gfvp_env\lib\site-packages\django\utils\log.py 225 log_response 9052 Not Found: /favicon.ico
WARNING 2022-09-26 16:17:04,534 django.server Thread-1 14520 I:\django\gfvp\gfvp_env\lib\site-packages\django\core\servers\basehttp.py 179 log_message 9052 "GET /favicon.ico HTTP/1.1" 404 19411
WARNING 2022-09-26 16:19:19,559 django.request Thread-1 13084 I:\django\gfvp\gfvp_env\lib\site-packages\django\utils\log.py 225 log_response 10184 Not Found: /favicon.ico
WARNING 2022-09-26 16:27:30,798 django.request Thread-1 10068 I:\django\gfvp\gfvp_env\lib\site-packages\django\utils\log.py 225 log_response 4340 Not Found: /favicon.ico
WARNING 2022-09-26 18:08:51,278 django.request Thread-1 17296 I:\django\gfvp\gfvp_env\lib\site-packages\django\utils\log.py 225 log_response 14672 Not Found: /favicon.ico
WARNING 2022-09-26 18:12:28,374 django.request Thread-1 9180 I:\django\gfvp\gfvp_env\lib\site-packages\django\utils\log.py 225 log_response 9412 Not Found: /favicon.ico
ERROR 2022-09-26 18:16:49,179 django.request Thread-1 11368 I:\django\gfvp\gfvp_env\lib\site-packages\django\utils\log.py 225 log_response 6508 Internal Server Error: /evaluation/nreport_pdf/9716644a-2a35-4bbb-ab02-9a316167fa87
Traceback (most recent call last):
  File "I:\django\gfvp\gfvp_env\lib\site-packages\django\core\handlers\exception.py", line 47, in inner
    response = get_response(request)
  File "I:\django\gfvp\gfvp_env\lib\site-packages\django\core\handlers\base.py", line 181, in _get_response
    response = wrapped_callback(request, *callback_args, **callback_kwargs)
  File "I:\django\gfvp\gfvp_env\lib\site-packages\django\contrib\auth\decorators.py", line 21, in _wrapped_view
    return view_func(request, *args, **kwargs)
  File "I:\django\gfvp\accounts\decorators.py", line 60, in wrap
    return function(request, *args, **kwargs)
  File "I:\django\gfvp\evaluation\views.py", line 1695, in nreport_pdf
    Story = rpf.wrapped_pdf()
  File "I:\django\gfvp\evaluation\views.py", line 1253, in wrapped_pdf
    Story.extend(self.summary_statement())
  File "I:\django\gfvp\evaluation\views.py", line 1485, in summary_statement
    self.stylesH4.spaceAfter = 0
AttributeError: 'ReportPDFData' object has no attribute 'stylesH4'
ERROR 2022-09-26 18:16:52,301 django.server Thread-1 11368 I:\django\gfvp\gfvp_env\lib\site-packages\django\core\servers\basehttp.py 179 log_message 6508 "GET /evaluation/nreport_pdf/9716644a-2a35-4bbb-ab02-9a316167fa87 HTTP/1.1" 500 129159
WARNING 2022-09-26 18:16:54,341 django.request Thread-2 18148 I:\django\gfvp\gfvp_env\lib\site-packages\django\utils\log.py 225 log_response 6508 Not Found: /favicon.ico
WARNING 2022-09-26 18:16:54,343 django.server Thread-2 18148 I:\django\gfvp\gfvp_env\lib\site-packages\django\core\servers\basehttp.py 179 log_message 6508 "GET /favicon.ico HTTP/1.1" 404 19409
WARNING 2022-09-26 18:18:08,021 django.request Thread-1 7100 I:\django\gfvp\gfvp_env\lib\site-packages\django\utils\log.py 225 log_response 18408 Not Found: /favicon.ico
WARNING 2022-09-26 18:18:08,023 django.server Thread-1 7100 I:\django\gfvp\gfvp_env\lib\site-packages\django\core\servers\basehttp.py 179 log_message 18408 "GET /favicon.ico HTTP/1.1" 404 19411
WARNING 2022-09-26 18:22:01,459 django.request Thread-1 10132 I:\django\gfvp\gfvp_env\lib\site-packages\django\utils\log.py 225 log_response 1240 Not Found: /favicon.ico
WARNING 2022-09-26 18:25:32,664 django.request Thread-1 14236 I:\django\gfvp\gfvp_env\lib\site-packages\django\utils\log.py 225 log_response 12704 Not Found: /favicon.ico
WARNING 2022-09-26 18:26:23,903 django.request Thread-1 18212 I:\django\gfvp\gfvp_env\lib\site-packages\django\utils\log.py 225 log_response 16836 Not Found: /favicon.ico
WARNING 2022-09-26 18:35:45,180 django.request Thread-1 18180 I:\django\gfvp\gfvp_env\lib\site-packages\django\utils\log.py 225 log_response 12580 Not Found: /favicon.ico
WARNING 2022-09-26 18:38:59,894 django.request Thread-1 11200 I:\django\gfvp\gfvp_env\lib\site-packages\django\utils\log.py 225 log_response 840 Not Found: /favicon.ico
WARNING 2022-09-26 18:42:53,856 django.request Thread-1 9884 I:\django\gfvp\gfvp_env\lib\site-packages\django\utils\log.py 225 log_response 13460 Not Found: /favicon.ico
WARNING 2022-09-26 18:45:47,730 django.request Thread-1 13000 I:\django\gfvp\gfvp_env\lib\site-packages\django\utils\log.py 225 log_response 15756 Not Found: /favicon.ico
WARNING 2022-09-26 18:47:52,215 django.request Thread-1 12296 I:\django\gfvp\gfvp_env\lib\site-packages\django\utils\log.py 225 log_response 832 Not Found: /favicon.ico
WARNING 2022-09-26 18:48:42,604 django.request Thread-1 17376 I:\django\gfvp\gfvp_env\lib\site-packages\django\utils\log.py 225 log_response 17160 Not Found: /favicon.ico
WARNING 2022-09-26 18:49:47,508 django.request Thread-1 6120 I:\django\gfvp\gfvp_env\lib\site-packages\django\utils\log.py 225 log_response 17260 Not Found: /favicon.ico
WARNING 2022-09-26 18:50:26,048 django.request Thread-2 12296 I:\django\gfvp\gfvp_env\lib\site-packages\django\utils\log.py 225 log_response 17260 Not Found: /favicon.ico
WARNING 2022-09-26 18:54:05,705 django.request Thread-1 15476 I:\django\gfvp\gfvp_env\lib\site-packages\django\utils\log.py 225 log_response 8324 Not Found: /favicon.ico
WARNING 2022-09-26 18:56:32,495 django.request Thread-1 11492 I:\django\gfvp\gfvp_env\lib\site-packages\django\utils\log.py 225 log_response 14820 Not Found: /favicon.ico
ERROR 2022-09-26 20:22:28,975 django.request Thread-1 14260 I:\django\gfvp\gfvp_env\lib\site-packages\django\utils\log.py 225 log_response 4180 Internal Server Error: /evaluation/nreport_pdf/9716644a-2a35-4bbb-ab02-9a316167fa87
Traceback (most recent call last):
  File "I:\django\gfvp\gfvp_env\lib\site-packages\django\core\handlers\exception.py", line 47, in inner
    response = get_response(request)
  File "I:\django\gfvp\gfvp_env\lib\site-packages\django\core\handlers\base.py", line 181, in _get_response
    response = wrapped_callback(request, *callback_args, **callback_kwargs)
  File "I:\django\gfvp\gfvp_env\lib\site-packages\django\contrib\auth\decorators.py", line 21, in _wrapped_view
    return view_func(request, *args, **kwargs)
  File "I:\django\gfvp\accounts\decorators.py", line 60, in wrap
    return function(request, *args, **kwargs)
  File "I:\django\gfvp\evaluation\views.py", line 1705, in nreport_pdf
    Story = rpf.wrapped_pdf()
  File "I:\django\gfvp\evaluation\views.py", line 1256, in wrapped_pdf
    Story.extend(self.grape_status())
  File "I:\django\gfvp\evaluation\views.py", line 1404, in grape_status
    todos = self.todos()
  File "I:\django\gfvp\evaluation\views.py", line 1468, in todos
    quotations += f'<font color = green><u><a href="{reverse(quotation.get_absolute_url())}"><b>Quot#</b>{quotation.id}::{quotation.price}</a></u></font> , '
  File "I:\django\gfvp\gfvp_env\lib\site-packages\django\urls\base.py", line 86, in reverse
    return resolver._reverse_with_prefix(view, prefix, *args, **kwargs)
  File "I:\django\gfvp\gfvp_env\lib\site-packages\django\urls\resolvers.py", line 729, in _reverse_with_prefix
    raise NoReverseMatch(msg)
django.urls.exceptions.NoReverseMatch: Reverse for '/quotation/053f7f04353648f5b8c3ad230a9b5dfe/10' not found. '/quotation/053f7f04353648f5b8c3ad230a9b5dfe/10' is not a valid view function or pattern name.
ERROR 2022-09-26 20:22:31,438 django.server Thread-1 14260 I:\django\gfvp\gfvp_env\lib\site-packages\django\core\servers\basehttp.py 179 log_message 4180 "GET /evaluation/nreport_pdf/9716644a-2a35-4bbb-ab02-9a316167fa87 HTTP/1.1" 500 154453
WARNING 2022-09-26 20:22:33,196 django.request Thread-2 12912 I:\django\gfvp\gfvp_env\lib\site-packages\django\utils\log.py 225 log_response 4180 Not Found: /favicon.ico
WARNING 2022-09-26 20:22:33,198 django.server Thread-2 12912 I:\django\gfvp\gfvp_env\lib\site-packages\django\core\servers\basehttp.py 179 log_message 4180 "GET /favicon.ico HTTP/1.1" 404 19409
WARNING 2022-09-26 20:24:17,268 django.request Thread-2 724 I:\django\gfvp\gfvp_env\lib\site-packages\django\utils\log.py 225 log_response 17348 Not Found: /favicon.ico
WARNING 2022-09-26 20:24:17,270 django.server Thread-2 724 I:\django\gfvp\gfvp_env\lib\site-packages\django\core\servers\basehttp.py 179 log_message 17348 "GET /favicon.ico HTTP/1.1" 404 19411
WARNING 2022-09-27 14:25:28,007 django.request Thread-7 13880 I:\django\gfvp\gfvp_env\lib\site-packages\django\utils\log.py 225 log_response 8920 Not Found: /favicon.ico
WARNING 2022-09-27 14:25:28,020 django.server Thread-7 13880 I:\django\gfvp\gfvp_env\lib\site-packages\django\core\servers\basehttp.py 179 log_message 8920 "GET /favicon.ico HTTP/1.1" 404 19411
WARNING 2022-09-27 15:18:21,371 django.request Thread-1 12848 I:\django\gfvp\gfvp_env\lib\site-packages\django\utils\log.py 225 log_response 12112 Not Found: /favicon.ico
ERROR 2022-09-27 15:23:02,548 django.request Thread-3 13572 I:\django\gfvp\gfvp_env\lib\site-packages\django\utils\log.py 225 log_response 12112 Internal Server Error: /evaluation/report/9716644a-2a35-4bbb-ab02-9a316167fa87
Traceback (most recent call last):
  File "I:\django\gfvp\gfvp_env\lib\site-packages\django\template\base.py", line 500, in parse
    compile_func = self.tags[command]
KeyError: 'fi'

During handling of the above exception, another exception occurred:

Traceback (most recent call last):
  File "I:\django\gfvp\gfvp_env\lib\site-packages\django\core\handlers\exception.py", line 47, in inner
    response = get_response(request)
  File "I:\django\gfvp\gfvp_env\lib\site-packages\django\core\handlers\base.py", line 181, in _get_response
    response = wrapped_callback(request, *callback_args, **callback_kwargs)
  File "I:\django\gfvp\gfvp_env\lib\site-packages\django\contrib\auth\decorators.py", line 21, in _wrapped_view
    return view_func(request, *args, **kwargs)
  File "I:\django\gfvp\accounts\decorators.py", line 60, in wrap
    return function(request, *args, **kwargs)
  File "I:\django\gfvp\evaluation\views.py", line 988, in report
    result = generate_pdf( 'evaluation/report.html', context = context, file_object=resp)
  File "I:\django\gfvp\gfvp_env\lib\site-packages\django_xhtml2pdf\utils.py", line 88, in generate_pdf
    tmpl = get_template(template_name)
  File "I:\django\gfvp\gfvp_env\lib\site-packages\django\template\loader.py", line 15, in get_template
    return engine.get_template(template_name)
  File "I:\django\gfvp\gfvp_env\lib\site-packages\django\template\backends\django.py", line 34, in get_template
    return Template(self.engine.get_template(template_name), self)
  File "I:\django\gfvp\gfvp_env\lib\site-packages\django\template\engine.py", line 163, in get_template
    template, origin = self.find_template(template_name)
  File "I:\django\gfvp\gfvp_env\lib\site-packages\django\template\engine.py", line 145, in find_template
    template = loader.get_template(name, skip=skip)
  File "I:\django\gfvp\gfvp_env\lib\site-packages\django\template\loaders\base.py", line 29, in get_template
    return Template(
  File "I:\django\gfvp\gfvp_env\lib\site-packages\django\template\base.py", line 155, in __init__
    self.nodelist = self.compile_nodelist()
  File "I:\django\gfvp\gfvp_env\lib\site-packages\django\template\base.py", line 199, in compile_nodelist
    return parser.parse()
  File "I:\django\gfvp\gfvp_env\lib\site-packages\django\template\base.py", line 508, in parse
    raise self.error(token, e)
  File "I:\django\gfvp\gfvp_env\lib\site-packages\django\template\base.py", line 506, in parse
    compiled_result = compile_func(self, token)
  File "I:\django\gfvp\gfvp_env\lib\site-packages\django\template\defaulttags.py", line 810, in do_for
    nodelist_loop = parser.parse(('empty', 'endfor',))
  File "I:\django\gfvp\gfvp_env\lib\site-packages\django\template\base.py", line 508, in parse
    raise self.error(token, e)
  File "I:\django\gfvp\gfvp_env\lib\site-packages\django\template\base.py", line 506, in parse
    compiled_result = compile_func(self, token)
  File "I:\django\gfvp\gfvp_env\lib\site-packages\django\template\defaulttags.py", line 810, in do_for
    nodelist_loop = parser.parse(('empty', 'endfor',))
  File "I:\django\gfvp\gfvp_env\lib\site-packages\django\template\base.py", line 508, in parse
    raise self.error(token, e)
  File "I:\django\gfvp\gfvp_env\lib\site-packages\django\template\base.py", line 506, in parse
    compiled_result = compile_func(self, token)
  File "I:\django\gfvp\gfvp_env\lib\site-packages\django\template\defaulttags.py", line 905, in do_if
    nodelist = parser.parse(('elif', 'else', 'endif'))
  File "I:\django\gfvp\gfvp_env\lib\site-packages\django\template\base.py", line 502, in parse
    self.invalid_block_tag(token, command, parse_until)
  File "I:\django\gfvp\gfvp_env\lib\site-packages\django\template\base.py", line 552, in invalid_block_tag
    raise self.error(
django.template.exceptions.TemplateSyntaxError: Invalid block tag on line 393: 'fi', expected 'elif', 'else' or 'endif'. Did you forget to register or load this tag?
ERROR 2022-09-27 15:23:04,713 django.server Thread-3 13572 I:\django\gfvp\gfvp_env\lib\site-packages\django\core\servers\basehttp.py 179 log_message 12112 "GET /evaluation/report/9716644a-2a35-4bbb-ab02-9a316167fa87 HTTP/1.1" 500 315140
WARNING 2022-09-27 15:23:06,525 django.request Thread-3 13572 I:\django\gfvp\gfvp_env\lib\site-packages\django\utils\log.py 225 log_response 12112 Not Found: /favicon.ico
WARNING 2022-09-27 15:23:06,526 django.server Thread-3 13572 I:\django\gfvp\gfvp_env\lib\site-packages\django\core\servers\basehttp.py 179 log_message 12112 "GET /favicon.ico HTTP/1.1" 404 19409
WARNING 2022-09-27 15:23:25,537 django.request Thread-3 13572 I:\django\gfvp\gfvp_env\lib\site-packages\django\utils\log.py 225 log_response 12112 Not Found: /favicon.ico
WARNING 2022-09-27 15:23:25,539 django.server Thread-3 13572 I:\django\gfvp\gfvp_env\lib\site-packages\django\core\servers\basehttp.py 179 log_message 12112 "GET /favicon.ico HTTP/1.1" 404 19411
WARNING 2022-09-27 15:24:22,527 django.request Thread-3 13572 I:\django\gfvp\gfvp_env\lib\site-packages\django\utils\log.py 225 log_response 12112 Not Found: /favicon.ico
WARNING 2022-09-27 15:33:11,212 django.request Thread-6 9040 I:\django\gfvp\gfvp_env\lib\site-packages\django\utils\log.py 225 log_response 12112 Not Found: /favicon.ico
WARNING 2022-09-27 15:34:10,060 django.request Thread-7 14768 I:\django\gfvp\gfvp_env\lib\site-packages\django\utils\log.py 225 log_response 12112 Not Found: /favicon.ico
WARNING 2022-09-27 15:34:53,149 django.request Thread-8 14156 I:\django\gfvp\gfvp_env\lib\site-packages\django\utils\log.py 225 log_response 12112 Not Found: /favicon.ico
WARNING 2022-09-27 15:36:45,434 django.request Thread-9 4248 I:\django\gfvp\gfvp_env\lib\site-packages\django\utils\log.py 225 log_response 12112 Not Found: /favicon.ico
WARNING 2022-09-27 15:40:13,139 django.request Thread-10 14512 I:\django\gfvp\gfvp_env\lib\site-packages\django\utils\log.py 225 log_response 12112 Not Found: /favicon.ico
WARNING 2022-09-27 15:44:13,850 django.request Thread-11 2956 I:\django\gfvp\gfvp_env\lib\site-packages\django\utils\log.py 225 log_response 12112 Not Found: /favicon.ico
WARNING 2022-09-27 15:44:52,565 django.request Thread-12 6380 I:\django\gfvp\gfvp_env\lib\site-packages\django\utils\log.py 225 log_response 12112 Not Found: /favicon.ico
WARNING 2022-09-27 15:47:07,233 django.request Thread-13 14720 I:\django\gfvp\gfvp_env\lib\site-packages\django\utils\log.py 225 log_response 12112 Not Found: /favicon.ico
WARNING 2022-09-27 16:25:13,859 django.request Thread-1 8516 I:\django\gfvp\gfvp_env\lib\site-packages\django\utils\log.py 225 log_response 13392 Not Found: /favicon.ico
WARNING 2022-09-27 16:28:51,974 django.request Thread-7 2768 I:\django\gfvp\gfvp_env\lib\site-packages\django\utils\log.py 225 log_response 13392 Not Found: /favicon.ico
WARNING 2022-09-27 16:53:33,168 django.request Thread-1 3940 I:\django\gfvp\gfvp_env\lib\site-packages\django\utils\log.py 225 log_response 3816 Not Found: /fashion/works/in-production-house
WARNING 2022-09-27 16:53:33,176 django.server Thread-1 3940 I:\django\gfvp\gfvp_env\lib\site-packages\django\core\servers\basehttp.py 179 log_message 3816 "GET /fashion/works/in-production-house HTTP/1.1" 404 19499
WARNING 2022-09-27 16:54:02,157 django.request Thread-1 3940 I:\django\gfvp\gfvp_env\lib\site-packages\django\utils\log.py 225 log_response 3816 Not Found: /cv/fashion
WARNING 2022-09-27 16:54:02,158 django.server Thread-1 3940 I:\django\gfvp\gfvp_env\lib\site-packages\django\core\servers\basehttp.py 179 log_message 3816 "GET /cv/fashion HTTP/1.1" 404 19405
WARNING 2022-09-27 16:55:47,773 django.request Thread-1 3940 I:\django\gfvp\gfvp_env\lib\site-packages\django\utils\log.py 225 log_response 3816 Not Found: /at/fashion/
WARNING 2022-09-27 16:55:47,775 django.server Thread-1 3940 I:\django\gfvp\gfvp_env\lib\site-packages\django\core\servers\basehttp.py 179 log_message 3816 "GET /at/fashion/ HTTP/1.1" 404 19409
WARNING 2022-09-27 16:56:28,439 django.request Thread-1 3940 I:\django\gfvp\gfvp_env\lib\site-packages\django\utils\log.py 225 log_response 3816 Not Found: /favicon.ico
WARNING 2022-09-27 16:56:28,442 django.server Thread-1 3940 I:\django\gfvp\gfvp_env\lib\site-packages\django\core\servers\basehttp.py 179 log_message 3816 "GET /favicon.ico HTTP/1.1" 404 19409
WARNING 2022-09-27 16:56:30,596 django.request Thread-1 3940 I:\django\gfvp\gfvp_env\lib\site-packages\django\utils\log.py 225 log_response 3816 Not Found: /favicon.ico
WARNING 2022-09-27 16:56:30,599 django.server Thread-1 3940 I:\django\gfvp\gfvp_env\lib\site-packages\django\core\servers\basehttp.py 179 log_message 3816 "GET /favicon.ico HTTP/1.1" 404 19409
WARNING 2022-09-27 16:56:32,262 django.request Thread-4 14272 I:\django\gfvp\gfvp_env\lib\site-packages\django\utils\log.py 225 log_response 3816 Not Found: /favicon.ico
WARNING 2022-09-27 16:56:32,265 django.server Thread-4 14272 I:\django\gfvp\gfvp_env\lib\site-packages\django\core\servers\basehttp.py 179 log_message 3816 "GET /favicon.ico HTTP/1.1" 404 19409
WARNING 2022-09-27 16:56:34,082 django.request Thread-1 3940 I:\django\gfvp\gfvp_env\lib\site-packages\django\utils\log.py 225 log_response 3816 Not Found: /favicon.ico
WARNING 2022-09-27 16:56:34,089 django.server Thread-1 3940 I:\django\gfvp\gfvp_env\lib\site-packages\django\core\servers\basehttp.py 179 log_message 3816 "GET /favicon.ico HTTP/1.1" 404 19409
WARNING 2022-09-27 16:56:35,731 django.request Thread-4 14272 I:\django\gfvp\gfvp_env\lib\site-packages\django\utils\log.py 225 log_response 3816 Not Found: /favicon.ico
WARNING 2022-09-27 16:56:35,732 django.server Thread-4 14272 I:\django\gfvp\gfvp_env\lib\site-packages\django\core\servers\basehttp.py 179 log_message 3816 "GET /favicon.ico HTTP/1.1" 404 19409
WARNING 2022-09-27 19:29:32,080 django.request Thread-25 4540 I:\django\gfvp\gfvp_env\lib\site-packages\django\utils\log.py 225 log_response 3816 Not Found: /fashion/works/in-production-house
WARNING 2022-09-27 19:29:32,082 django.server Thread-25 4540 I:\django\gfvp\gfvp_env\lib\site-packages\django\core\servers\basehttp.py 179 log_message 3816 "GET /fashion/works/in-production-house HTTP/1.1" 404 19497
WARNING 2022-09-27 19:29:54,855 django.request Thread-25 4540 I:\django\gfvp\gfvp_env\lib\site-packages\django\utils\log.py 225 log_response 3816 Not Found: /favicon.ico
WARNING 2022-09-27 19:29:54,857 django.server Thread-25 4540 I:\django\gfvp\gfvp_env\lib\site-packages\django\core\servers\basehttp.py 179 log_message 3816 "GET /favicon.ico HTTP/1.1" 404 19409
WARNING 2022-09-27 19:29:58,871 django.request Thread-26 10844 I:\django\gfvp\gfvp_env\lib\site-packages\django\utils\log.py 225 log_response 3816 Not Found: /favicon.ico
WARNING 2022-09-27 19:29:58,873 django.server Thread-26 10844 I:\django\gfvp\gfvp_env\lib\site-packages\django\core\servers\basehttp.py 179 log_message 3816 "GET /favicon.ico HTTP/1.1" 404 19409
WARNING 2022-09-27 19:30:02,484 django.request Thread-25 4540 I:\django\gfvp\gfvp_env\lib\site-packages\django\utils\log.py 225 log_response 3816 Not Found: /favicon.ico
WARNING 2022-09-27 19:30:02,514 django.server Thread-25 4540 I:\django\gfvp\gfvp_env\lib\site-packages\django\core\servers\basehttp.py 179 log_message 3816 "GET /favicon.ico HTTP/1.1" 404 19409
WARNING 2022-09-27 19:30:05,392 django.request Thread-26 10844 I:\django\gfvp\gfvp_env\lib\site-packages\django\utils\log.py 225 log_response 3816 Not Found: /favicon.ico
WARNING 2022-09-27 19:30:05,396 django.server Thread-26 10844 I:\django\gfvp\gfvp_env\lib\site-packages\django\core\servers\basehttp.py 179 log_message 3816 "GET /favicon.ico HTTP/1.1" 404 19409
WARNING 2022-09-27 19:30:07,300 django.request Thread-25 4540 I:\django\gfvp\gfvp_env\lib\site-packages\django\utils\log.py 225 log_response 3816 Not Found: /favicon.ico
WARNING 2022-09-27 19:30:07,301 django.server Thread-25 4540 I:\django\gfvp\gfvp_env\lib\site-packages\django\core\servers\basehttp.py 179 log_message 3816 "GET /favicon.ico HTTP/1.1" 404 19409
WARNING 2022-09-28 14:33:47,296 django.request Thread-4 7768 I:\django\gfvp\gfvp_env\lib\site-packages\django\utils\log.py 225 log_response 3108 Not Found: /favicon.ico
WARNING 2022-09-28 14:33:47,310 django.server Thread-4 7768 I:\django\gfvp\gfvp_env\lib\site-packages\django\core\servers\basehttp.py 179 log_message 3108 "GET /favicon.ico HTTP/1.1" 404 19411
WARNING 2022-09-28 14:44:25,165 django.request Thread-2 120 I:\django\gfvp\gfvp_env\lib\site-packages\django\utils\log.py 225 log_response 10756 Not Found: /cv/fashion/pdf
WARNING 2022-09-28 14:44:25,171 django.server Thread-2 120 I:\django\gfvp\gfvp_env\lib\site-packages\django\core\servers\basehttp.py 179 log_message 10756 "GET /cv/fashion/pdf?html HTTP/1.1" 404 19431
WARNING 2022-09-28 14:44:26,602 django.request Thread-3 15008 I:\django\gfvp\gfvp_env\lib\site-packages\django\utils\log.py 225 log_response 10756 Not Found: /cv/fashion
WARNING 2022-09-28 14:44:26,604 django.server Thread-3 15008 I:\django\gfvp\gfvp_env\lib\site-packages\django\core\servers\basehttp.py 179 log_message 10756 "GET /cv/fashion HTTP/1.1" 404 19405
WARNING 2022-09-28 14:45:19,891 django.request Thread-1 17912 I:\django\gfvp\gfvp_env\lib\site-packages\django\utils\log.py 225 log_response 17328 Not Found: /favicon.ico
WARNING 2022-09-28 14:45:19,893 django.server Thread-1 17912 I:\django\gfvp\gfvp_env\lib\site-packages\django\core\servers\basehttp.py 179 log_message 17328 "GET /favicon.ico HTTP/1.1" 404 19409
WARNING 2022-09-28 14:45:21,654 django.request Thread-1 17912 I:\django\gfvp\gfvp_env\lib\site-packages\django\utils\log.py 225 log_response 17328 Not Found: /favicon.ico
WARNING 2022-09-28 14:45:21,656 django.server Thread-1 17912 I:\django\gfvp\gfvp_env\lib\site-packages\django\core\servers\basehttp.py 179 log_message 17328 "GET /favicon.ico HTTP/1.1" 404 19409
WARNING 2022-09-28 14:45:23,404 django.request Thread-2 13624 I:\django\gfvp\gfvp_env\lib\site-packages\django\utils\log.py 225 log_response 17328 Not Found: /favicon.ico
WARNING 2022-09-28 14:45:23,405 django.server Thread-2 13624 I:\django\gfvp\gfvp_env\lib\site-packages\django\core\servers\basehttp.py 179 log_message 17328 "GET /favicon.ico HTTP/1.1" 404 19409
ERROR 2022-09-29 18:19:58,213 django.request Thread-1 12512 I:\django\gfvp\gfvp_env\lib\site-packages\django\utils\log.py 225 log_response 10548 Internal Server Error: /admin/evaluation/standaredchart/200/change/
Traceback (most recent call last):
  File "I:\django\gfvp\gfvp_env\lib\site-packages\django\db\models\fields\__init__.py", line 1822, in get_prep_value
    return int(value)
ValueError: invalid literal for int() with base 10: 'self.question'

The above exception was the direct cause of the following exception:

Traceback (most recent call last):
  File "I:\django\gfvp\gfvp_env\lib\site-packages\django\core\handlers\exception.py", line 47, in inner
    response = get_response(request)
  File "I:\django\gfvp\gfvp_env\lib\site-packages\django\core\handlers\base.py", line 181, in _get_response
    response = wrapped_callback(request, *callback_args, **callback_kwargs)
  File "I:\django\gfvp\gfvp_env\lib\site-packages\django\contrib\admin\options.py", line 622, in wrapper
    return self.admin_site.admin_view(view)(*args, **kwargs)
  File "I:\django\gfvp\gfvp_env\lib\site-packages\django\utils\decorators.py", line 130, in _wrapped_view
    response = view_func(request, *args, **kwargs)
  File "I:\django\gfvp\gfvp_env\lib\site-packages\django\views\decorators\cache.py", line 57, in _wrapped_view_func
    response = view_func(request, *args, **kwargs)
  File "I:\django\gfvp\gfvp_env\lib\site-packages\django\contrib\admin\sites.py", line 236, in inner
    return view(request, *args, **kwargs)
  File "I:\django\gfvp\gfvp_env\lib\site-packages\django\contrib\admin\options.py", line 1673, in change_view
    return self.changeform_view(request, object_id, form_url, extra_context)
  File "I:\django\gfvp\gfvp_env\lib\site-packages\django\utils\decorators.py", line 43, in _wrapper
    return bound_method(*args, **kwargs)
  File "I:\django\gfvp\gfvp_env\lib\site-packages\django\utils\decorators.py", line 130, in _wrapped_view
    response = view_func(request, *args, **kwargs)
  File "I:\django\gfvp\gfvp_env\lib\site-packages\django\contrib\admin\options.py", line 1549, in changeform_view
    return self._changeform_view(request, object_id, form_url, extra_context)
  File "I:\django\gfvp\gfvp_env\lib\site-packages\django\contrib\admin\options.py", line 1616, in _changeform_view
    form = ModelForm(instance=obj)
  File "I:\django\gfvp\gfvp_env\lib\site-packages\django\forms\models.py", line 314, in __init__
    apply_limit_choices_to_to_formfield(formfield)
  File "I:\django\gfvp\gfvp_env\lib\site-packages\django\forms\models.py", line 108, in apply_limit_choices_to_to_formfield
    Exists(formfield.queryset.model._base_manager.filter(complex_filter)),
  File "I:\django\gfvp\gfvp_env\lib\site-packages\django\db\models\manager.py", line 85, in manager_method
    return getattr(self.get_queryset(), name)(*args, **kwargs)
  File "I:\django\gfvp\gfvp_env\lib\site-packages\django\db\models\query.py", line 974, in filter
    return self._filter_or_exclude(False, args, kwargs)
  File "I:\django\gfvp\gfvp_env\lib\site-packages\django\db\models\query.py", line 992, in _filter_or_exclude
    clone._filter_or_exclude_inplace(negate, args, kwargs)
  File "I:\django\gfvp\gfvp_env\lib\site-packages\django\db\models\query.py", line 999, in _filter_or_exclude_inplace
    self._query.add_q(Q(*args, **kwargs))
  File "I:\django\gfvp\gfvp_env\lib\site-packages\django\db\models\sql\query.py", line 1375, in add_q
    clause, _ = self._add_q(q_object, self.used_aliases)
  File "I:\django\gfvp\gfvp_env\lib\site-packages\django\db\models\sql\query.py", line 1396, in _add_q
    child_clause, needed_inner = self.build_filter(
  File "I:\django\gfvp\gfvp_env\lib\site-packages\django\db\models\sql\query.py", line 1252, in build_filter
    return self._add_q(
  File "I:\django\gfvp\gfvp_env\lib\site-packages\django\db\models\sql\query.py", line 1396, in _add_q
    child_clause, needed_inner = self.build_filter(
  File "I:\django\gfvp\gfvp_env\lib\site-packages\django\db\models\sql\query.py", line 1329, in build_filter
    condition = self.build_lookup(lookups, col, value)
  File "I:\django\gfvp\gfvp_env\lib\site-packages\django\db\models\sql\query.py", line 1180, in build_lookup
    lookup = lookup_class(lhs, rhs)
  File "I:\django\gfvp\gfvp_env\lib\site-packages\django\db\models\lookups.py", line 22, in __init__
    self.rhs = self.get_prep_lookup()
  File "I:\django\gfvp\gfvp_env\lib\site-packages\django\db\models\fields\related_lookups.py", line 120, in get_prep_lookup
    self.rhs = target_field.get_prep_value(self.rhs)
  File "I:\django\gfvp\gfvp_env\lib\site-packages\django\db\models\fields\__init__.py", line 1824, in get_prep_value
    raise e.__class__(
ValueError: Field 'id' expected a number but got 'self.question'.
ERROR 2022-09-29 18:20:00,410 django.server Thread-1 12512 I:\django\gfvp\gfvp_env\lib\site-packages\django\core\servers\basehttp.py 179 log_message 10548 "GET /admin/evaluation/standaredchart/200/change/ HTTP/1.1" 500 220600
ERROR 2022-09-29 18:29:47,564 django.request Thread-1 18120 I:\django\gfvp\gfvp_env\lib\site-packages\django\utils\log.py 225 log_response 8596 Internal Server Error: /admin/evaluation/standaredchart/200/change/
Traceback (most recent call last):
  File "I:\django\gfvp\gfvp_env\lib\site-packages\django\core\handlers\exception.py", line 47, in inner
    response = get_response(request)
  File "I:\django\gfvp\gfvp_env\lib\site-packages\django\core\handlers\base.py", line 181, in _get_response
    response = wrapped_callback(request, *callback_args, **callback_kwargs)
  File "I:\django\gfvp\gfvp_env\lib\site-packages\django\contrib\admin\options.py", line 622, in wrapper
    return self.admin_site.admin_view(view)(*args, **kwargs)
  File "I:\django\gfvp\gfvp_env\lib\site-packages\django\utils\decorators.py", line 130, in _wrapped_view
    response = view_func(request, *args, **kwargs)
  File "I:\django\gfvp\gfvp_env\lib\site-packages\django\views\decorators\cache.py", line 57, in _wrapped_view_func
    response = view_func(request, *args, **kwargs)
  File "I:\django\gfvp\gfvp_env\lib\site-packages\django\contrib\admin\sites.py", line 236, in inner
    return view(request, *args, **kwargs)
  File "I:\django\gfvp\gfvp_env\lib\site-packages\django\contrib\admin\options.py", line 1673, in change_view
    return self.changeform_view(request, object_id, form_url, extra_context)
  File "I:\django\gfvp\gfvp_env\lib\site-packages\django\utils\decorators.py", line 43, in _wrapper
    return bound_method(*args, **kwargs)
  File "I:\django\gfvp\gfvp_env\lib\site-packages\django\utils\decorators.py", line 130, in _wrapped_view
    response = view_func(request, *args, **kwargs)
  File "I:\django\gfvp\gfvp_env\lib\site-packages\django\contrib\admin\options.py", line 1549, in changeform_view
    return self._changeform_view(request, object_id, form_url, extra_context)
  File "I:\django\gfvp\gfvp_env\lib\site-packages\django\contrib\admin\options.py", line 1582, in _changeform_view
    fieldsets = self.get_fieldsets(request, obj)
  File "I:\django\gfvp\gfvp_env\lib\site-packages\django\contrib\admin\options.py", line 336, in get_fieldsets
    return [(None, {'fields': self.get_fields(request, obj)})]
  File "I:\django\gfvp\gfvp_env\lib\site-packages\django\contrib\admin\options.py", line 327, in get_fields
    form = self._get_form_for_get_fields(request, obj)
  File "I:\django\gfvp\gfvp_env\lib\site-packages\django\contrib\admin\options.py", line 673, in _get_form_for_get_fields
    return self.get_form(request, obj, fields=None)
  File "I:\django\gfvp\gfvp_env\lib\site-packages\django\contrib\admin\options.py", line 716, in get_form
    return modelform_factory(self.model, **defaults)
  File "I:\django\gfvp\gfvp_env\lib\site-packages\django\forms\models.py", line 561, in modelform_factory
    return type(form)(class_name, (form,), form_class_attrs)
  File "I:\django\gfvp\gfvp_env\lib\site-packages\django\forms\models.py", line 259, in __new__
    fields = fields_for_model(
  File "I:\django\gfvp\gfvp_env\lib\site-packages\django\forms\models.py", line 185, in fields_for_model
    formfield = formfield_callback(f, **kwargs)
  File "I:\django\gfvp\gfvp_env\lib\site-packages\django\contrib\admin\options.py", line 154, in formfield_for_dbfield
    formfield = self.formfield_for_foreignkey(db_field, request, **kwargs)
  File "I:\django\gfvp\evaluation\admin.py", line 171, in formfield_for_foreignkey
    kwargs["queryset"] = Option.objects.filter(question=self.question)
AttributeError: 'StandaredChartAdmin' object has no attribute 'question'
ERROR 2022-09-29 18:29:49,525 django.server Thread-1 18120 I:\django\gfvp\gfvp_env\lib\site-packages\django\core\servers\basehttp.py 179 log_message 8596 "GET /admin/evaluation/standaredchart/200/change/ HTTP/1.1" 500 184080
ERROR 2022-09-29 18:38:45,061 django.request Thread-1 9864 I:\django\gfvp\gfvp_env\lib\site-packages\django\utils\log.py 225 log_response 15136 Internal Server Error: /admin/evaluation/standaredchart/200/change/
Traceback (most recent call last):
  File "I:\django\gfvp\gfvp_env\lib\site-packages\django\core\handlers\exception.py", line 47, in inner
    response = get_response(request)
  File "I:\django\gfvp\gfvp_env\lib\site-packages\django\core\handlers\base.py", line 181, in _get_response
    response = wrapped_callback(request, *callback_args, **callback_kwargs)
  File "I:\django\gfvp\gfvp_env\lib\site-packages\django\contrib\admin\options.py", line 622, in wrapper
    return self.admin_site.admin_view(view)(*args, **kwargs)
  File "I:\django\gfvp\gfvp_env\lib\site-packages\django\utils\decorators.py", line 130, in _wrapped_view
    response = view_func(request, *args, **kwargs)
  File "I:\django\gfvp\gfvp_env\lib\site-packages\django\views\decorators\cache.py", line 57, in _wrapped_view_func
    response = view_func(request, *args, **kwargs)
  File "I:\django\gfvp\gfvp_env\lib\site-packages\django\contrib\admin\sites.py", line 236, in inner
    return view(request, *args, **kwargs)
  File "I:\django\gfvp\gfvp_env\lib\site-packages\django\contrib\admin\options.py", line 1673, in change_view
    return self.changeform_view(request, object_id, form_url, extra_context)
  File "I:\django\gfvp\gfvp_env\lib\site-packages\django\utils\decorators.py", line 43, in _wrapper
    return bound_method(*args, **kwargs)
  File "I:\django\gfvp\gfvp_env\lib\site-packages\django\utils\decorators.py", line 130, in _wrapped_view
    response = view_func(request, *args, **kwargs)
  File "I:\django\gfvp\gfvp_env\lib\site-packages\django\contrib\admin\options.py", line 1549, in changeform_view
    return self._changeform_view(request, object_id, form_url, extra_context)
  File "I:\django\gfvp\gfvp_env\lib\site-packages\django\contrib\admin\options.py", line 1582, in _changeform_view
    fieldsets = self.get_fieldsets(request, obj)
  File "I:\django\gfvp\gfvp_env\lib\site-packages\django\contrib\admin\options.py", line 336, in get_fieldsets
    return [(None, {'fields': self.get_fields(request, obj)})]
  File "I:\django\gfvp\gfvp_env\lib\site-packages\django\contrib\admin\options.py", line 327, in get_fields
    form = self._get_form_for_get_fields(request, obj)
  File "I:\django\gfvp\gfvp_env\lib\site-packages\django\contrib\admin\options.py", line 673, in _get_form_for_get_fields
    return self.get_form(request, obj, fields=None)
  File "I:\django\gfvp\gfvp_env\lib\site-packages\django\contrib\admin\options.py", line 716, in get_form
    return modelform_factory(self.model, **defaults)
  File "I:\django\gfvp\gfvp_env\lib\site-packages\django\forms\models.py", line 561, in modelform_factory
    return type(form)(class_name, (form,), form_class_attrs)
  File "I:\django\gfvp\gfvp_env\lib\site-packages\django\forms\models.py", line 259, in __new__
    fields = fields_for_model(
  File "I:\django\gfvp\gfvp_env\lib\site-packages\django\forms\models.py", line 185, in fields_for_model
    formfield = formfield_callback(f, **kwargs)
  File "I:\django\gfvp\gfvp_env\lib\site-packages\django\contrib\admin\options.py", line 154, in formfield_for_dbfield
    formfield = self.formfield_for_foreignkey(db_field, request, **kwargs)
  File "I:\django\gfvp\evaluation\admin.py", line 169, in formfield_for_foreignkey
    print(db_field.value)
AttributeError: 'ForeignKey' object has no attribute 'value'
ERROR 2022-09-29 18:38:47,582 django.server Thread-1 9864 I:\django\gfvp\gfvp_env\lib\site-packages\django\core\servers\basehttp.py 179 log_message 15136 "GET /admin/evaluation/standaredchart/200/change/ HTTP/1.1" 500 183645
ERROR 2022-09-29 18:39:14,097 django.request Thread-1 4760 I:\django\gfvp\gfvp_env\lib\site-packages\django\utils\log.py 225 log_response 11872 Internal Server Error: /admin/evaluation/standaredchart/200/change/
Traceback (most recent call last):
  File "I:\django\gfvp\gfvp_env\lib\site-packages\django\core\handlers\exception.py", line 47, in inner
    response = get_response(request)
  File "I:\django\gfvp\gfvp_env\lib\site-packages\django\core\handlers\base.py", line 181, in _get_response
    response = wrapped_callback(request, *callback_args, **callback_kwargs)
  File "I:\django\gfvp\gfvp_env\lib\site-packages\django\contrib\admin\options.py", line 622, in wrapper
    return self.admin_site.admin_view(view)(*args, **kwargs)
  File "I:\django\gfvp\gfvp_env\lib\site-packages\django\utils\decorators.py", line 130, in _wrapped_view
    response = view_func(request, *args, **kwargs)
  File "I:\django\gfvp\gfvp_env\lib\site-packages\django\views\decorators\cache.py", line 57, in _wrapped_view_func
    response = view_func(request, *args, **kwargs)
  File "I:\django\gfvp\gfvp_env\lib\site-packages\django\contrib\admin\sites.py", line 236, in inner
    return view(request, *args, **kwargs)
  File "I:\django\gfvp\gfvp_env\lib\site-packages\django\contrib\admin\options.py", line 1673, in change_view
    return self.changeform_view(request, object_id, form_url, extra_context)
  File "I:\django\gfvp\gfvp_env\lib\site-packages\django\utils\decorators.py", line 43, in _wrapper
    return bound_method(*args, **kwargs)
  File "I:\django\gfvp\gfvp_env\lib\site-packages\django\utils\decorators.py", line 130, in _wrapped_view
    response = view_func(request, *args, **kwargs)
  File "I:\django\gfvp\gfvp_env\lib\site-packages\django\contrib\admin\options.py", line 1549, in changeform_view
    return self._changeform_view(request, object_id, form_url, extra_context)
  File "I:\django\gfvp\gfvp_env\lib\site-packages\django\contrib\admin\options.py", line 1582, in _changeform_view
    fieldsets = self.get_fieldsets(request, obj)
  File "I:\django\gfvp\gfvp_env\lib\site-packages\django\contrib\admin\options.py", line 336, in get_fieldsets
    return [(None, {'fields': self.get_fields(request, obj)})]
  File "I:\django\gfvp\gfvp_env\lib\site-packages\django\contrib\admin\options.py", line 327, in get_fields
    form = self._get_form_for_get_fields(request, obj)
  File "I:\django\gfvp\gfvp_env\lib\site-packages\django\contrib\admin\options.py", line 673, in _get_form_for_get_fields
    return self.get_form(request, obj, fields=None)
  File "I:\django\gfvp\gfvp_env\lib\site-packages\django\contrib\admin\options.py", line 716, in get_form
    return modelform_factory(self.model, **defaults)
  File "I:\django\gfvp\gfvp_env\lib\site-packages\django\forms\models.py", line 561, in modelform_factory
    return type(form)(class_name, (form,), form_class_attrs)
  File "I:\django\gfvp\gfvp_env\lib\site-packages\django\forms\models.py", line 259, in __new__
    fields = fields_for_model(
  File "I:\django\gfvp\gfvp_env\lib\site-packages\django\forms\models.py", line 185, in fields_for_model
    formfield = formfield_callback(f, **kwargs)
  File "I:\django\gfvp\gfvp_env\lib\site-packages\django\contrib\admin\options.py", line 154, in formfield_for_dbfield
    formfield = self.formfield_for_foreignkey(db_field, request, **kwargs)
  File "I:\django\gfvp\evaluation\admin.py", line 169, in formfield_for_foreignkey
    print(db_field.id)
AttributeError: 'ForeignKey' object has no attribute 'id'
ERROR 2022-09-29 18:39:16,365 django.server Thread-1 4760 I:\django\gfvp\gfvp_env\lib\site-packages\django\core\servers\basehttp.py 179 log_message 11872 "GET /admin/evaluation/standaredchart/200/change/ HTTP/1.1" 500 183627
ERROR 2022-09-29 18:39:53,073 django.request Thread-1 18404 I:\django\gfvp\gfvp_env\lib\site-packages\django\utils\log.py 225 log_response 17472 Internal Server Error: /admin/evaluation/standaredchart/200/change/
Traceback (most recent call last):
  File "I:\django\gfvp\gfvp_env\lib\site-packages\django\core\handlers\exception.py", line 47, in inner
    response = get_response(request)
  File "I:\django\gfvp\gfvp_env\lib\site-packages\django\core\handlers\base.py", line 181, in _get_response
    response = wrapped_callback(request, *callback_args, **callback_kwargs)
  File "I:\django\gfvp\gfvp_env\lib\site-packages\django\contrib\admin\options.py", line 622, in wrapper
    return self.admin_site.admin_view(view)(*args, **kwargs)
  File "I:\django\gfvp\gfvp_env\lib\site-packages\django\utils\decorators.py", line 130, in _wrapped_view
    response = view_func(request, *args, **kwargs)
  File "I:\django\gfvp\gfvp_env\lib\site-packages\django\views\decorators\cache.py", line 57, in _wrapped_view_func
    response = view_func(request, *args, **kwargs)
  File "I:\django\gfvp\gfvp_env\lib\site-packages\django\contrib\admin\sites.py", line 236, in inner
    return view(request, *args, **kwargs)
  File "I:\django\gfvp\gfvp_env\lib\site-packages\django\contrib\admin\options.py", line 1673, in change_view
    return self.changeform_view(request, object_id, form_url, extra_context)
  File "I:\django\gfvp\gfvp_env\lib\site-packages\django\utils\decorators.py", line 43, in _wrapper
    return bound_method(*args, **kwargs)
  File "I:\django\gfvp\gfvp_env\lib\site-packages\django\utils\decorators.py", line 130, in _wrapped_view
    response = view_func(request, *args, **kwargs)
  File "I:\django\gfvp\gfvp_env\lib\site-packages\django\contrib\admin\options.py", line 1549, in changeform_view
    return self._changeform_view(request, object_id, form_url, extra_context)
  File "I:\django\gfvp\gfvp_env\lib\site-packages\django\contrib\admin\options.py", line 1582, in _changeform_view
    fieldsets = self.get_fieldsets(request, obj)
  File "I:\django\gfvp\gfvp_env\lib\site-packages\django\contrib\admin\options.py", line 336, in get_fieldsets
    return [(None, {'fields': self.get_fields(request, obj)})]
  File "I:\django\gfvp\gfvp_env\lib\site-packages\django\contrib\admin\options.py", line 327, in get_fields
    form = self._get_form_for_get_fields(request, obj)
  File "I:\django\gfvp\gfvp_env\lib\site-packages\django\contrib\admin\options.py", line 673, in _get_form_for_get_fields
    return self.get_form(request, obj, fields=None)
  File "I:\django\gfvp\gfvp_env\lib\site-packages\django\contrib\admin\options.py", line 716, in get_form
    return modelform_factory(self.model, **defaults)
  File "I:\django\gfvp\gfvp_env\lib\site-packages\django\forms\models.py", line 561, in modelform_factory
    return type(form)(class_name, (form,), form_class_attrs)
  File "I:\django\gfvp\gfvp_env\lib\site-packages\django\forms\models.py", line 259, in __new__
    fields = fields_for_model(
  File "I:\django\gfvp\gfvp_env\lib\site-packages\django\forms\models.py", line 185, in fields_for_model
    formfield = formfield_callback(f, **kwargs)
  File "I:\django\gfvp\gfvp_env\lib\site-packages\django\contrib\admin\options.py", line 154, in formfield_for_dbfield
    formfield = self.formfield_for_foreignkey(db_field, request, **kwargs)
  File "I:\django\gfvp\evaluation\admin.py", line 169, in formfield_for_foreignkey
    print(db_field.question)
AttributeError: 'ForeignKey' object has no attribute 'question'
ERROR 2022-09-29 18:39:55,550 django.server Thread-1 18404 I:\django\gfvp\gfvp_env\lib\site-packages\django\core\servers\basehttp.py 179 log_message 17472 "GET /admin/evaluation/standaredchart/200/change/ HTTP/1.1" 500 183663
ERROR 2022-09-29 18:40:55,624 django.request Thread-1 13860 I:\django\gfvp\gfvp_env\lib\site-packages\django\utils\log.py 225 log_response 16928 Internal Server Error: /admin/evaluation/standaredchart/200/change/
Traceback (most recent call last):
  File "I:\django\gfvp\gfvp_env\lib\site-packages\django\core\handlers\exception.py", line 47, in inner
    response = get_response(request)
  File "I:\django\gfvp\gfvp_env\lib\site-packages\django\core\handlers\base.py", line 181, in _get_response
    response = wrapped_callback(request, *callback_args, **callback_kwargs)
  File "I:\django\gfvp\gfvp_env\lib\site-packages\django\contrib\admin\options.py", line 622, in wrapper
    return self.admin_site.admin_view(view)(*args, **kwargs)
  File "I:\django\gfvp\gfvp_env\lib\site-packages\django\utils\decorators.py", line 130, in _wrapped_view
    response = view_func(request, *args, **kwargs)
  File "I:\django\gfvp\gfvp_env\lib\site-packages\django\views\decorators\cache.py", line 57, in _wrapped_view_func
    response = view_func(request, *args, **kwargs)
  File "I:\django\gfvp\gfvp_env\lib\site-packages\django\contrib\admin\sites.py", line 236, in inner
    return view(request, *args, **kwargs)
  File "I:\django\gfvp\gfvp_env\lib\site-packages\django\contrib\admin\options.py", line 1673, in change_view
    return self.changeform_view(request, object_id, form_url, extra_context)
  File "I:\django\gfvp\gfvp_env\lib\site-packages\django\utils\decorators.py", line 43, in _wrapper
    return bound_method(*args, **kwargs)
  File "I:\django\gfvp\gfvp_env\lib\site-packages\django\utils\decorators.py", line 130, in _wrapped_view
    response = view_func(request, *args, **kwargs)
  File "I:\django\gfvp\gfvp_env\lib\site-packages\django\contrib\admin\options.py", line 1549, in changeform_view
    return self._changeform_view(request, object_id, form_url, extra_context)
  File "I:\django\gfvp\gfvp_env\lib\site-packages\django\contrib\admin\options.py", line 1582, in _changeform_view
    fieldsets = self.get_fieldsets(request, obj)
  File "I:\django\gfvp\gfvp_env\lib\site-packages\django\contrib\admin\options.py", line 336, in get_fieldsets
    return [(None, {'fields': self.get_fields(request, obj)})]
  File "I:\django\gfvp\gfvp_env\lib\site-packages\django\contrib\admin\options.py", line 327, in get_fields
    form = self._get_form_for_get_fields(request, obj)
  File "I:\django\gfvp\gfvp_env\lib\site-packages\django\contrib\admin\options.py", line 673, in _get_form_for_get_fields
    return self.get_form(request, obj, fields=None)
  File "I:\django\gfvp\gfvp_env\lib\site-packages\django\contrib\admin\options.py", line 716, in get_form
    return modelform_factory(self.model, **defaults)
  File "I:\django\gfvp\gfvp_env\lib\site-packages\django\forms\models.py", line 561, in modelform_factory
    return type(form)(class_name, (form,), form_class_attrs)
  File "I:\django\gfvp\gfvp_env\lib\site-packages\django\forms\models.py", line 259, in __new__
    fields = fields_for_model(
  File "I:\django\gfvp\gfvp_env\lib\site-packages\django\forms\models.py", line 185, in fields_for_model
    formfield = formfield_callback(f, **kwargs)
  File "I:\django\gfvp\gfvp_env\lib\site-packages\django\contrib\admin\options.py", line 154, in formfield_for_dbfield
    formfield = self.formfield_for_foreignkey(db_field, request, **kwargs)
  File "I:\django\gfvp\evaluation\admin.py", line 169, in formfield_for_foreignkey
    print(self.question)
AttributeError: 'StandaredChartAdmin' object has no attribute 'question'
ERROR 2022-09-29 18:40:57,759 django.server Thread-1 13860 I:\django\gfvp\gfvp_env\lib\site-packages\django\core\servers\basehttp.py 179 log_message 16928 "GET /admin/evaluation/standaredchart/200/change/ HTTP/1.1" 500 183691
ERROR 2022-09-29 19:06:20,470 django.request Thread-1 12192 I:\django\gfvp\gfvp_env\lib\site-packages\django\utils\log.py 225 log_response 19336 Internal Server Error: /admin/evaluation/standaredchart/200/change/
Traceback (most recent call last):
  File "I:\django\gfvp\gfvp_env\lib\site-packages\django\core\handlers\exception.py", line 47, in inner
    response = get_response(request)
  File "I:\django\gfvp\gfvp_env\lib\site-packages\django\core\handlers\base.py", line 181, in _get_response
    response = wrapped_callback(request, *callback_args, **callback_kwargs)
  File "I:\django\gfvp\gfvp_env\lib\site-packages\django\contrib\admin\options.py", line 622, in wrapper
    return self.admin_site.admin_view(view)(*args, **kwargs)
  File "I:\django\gfvp\gfvp_env\lib\site-packages\django\utils\decorators.py", line 130, in _wrapped_view
    response = view_func(request, *args, **kwargs)
  File "I:\django\gfvp\gfvp_env\lib\site-packages\django\views\decorators\cache.py", line 57, in _wrapped_view_func
    response = view_func(request, *args, **kwargs)
  File "I:\django\gfvp\gfvp_env\lib\site-packages\django\contrib\admin\sites.py", line 236, in inner
    return view(request, *args, **kwargs)
  File "I:\django\gfvp\gfvp_env\lib\site-packages\django\contrib\admin\options.py", line 1673, in change_view
    return self.changeform_view(request, object_id, form_url, extra_context)
  File "I:\django\gfvp\gfvp_env\lib\site-packages\django\utils\decorators.py", line 43, in _wrapper
    return bound_method(*args, **kwargs)
  File "I:\django\gfvp\gfvp_env\lib\site-packages\django\utils\decorators.py", line 130, in _wrapped_view
    response = view_func(request, *args, **kwargs)
  File "I:\django\gfvp\gfvp_env\lib\site-packages\django\contrib\admin\options.py", line 1549, in changeform_view
    return self._changeform_view(request, object_id, form_url, extra_context)
  File "I:\django\gfvp\gfvp_env\lib\site-packages\django\contrib\admin\options.py", line 1582, in _changeform_view
    fieldsets = self.get_fieldsets(request, obj)
  File "I:\django\gfvp\gfvp_env\lib\site-packages\django\contrib\admin\options.py", line 336, in get_fieldsets
    return [(None, {'fields': self.get_fields(request, obj)})]
  File "I:\django\gfvp\gfvp_env\lib\site-packages\django\contrib\admin\options.py", line 327, in get_fields
    form = self._get_form_for_get_fields(request, obj)
  File "I:\django\gfvp\gfvp_env\lib\site-packages\django\contrib\admin\options.py", line 673, in _get_form_for_get_fields
    return self.get_form(request, obj, fields=None)
  File "I:\django\gfvp\gfvp_env\lib\site-packages\django\contrib\admin\options.py", line 716, in get_form
    return modelform_factory(self.model, **defaults)
  File "I:\django\gfvp\gfvp_env\lib\site-packages\django\forms\models.py", line 561, in modelform_factory
    return type(form)(class_name, (form,), form_class_attrs)
  File "I:\django\gfvp\gfvp_env\lib\site-packages\django\forms\models.py", line 259, in __new__
    fields = fields_for_model(
  File "I:\django\gfvp\gfvp_env\lib\site-packages\django\forms\models.py", line 185, in fields_for_model
    formfield = formfield_callback(f, **kwargs)
  File "I:\django\gfvp\gfvp_env\lib\site-packages\django\contrib\admin\options.py", line 154, in formfield_for_dbfield
    formfield = self.formfield_for_foreignkey(db_field, request, **kwargs)
  File "I:\django\gfvp\evaluation\admin.py", line 169, in formfield_for_foreignkey
    print(request.id)
AttributeError: 'WSGIRequest' object has no attribute 'id'
ERROR 2022-09-29 19:06:22,799 django.server Thread-1 12192 I:\django\gfvp\gfvp_env\lib\site-packages\django\core\servers\basehttp.py 179 log_message 19336 "GET /admin/evaluation/standaredchart/200/change/ HTTP/1.1" 500 183629
ERROR 2022-09-29 19:07:18,007 django.request Thread-1 13916 I:\django\gfvp\gfvp_env\lib\site-packages\django\utils\log.py 225 log_response 8176 Internal Server Error: /admin/evaluation/standaredchart/200/change/
Traceback (most recent call last):
  File "I:\django\gfvp\gfvp_env\lib\site-packages\django\core\handlers\exception.py", line 47, in inner
    response = get_response(request)
  File "I:\django\gfvp\gfvp_env\lib\site-packages\django\core\handlers\base.py", line 181, in _get_response
    response = wrapped_callback(request, *callback_args, **callback_kwargs)
  File "I:\django\gfvp\gfvp_env\lib\site-packages\django\contrib\admin\options.py", line 622, in wrapper
    return self.admin_site.admin_view(view)(*args, **kwargs)
  File "I:\django\gfvp\gfvp_env\lib\site-packages\django\utils\decorators.py", line 130, in _wrapped_view
    response = view_func(request, *args, **kwargs)
  File "I:\django\gfvp\gfvp_env\lib\site-packages\django\views\decorators\cache.py", line 57, in _wrapped_view_func
    response = view_func(request, *args, **kwargs)
  File "I:\django\gfvp\gfvp_env\lib\site-packages\django\contrib\admin\sites.py", line 236, in inner
    return view(request, *args, **kwargs)
  File "I:\django\gfvp\gfvp_env\lib\site-packages\django\contrib\admin\options.py", line 1673, in change_view
    return self.changeform_view(request, object_id, form_url, extra_context)
  File "I:\django\gfvp\gfvp_env\lib\site-packages\django\utils\decorators.py", line 43, in _wrapper
    return bound_method(*args, **kwargs)
  File "I:\django\gfvp\gfvp_env\lib\site-packages\django\utils\decorators.py", line 130, in _wrapped_view
    response = view_func(request, *args, **kwargs)
  File "I:\django\gfvp\gfvp_env\lib\site-packages\django\contrib\admin\options.py", line 1549, in changeform_view
    return self._changeform_view(request, object_id, form_url, extra_context)
  File "I:\django\gfvp\gfvp_env\lib\site-packages\django\contrib\admin\options.py", line 1582, in _changeform_view
    fieldsets = self.get_fieldsets(request, obj)
  File "I:\django\gfvp\gfvp_env\lib\site-packages\django\contrib\admin\options.py", line 336, in get_fieldsets
    return [(None, {'fields': self.get_fields(request, obj)})]
  File "I:\django\gfvp\gfvp_env\lib\site-packages\django\contrib\admin\options.py", line 327, in get_fields
    form = self._get_form_for_get_fields(request, obj)
  File "I:\django\gfvp\gfvp_env\lib\site-packages\django\contrib\admin\options.py", line 673, in _get_form_for_get_fields
    return self.get_form(request, obj, fields=None)
  File "I:\django\gfvp\gfvp_env\lib\site-packages\django\contrib\admin\options.py", line 716, in get_form
    return modelform_factory(self.model, **defaults)
  File "I:\django\gfvp\gfvp_env\lib\site-packages\django\forms\models.py", line 561, in modelform_factory
    return type(form)(class_name, (form,), form_class_attrs)
  File "I:\django\gfvp\gfvp_env\lib\site-packages\django\forms\models.py", line 259, in __new__
    fields = fields_for_model(
  File "I:\django\gfvp\gfvp_env\lib\site-packages\django\forms\models.py", line 185, in fields_for_model
    formfield = formfield_callback(f, **kwargs)
  File "I:\django\gfvp\gfvp_env\lib\site-packages\django\contrib\admin\options.py", line 154, in formfield_for_dbfield
    formfield = self.formfield_for_foreignkey(db_field, request, **kwargs)
  File "I:\django\gfvp\evaluation\admin.py", line 169, in formfield_for_foreignkey
    print(kwargs['id'])
KeyError: 'id'
ERROR 2022-09-29 19:07:20,427 django.server Thread-1 13916 I:\django\gfvp\gfvp_env\lib\site-packages\django\core\servers\basehttp.py 179 log_message 8176 "GET /admin/evaluation/standaredchart/200/change/ HTTP/1.1" 500 183413
ERROR 2022-09-29 19:07:41,703 django.request Thread-1 13916 I:\django\gfvp\gfvp_env\lib\site-packages\django\utils\log.py 225 log_response 8176 Internal Server Error: /admin/evaluation/standaredchart/195/change/
Traceback (most recent call last):
  File "I:\django\gfvp\gfvp_env\lib\site-packages\django\core\handlers\exception.py", line 47, in inner
    response = get_response(request)
  File "I:\django\gfvp\gfvp_env\lib\site-packages\django\core\handlers\base.py", line 181, in _get_response
    response = wrapped_callback(request, *callback_args, **callback_kwargs)
  File "I:\django\gfvp\gfvp_env\lib\site-packages\django\contrib\admin\options.py", line 622, in wrapper
    return self.admin_site.admin_view(view)(*args, **kwargs)
  File "I:\django\gfvp\gfvp_env\lib\site-packages\django\utils\decorators.py", line 130, in _wrapped_view
    response = view_func(request, *args, **kwargs)
  File "I:\django\gfvp\gfvp_env\lib\site-packages\django\views\decorators\cache.py", line 57, in _wrapped_view_func
    response = view_func(request, *args, **kwargs)
  File "I:\django\gfvp\gfvp_env\lib\site-packages\django\contrib\admin\sites.py", line 236, in inner
    return view(request, *args, **kwargs)
  File "I:\django\gfvp\gfvp_env\lib\site-packages\django\contrib\admin\options.py", line 1673, in change_view
    return self.changeform_view(request, object_id, form_url, extra_context)
  File "I:\django\gfvp\gfvp_env\lib\site-packages\django\utils\decorators.py", line 43, in _wrapper
    return bound_method(*args, **kwargs)
  File "I:\django\gfvp\gfvp_env\lib\site-packages\django\utils\decorators.py", line 130, in _wrapped_view
    response = view_func(request, *args, **kwargs)
  File "I:\django\gfvp\gfvp_env\lib\site-packages\django\contrib\admin\options.py", line 1549, in changeform_view
    return self._changeform_view(request, object_id, form_url, extra_context)
  File "I:\django\gfvp\gfvp_env\lib\site-packages\django\contrib\admin\options.py", line 1582, in _changeform_view
    fieldsets = self.get_fieldsets(request, obj)
  File "I:\django\gfvp\gfvp_env\lib\site-packages\django\contrib\admin\options.py", line 336, in get_fieldsets
    return [(None, {'fields': self.get_fields(request, obj)})]
  File "I:\django\gfvp\gfvp_env\lib\site-packages\django\contrib\admin\options.py", line 327, in get_fields
    form = self._get_form_for_get_fields(request, obj)
  File "I:\django\gfvp\gfvp_env\lib\site-packages\django\contrib\admin\options.py", line 673, in _get_form_for_get_fields
    return self.get_form(request, obj, fields=None)
  File "I:\django\gfvp\gfvp_env\lib\site-packages\django\contrib\admin\options.py", line 716, in get_form
    return modelform_factory(self.model, **defaults)
  File "I:\django\gfvp\gfvp_env\lib\site-packages\django\forms\models.py", line 561, in modelform_factory
    return type(form)(class_name, (form,), form_class_attrs)
  File "I:\django\gfvp\gfvp_env\lib\site-packages\django\forms\models.py", line 259, in __new__
    fields = fields_for_model(
  File "I:\django\gfvp\gfvp_env\lib\site-packages\django\forms\models.py", line 185, in fields_for_model
    formfield = formfield_callback(f, **kwargs)
  File "I:\django\gfvp\gfvp_env\lib\site-packages\django\contrib\admin\options.py", line 154, in formfield_for_dbfield
    formfield = self.formfield_for_foreignkey(db_field, request, **kwargs)
  File "I:\django\gfvp\evaluation\admin.py", line 169, in formfield_for_foreignkey
    print(kwargs['id'])
KeyError: 'id'
ERROR 2022-09-29 19:07:53,491 django.server Thread-1 13916 I:\django\gfvp\gfvp_env\lib\site-packages\django\core\servers\basehttp.py 179 log_message 8176 "GET /admin/evaluation/standaredchart/195/change/ HTTP/1.1" 500 183278
ERROR 2022-09-29 19:39:15,046 django.request Thread-1 13272 I:\django\gfvp\gfvp_env\lib\site-packages\django\utils\log.py 225 log_response 18712 Internal Server Error: /admin/evaluation/standaredchart/add/
Traceback (most recent call last):
  File "I:\django\gfvp\gfvp_env\lib\site-packages\django\core\handlers\exception.py", line 47, in inner
    response = get_response(request)
  File "I:\django\gfvp\gfvp_env\lib\site-packages\django\core\handlers\base.py", line 181, in _get_response
    response = wrapped_callback(request, *callback_args, **callback_kwargs)
  File "I:\django\gfvp\gfvp_env\lib\site-packages\django\contrib\admin\options.py", line 622, in wrapper
    return self.admin_site.admin_view(view)(*args, **kwargs)
  File "I:\django\gfvp\gfvp_env\lib\site-packages\django\utils\decorators.py", line 130, in _wrapped_view
    response = view_func(request, *args, **kwargs)
  File "I:\django\gfvp\gfvp_env\lib\site-packages\django\views\decorators\cache.py", line 57, in _wrapped_view_func
    response = view_func(request, *args, **kwargs)
  File "I:\django\gfvp\gfvp_env\lib\site-packages\django\contrib\admin\sites.py", line 236, in inner
    return view(request, *args, **kwargs)
  File "I:\django\gfvp\gfvp_env\lib\site-packages\django\contrib\admin\options.py", line 1670, in add_view
    return self.changeform_view(request, None, form_url, extra_context)
  File "I:\django\gfvp\gfvp_env\lib\site-packages\django\utils\decorators.py", line 43, in _wrapper
    return bound_method(*args, **kwargs)
  File "I:\django\gfvp\gfvp_env\lib\site-packages\django\utils\decorators.py", line 130, in _wrapped_view
    response = view_func(request, *args, **kwargs)
  File "I:\django\gfvp\gfvp_env\lib\site-packages\django\contrib\admin\options.py", line 1549, in changeform_view
    return self._changeform_view(request, object_id, form_url, extra_context)
  File "I:\django\gfvp\gfvp_env\lib\site-packages\django\contrib\admin\options.py", line 1582, in _changeform_view
    fieldsets = self.get_fieldsets(request, obj)
  File "I:\django\gfvp\gfvp_env\lib\site-packages\django\contrib\admin\options.py", line 336, in get_fieldsets
    return [(None, {'fields': self.get_fields(request, obj)})]
  File "I:\django\gfvp\gfvp_env\lib\site-packages\django\contrib\admin\options.py", line 327, in get_fields
    form = self._get_form_for_get_fields(request, obj)
  File "I:\django\gfvp\gfvp_env\lib\site-packages\django\contrib\admin\options.py", line 673, in _get_form_for_get_fields
    return self.get_form(request, obj, fields=None)
  File "I:\django\gfvp\gfvp_env\lib\site-packages\django\contrib\admin\options.py", line 716, in get_form
    return modelform_factory(self.model, **defaults)
  File "I:\django\gfvp\gfvp_env\lib\site-packages\django\forms\models.py", line 561, in modelform_factory
    return type(form)(class_name, (form,), form_class_attrs)
  File "I:\django\gfvp\gfvp_env\lib\site-packages\django\forms\models.py", line 259, in __new__
    fields = fields_for_model(
  File "I:\django\gfvp\gfvp_env\lib\site-packages\django\forms\models.py", line 185, in fields_for_model
    formfield = formfield_callback(f, **kwargs)
  File "I:\django\gfvp\gfvp_env\lib\site-packages\django\contrib\admin\options.py", line 154, in formfield_for_dbfield
    formfield = self.formfield_for_foreignkey(db_field, request, **kwargs)
  File "I:\django\gfvp\evaluation\admin.py", line 171, in formfield_for_foreignkey
    kwargs["queryset"] = Option.objects.filter(question = Question.objects.get(id = obj_id) )
  File "I:\django\gfvp\gfvp_env\lib\site-packages\django\db\models\manager.py", line 85, in manager_method
    return getattr(self.get_queryset(), name)(*args, **kwargs)
  File "I:\django\gfvp\gfvp_env\lib\site-packages\django\db\models\query.py", line 439, in get
    raise self.model.DoesNotExist(
evaluation.models.Question.DoesNotExist: Question matching query does not exist.
ERROR 2022-09-29 19:39:16,834 django.server Thread-1 13272 I:\django\gfvp\gfvp_env\lib\site-packages\django\core\servers\basehttp.py 179 log_message 18712 "GET /admin/evaluation/standaredchart/add/ HTTP/1.1" 500 194179
ERROR 2022-09-29 19:48:04,188 django.request Thread-2 18252 I:\django\gfvp\gfvp_env\lib\site-packages\django\utils\log.py 225 log_response 3084 Internal Server Error: /admin/evaluation/standaredchart/add/
Traceback (most recent call last):
  File "I:\django\gfvp\gfvp_env\lib\site-packages\django\core\handlers\exception.py", line 47, in inner
    response = get_response(request)
  File "I:\django\gfvp\gfvp_env\lib\site-packages\django\core\handlers\base.py", line 181, in _get_response
    response = wrapped_callback(request, *callback_args, **callback_kwargs)
  File "I:\django\gfvp\gfvp_env\lib\site-packages\django\contrib\admin\options.py", line 622, in wrapper
    return self.admin_site.admin_view(view)(*args, **kwargs)
  File "I:\django\gfvp\gfvp_env\lib\site-packages\django\utils\decorators.py", line 130, in _wrapped_view
    response = view_func(request, *args, **kwargs)
  File "I:\django\gfvp\gfvp_env\lib\site-packages\django\views\decorators\cache.py", line 57, in _wrapped_view_func
    response = view_func(request, *args, **kwargs)
  File "I:\django\gfvp\gfvp_env\lib\site-packages\django\contrib\admin\sites.py", line 236, in inner
    return view(request, *args, **kwargs)
  File "I:\django\gfvp\gfvp_env\lib\site-packages\django\contrib\admin\options.py", line 1670, in add_view
    return self.changeform_view(request, None, form_url, extra_context)
  File "I:\django\gfvp\gfvp_env\lib\site-packages\django\utils\decorators.py", line 43, in _wrapper
    return bound_method(*args, **kwargs)
  File "I:\django\gfvp\gfvp_env\lib\site-packages\django\utils\decorators.py", line 130, in _wrapped_view
    response = view_func(request, *args, **kwargs)
  File "I:\django\gfvp\gfvp_env\lib\site-packages\django\contrib\admin\options.py", line 1549, in changeform_view
    return self._changeform_view(request, object_id, form_url, extra_context)
  File "I:\django\gfvp\gfvp_env\lib\site-packages\django\contrib\admin\options.py", line 1582, in _changeform_view
    fieldsets = self.get_fieldsets(request, obj)
  File "I:\django\gfvp\gfvp_env\lib\site-packages\django\contrib\admin\options.py", line 336, in get_fieldsets
    return [(None, {'fields': self.get_fields(request, obj)})]
  File "I:\django\gfvp\evaluation\admin.py", line 172, in get_fields
    if obj.question:
AttributeError: 'NoneType' object has no attribute 'question'
ERROR 2022-09-29 19:48:06,697 django.server Thread-2 18252 I:\django\gfvp\gfvp_env\lib\site-packages\django\core\servers\basehttp.py 179 log_message 3084 "GET /admin/evaluation/standaredchart/add/ HTTP/1.1" 500 143702
ERROR 2022-09-29 19:50:37,011 django.request Thread-1 12812 I:\django\gfvp\gfvp_env\lib\site-packages\django\utils\log.py 225 log_response 6296 Internal Server Error: /admin/evaluation/standaredchart/add/
Traceback (most recent call last):
  File "I:\django\gfvp\gfvp_env\lib\site-packages\django\core\handlers\exception.py", line 47, in inner
    response = get_response(request)
  File "I:\django\gfvp\gfvp_env\lib\site-packages\django\core\handlers\base.py", line 181, in _get_response
    response = wrapped_callback(request, *callback_args, **callback_kwargs)
  File "I:\django\gfvp\gfvp_env\lib\site-packages\django\contrib\admin\options.py", line 622, in wrapper
    return self.admin_site.admin_view(view)(*args, **kwargs)
  File "I:\django\gfvp\gfvp_env\lib\site-packages\django\utils\decorators.py", line 130, in _wrapped_view
    response = view_func(request, *args, **kwargs)
  File "I:\django\gfvp\gfvp_env\lib\site-packages\django\views\decorators\cache.py", line 57, in _wrapped_view_func
    response = view_func(request, *args, **kwargs)
  File "I:\django\gfvp\gfvp_env\lib\site-packages\django\contrib\admin\sites.py", line 236, in inner
    return view(request, *args, **kwargs)
  File "I:\django\gfvp\gfvp_env\lib\site-packages\django\contrib\admin\options.py", line 1670, in add_view
    return self.changeform_view(request, None, form_url, extra_context)
  File "I:\django\gfvp\gfvp_env\lib\site-packages\django\utils\decorators.py", line 43, in _wrapper
    return bound_method(*args, **kwargs)
  File "I:\django\gfvp\gfvp_env\lib\site-packages\django\utils\decorators.py", line 130, in _wrapped_view
    response = view_func(request, *args, **kwargs)
  File "I:\django\gfvp\gfvp_env\lib\site-packages\django\contrib\admin\options.py", line 1549, in changeform_view
    return self._changeform_view(request, object_id, form_url, extra_context)
  File "I:\django\gfvp\gfvp_env\lib\site-packages\django\contrib\admin\options.py", line 1582, in _changeform_view
    fieldsets = self.get_fieldsets(request, obj)
  File "I:\django\gfvp\gfvp_env\lib\site-packages\django\contrib\admin\options.py", line 336, in get_fieldsets
    return [(None, {'fields': self.get_fields(request, obj)})]
  File "I:\django\gfvp\evaluation\admin.py", line 173, in get_fields
    return super().get_fields(self, request, obj=None)
TypeError: get_fields() got multiple values for argument 'obj'
ERROR 2022-09-29 19:50:39,981 django.server Thread-1 12812 I:\django\gfvp\gfvp_env\lib\site-packages\django\core\servers\basehttp.py 179 log_message 6296 "GET /admin/evaluation/standaredchart/add/ HTTP/1.1" 500 143782
ERROR 2022-09-29 19:51:19,458 django.request Thread-1 10232 I:\django\gfvp\gfvp_env\lib\site-packages\django\utils\log.py 225 log_response 17968 Internal Server Error: /admin/evaluation/standaredchart/add/
Traceback (most recent call last):
  File "I:\django\gfvp\gfvp_env\lib\site-packages\django\core\handlers\exception.py", line 47, in inner
    response = get_response(request)
  File "I:\django\gfvp\gfvp_env\lib\site-packages\django\core\handlers\base.py", line 181, in _get_response
    response = wrapped_callback(request, *callback_args, **callback_kwargs)
  File "I:\django\gfvp\gfvp_env\lib\site-packages\django\contrib\admin\options.py", line 622, in wrapper
    return self.admin_site.admin_view(view)(*args, **kwargs)
  File "I:\django\gfvp\gfvp_env\lib\site-packages\django\utils\decorators.py", line 130, in _wrapped_view
    response = view_func(request, *args, **kwargs)
  File "I:\django\gfvp\gfvp_env\lib\site-packages\django\views\decorators\cache.py", line 57, in _wrapped_view_func
    response = view_func(request, *args, **kwargs)
  File "I:\django\gfvp\gfvp_env\lib\site-packages\django\contrib\admin\sites.py", line 236, in inner
    return view(request, *args, **kwargs)
  File "I:\django\gfvp\gfvp_env\lib\site-packages\django\contrib\admin\options.py", line 1670, in add_view
    return self.changeform_view(request, None, form_url, extra_context)
  File "I:\django\gfvp\gfvp_env\lib\site-packages\django\utils\decorators.py", line 43, in _wrapper
    return bound_method(*args, **kwargs)
  File "I:\django\gfvp\gfvp_env\lib\site-packages\django\utils\decorators.py", line 130, in _wrapped_view
    response = view_func(request, *args, **kwargs)
  File "I:\django\gfvp\gfvp_env\lib\site-packages\django\contrib\admin\options.py", line 1549, in changeform_view
    return self._changeform_view(request, object_id, form_url, extra_context)
  File "I:\django\gfvp\gfvp_env\lib\site-packages\django\contrib\admin\options.py", line 1582, in _changeform_view
    fieldsets = self.get_fieldsets(request, obj)
  File "I:\django\gfvp\gfvp_env\lib\site-packages\django\contrib\admin\options.py", line 336, in get_fieldsets
    return [(None, {'fields': self.get_fields(request, obj)})]
  File "I:\django\gfvp\evaluation\admin.py", line 174, in get_fields
    return super().get_fields(self, request, obj=None)
TypeError: get_fields() got multiple values for argument 'obj'
ERROR 2022-09-29 19:51:21,652 django.server Thread-1 10232 I:\django\gfvp\gfvp_env\lib\site-packages\django\core\servers\basehttp.py 179 log_message 17968 "GET /admin/evaluation/standaredchart/add/ HTTP/1.1" 500 143759
ERROR 2022-09-29 19:51:41,962 django.request Thread-1 13336 I:\django\gfvp\gfvp_env\lib\site-packages\django\utils\log.py 225 log_response 4880 Internal Server Error: /admin/evaluation/standaredchart/add/
Traceback (most recent call last):
  File "I:\django\gfvp\gfvp_env\lib\site-packages\django\core\handlers\exception.py", line 47, in inner
    response = get_response(request)
  File "I:\django\gfvp\gfvp_env\lib\site-packages\django\core\handlers\base.py", line 181, in _get_response
    response = wrapped_callback(request, *callback_args, **callback_kwargs)
  File "I:\django\gfvp\gfvp_env\lib\site-packages\django\contrib\admin\options.py", line 622, in wrapper
    return self.admin_site.admin_view(view)(*args, **kwargs)
  File "I:\django\gfvp\gfvp_env\lib\site-packages\django\utils\decorators.py", line 130, in _wrapped_view
    response = view_func(request, *args, **kwargs)
  File "I:\django\gfvp\gfvp_env\lib\site-packages\django\views\decorators\cache.py", line 57, in _wrapped_view_func
    response = view_func(request, *args, **kwargs)
  File "I:\django\gfvp\gfvp_env\lib\site-packages\django\contrib\admin\sites.py", line 236, in inner
    return view(request, *args, **kwargs)
  File "I:\django\gfvp\gfvp_env\lib\site-packages\django\contrib\admin\options.py", line 1670, in add_view
    return self.changeform_view(request, None, form_url, extra_context)
  File "I:\django\gfvp\gfvp_env\lib\site-packages\django\utils\decorators.py", line 43, in _wrapper
    return bound_method(*args, **kwargs)
  File "I:\django\gfvp\gfvp_env\lib\site-packages\django\utils\decorators.py", line 130, in _wrapped_view
    response = view_func(request, *args, **kwargs)
  File "I:\django\gfvp\gfvp_env\lib\site-packages\django\contrib\admin\options.py", line 1549, in changeform_view
    return self._changeform_view(request, object_id, form_url, extra_context)
  File "I:\django\gfvp\gfvp_env\lib\site-packages\django\contrib\admin\options.py", line 1582, in _changeform_view
    fieldsets = self.get_fieldsets(request, obj)
  File "I:\django\gfvp\gfvp_env\lib\site-packages\django\contrib\admin\options.py", line 336, in get_fieldsets
    return [(None, {'fields': self.get_fields(request, obj)})]
  File "I:\django\gfvp\evaluation\admin.py", line 174, in get_fields
    return super().get_fields(self, request, obj=None)
TypeError: get_fields() got multiple values for argument 'obj'
ERROR 2022-09-29 19:51:44,051 django.server Thread-1 13336 I:\django\gfvp\gfvp_env\lib\site-packages\django\core\servers\basehttp.py 179 log_message 4880 "GET /admin/evaluation/standaredchart/add/ HTTP/1.1" 500 143771
ERROR 2022-09-29 19:52:04,222 django.request Thread-1 9380 I:\django\gfvp\gfvp_env\lib\site-packages\django\utils\log.py 225 log_response 13944 Internal Server Error: /admin/evaluation/standaredchart/add/
Traceback (most recent call last):
  File "I:\django\gfvp\gfvp_env\lib\site-packages\django\core\handlers\exception.py", line 47, in inner
    response = get_response(request)
  File "I:\django\gfvp\gfvp_env\lib\site-packages\django\core\handlers\base.py", line 181, in _get_response
    response = wrapped_callback(request, *callback_args, **callback_kwargs)
  File "I:\django\gfvp\gfvp_env\lib\site-packages\django\contrib\admin\options.py", line 622, in wrapper
    return self.admin_site.admin_view(view)(*args, **kwargs)
  File "I:\django\gfvp\gfvp_env\lib\site-packages\django\utils\decorators.py", line 130, in _wrapped_view
    response = view_func(request, *args, **kwargs)
  File "I:\django\gfvp\gfvp_env\lib\site-packages\django\views\decorators\cache.py", line 57, in _wrapped_view_func
    response = view_func(request, *args, **kwargs)
  File "I:\django\gfvp\gfvp_env\lib\site-packages\django\contrib\admin\sites.py", line 236, in inner
    return view(request, *args, **kwargs)
  File "I:\django\gfvp\gfvp_env\lib\site-packages\django\contrib\admin\options.py", line 1670, in add_view
    return self.changeform_view(request, None, form_url, extra_context)
  File "I:\django\gfvp\gfvp_env\lib\site-packages\django\utils\decorators.py", line 43, in _wrapper
    return bound_method(*args, **kwargs)
  File "I:\django\gfvp\gfvp_env\lib\site-packages\django\utils\decorators.py", line 130, in _wrapped_view
    response = view_func(request, *args, **kwargs)
  File "I:\django\gfvp\gfvp_env\lib\site-packages\django\contrib\admin\options.py", line 1549, in changeform_view
    return self._changeform_view(request, object_id, form_url, extra_context)
  File "I:\django\gfvp\gfvp_env\lib\site-packages\django\contrib\admin\options.py", line 1582, in _changeform_view
    fieldsets = self.get_fieldsets(request, obj)
  File "I:\django\gfvp\gfvp_env\lib\site-packages\django\contrib\admin\options.py", line 336, in get_fieldsets
    return [(None, {'fields': self.get_fields(request, obj)})]
  File "I:\django\gfvp\evaluation\admin.py", line 172, in get_fields
    return super().get_fields(self, request, obj=None)
TypeError: get_fields() got multiple values for argument 'obj'
ERROR 2022-09-29 19:52:06,512 django.server Thread-1 9380 I:\django\gfvp\gfvp_env\lib\site-packages\django\core\servers\basehttp.py 179 log_message 13944 "GET /admin/evaluation/standaredchart/add/ HTTP/1.1" 500 143819
ERROR 2022-09-29 19:52:40,169 django.request Thread-2 15920 I:\django\gfvp\gfvp_env\lib\site-packages\django\utils\log.py 225 log_response 18316 Internal Server Error: /admin/evaluation/standaredchart/add/
Traceback (most recent call last):
  File "I:\django\gfvp\gfvp_env\lib\site-packages\django\core\handlers\exception.py", line 47, in inner
    response = get_response(request)
  File "I:\django\gfvp\gfvp_env\lib\site-packages\django\core\handlers\base.py", line 181, in _get_response
    response = wrapped_callback(request, *callback_args, **callback_kwargs)
  File "I:\django\gfvp\gfvp_env\lib\site-packages\django\contrib\admin\options.py", line 622, in wrapper
    return self.admin_site.admin_view(view)(*args, **kwargs)
  File "I:\django\gfvp\gfvp_env\lib\site-packages\django\utils\decorators.py", line 130, in _wrapped_view
    response = view_func(request, *args, **kwargs)
  File "I:\django\gfvp\gfvp_env\lib\site-packages\django\views\decorators\cache.py", line 57, in _wrapped_view_func
    response = view_func(request, *args, **kwargs)
  File "I:\django\gfvp\gfvp_env\lib\site-packages\django\contrib\admin\sites.py", line 236, in inner
    return view(request, *args, **kwargs)
  File "I:\django\gfvp\gfvp_env\lib\site-packages\django\contrib\admin\options.py", line 1670, in add_view
    return self.changeform_view(request, None, form_url, extra_context)
  File "I:\django\gfvp\gfvp_env\lib\site-packages\django\utils\decorators.py", line 43, in _wrapper
    return bound_method(*args, **kwargs)
  File "I:\django\gfvp\gfvp_env\lib\site-packages\django\utils\decorators.py", line 130, in _wrapped_view
    response = view_func(request, *args, **kwargs)
  File "I:\django\gfvp\gfvp_env\lib\site-packages\django\contrib\admin\options.py", line 1549, in changeform_view
    return self._changeform_view(request, object_id, form_url, extra_context)
  File "I:\django\gfvp\gfvp_env\lib\site-packages\django\contrib\admin\options.py", line 1582, in _changeform_view
    fieldsets = self.get_fieldsets(request, obj)
  File "I:\django\gfvp\gfvp_env\lib\site-packages\django\contrib\admin\options.py", line 336, in get_fieldsets
    return [(None, {'fields': self.get_fields(request, obj)})]
  File "I:\django\gfvp\evaluation\admin.py", line 169, in get_fields
    context = super().get_fields(self, request, obj=None)
TypeError: get_fields() got multiple values for argument 'obj'
ERROR 2022-09-29 19:52:42,667 django.server Thread-2 15920 I:\django\gfvp\gfvp_env\lib\site-packages\django\core\servers\basehttp.py 179 log_message 18316 "GET /admin/evaluation/standaredchart/add/ HTTP/1.1" 500 143698
ERROR 2022-09-29 19:53:03,521 django.request Thread-1 5028 I:\django\gfvp\gfvp_env\lib\site-packages\django\utils\log.py 225 log_response 16812 Internal Server Error: /admin/evaluation/standaredchart/add/
Traceback (most recent call last):
  File "I:\django\gfvp\gfvp_env\lib\site-packages\django\core\handlers\exception.py", line 47, in inner
    response = get_response(request)
  File "I:\django\gfvp\gfvp_env\lib\site-packages\django\core\handlers\base.py", line 181, in _get_response
    response = wrapped_callback(request, *callback_args, **callback_kwargs)
  File "I:\django\gfvp\gfvp_env\lib\site-packages\django\contrib\admin\options.py", line 622, in wrapper
    return self.admin_site.admin_view(view)(*args, **kwargs)
  File "I:\django\gfvp\gfvp_env\lib\site-packages\django\utils\decorators.py", line 130, in _wrapped_view
    response = view_func(request, *args, **kwargs)
  File "I:\django\gfvp\gfvp_env\lib\site-packages\django\views\decorators\cache.py", line 57, in _wrapped_view_func
    response = view_func(request, *args, **kwargs)
  File "I:\django\gfvp\gfvp_env\lib\site-packages\django\contrib\admin\sites.py", line 236, in inner
    return view(request, *args, **kwargs)
  File "I:\django\gfvp\gfvp_env\lib\site-packages\django\contrib\admin\options.py", line 1670, in add_view
    return self.changeform_view(request, None, form_url, extra_context)
  File "I:\django\gfvp\gfvp_env\lib\site-packages\django\utils\decorators.py", line 43, in _wrapper
    return bound_method(*args, **kwargs)
  File "I:\django\gfvp\gfvp_env\lib\site-packages\django\utils\decorators.py", line 130, in _wrapped_view
    response = view_func(request, *args, **kwargs)
  File "I:\django\gfvp\gfvp_env\lib\site-packages\django\contrib\admin\options.py", line 1549, in changeform_view
    return self._changeform_view(request, object_id, form_url, extra_context)
  File "I:\django\gfvp\gfvp_env\lib\site-packages\django\contrib\admin\options.py", line 1582, in _changeform_view
    fieldsets = self.get_fieldsets(request, obj)
  File "I:\django\gfvp\gfvp_env\lib\site-packages\django\contrib\admin\options.py", line 336, in get_fieldsets
    return [(None, {'fields': self.get_fields(request, obj)})]
  File "I:\django\gfvp\evaluation\admin.py", line 169, in get_fields
    context = super().get_fields(self, request, obj)
TypeError: get_fields() takes from 2 to 3 positional arguments but 4 were given
ERROR 2022-09-29 19:53:05,909 django.server Thread-1 5028 I:\django\gfvp\gfvp_env\lib\site-packages\django\core\servers\basehttp.py 179 log_message 16812 "GET /admin/evaluation/standaredchart/add/ HTTP/1.1" 500 143716
ERROR 2022-09-29 19:54:54,311 django.request Thread-1 13476 I:\django\gfvp\gfvp_env\lib\site-packages\django\utils\log.py 225 log_response 17468 Internal Server Error: /admin/evaluation/standaredchart/add/
Traceback (most recent call last):
  File "I:\django\gfvp\gfvp_env\lib\site-packages\django\core\handlers\exception.py", line 47, in inner
    response = get_response(request)
  File "I:\django\gfvp\gfvp_env\lib\site-packages\django\core\handlers\base.py", line 181, in _get_response
    response = wrapped_callback(request, *callback_args, **callback_kwargs)
  File "I:\django\gfvp\gfvp_env\lib\site-packages\django\contrib\admin\options.py", line 622, in wrapper
    return self.admin_site.admin_view(view)(*args, **kwargs)
  File "I:\django\gfvp\gfvp_env\lib\site-packages\django\utils\decorators.py", line 130, in _wrapped_view
    response = view_func(request, *args, **kwargs)
  File "I:\django\gfvp\gfvp_env\lib\site-packages\django\views\decorators\cache.py", line 57, in _wrapped_view_func
    response = view_func(request, *args, **kwargs)
  File "I:\django\gfvp\gfvp_env\lib\site-packages\django\contrib\admin\sites.py", line 236, in inner
    return view(request, *args, **kwargs)
  File "I:\django\gfvp\gfvp_env\lib\site-packages\django\contrib\admin\options.py", line 1670, in add_view
    return self.changeform_view(request, None, form_url, extra_context)
  File "I:\django\gfvp\gfvp_env\lib\site-packages\django\utils\decorators.py", line 43, in _wrapper
    return bound_method(*args, **kwargs)
  File "I:\django\gfvp\gfvp_env\lib\site-packages\django\utils\decorators.py", line 130, in _wrapped_view
    response = view_func(request, *args, **kwargs)
  File "I:\django\gfvp\gfvp_env\lib\site-packages\django\contrib\admin\options.py", line 1549, in changeform_view
    return self._changeform_view(request, object_id, form_url, extra_context)
  File "I:\django\gfvp\gfvp_env\lib\site-packages\django\contrib\admin\options.py", line 1582, in _changeform_view
    fieldsets = self.get_fieldsets(request, obj)
  File "I:\django\gfvp\gfvp_env\lib\site-packages\django\contrib\admin\options.py", line 336, in get_fieldsets
    return [(None, {'fields': self.get_fields(request, obj)})]
  File "I:\django\gfvp\evaluation\admin.py", line 169, in get_fields
    context = super().get_fields(self, request, obj=None)
TypeError: get_fields() got multiple values for argument 'obj'
ERROR 2022-09-29 19:54:56,533 django.server Thread-1 13476 I:\django\gfvp\gfvp_env\lib\site-packages\django\core\servers\basehttp.py 179 log_message 17468 "GET /admin/evaluation/standaredchart/add/ HTTP/1.1" 500 143676
ERROR 2022-09-29 19:56:21,594 django.request Thread-1 16788 I:\django\gfvp\gfvp_env\lib\site-packages\django\utils\log.py 225 log_response 12732 Internal Server Error: /admin/evaluation/standaredchart/add/
Traceback (most recent call last):
  File "I:\django\gfvp\gfvp_env\lib\site-packages\django\core\handlers\exception.py", line 47, in inner
    response = get_response(request)
  File "I:\django\gfvp\gfvp_env\lib\site-packages\django\core\handlers\base.py", line 181, in _get_response
    response = wrapped_callback(request, *callback_args, **callback_kwargs)
  File "I:\django\gfvp\gfvp_env\lib\site-packages\django\contrib\admin\options.py", line 622, in wrapper
    return self.admin_site.admin_view(view)(*args, **kwargs)
  File "I:\django\gfvp\gfvp_env\lib\site-packages\django\utils\decorators.py", line 130, in _wrapped_view
    response = view_func(request, *args, **kwargs)
  File "I:\django\gfvp\gfvp_env\lib\site-packages\django\views\decorators\cache.py", line 57, in _wrapped_view_func
    response = view_func(request, *args, **kwargs)
  File "I:\django\gfvp\gfvp_env\lib\site-packages\django\contrib\admin\sites.py", line 236, in inner
    return view(request, *args, **kwargs)
  File "I:\django\gfvp\gfvp_env\lib\site-packages\django\contrib\admin\options.py", line 1670, in add_view
    return self.changeform_view(request, None, form_url, extra_context)
  File "I:\django\gfvp\gfvp_env\lib\site-packages\django\utils\decorators.py", line 43, in _wrapper
    return bound_method(*args, **kwargs)
  File "I:\django\gfvp\gfvp_env\lib\site-packages\django\utils\decorators.py", line 130, in _wrapped_view
    response = view_func(request, *args, **kwargs)
  File "I:\django\gfvp\gfvp_env\lib\site-packages\django\contrib\admin\options.py", line 1549, in changeform_view
    return self._changeform_view(request, object_id, form_url, extra_context)
  File "I:\django\gfvp\gfvp_env\lib\site-packages\django\contrib\admin\options.py", line 1582, in _changeform_view
    fieldsets = self.get_fieldsets(request, obj)
  File "I:\django\gfvp\gfvp_env\lib\site-packages\django\contrib\admin\options.py", line 336, in get_fieldsets
    return [(None, {'fields': self.get_fields(request, obj)})]
  File "I:\django\gfvp\evaluation\admin.py", line 169, in get_fields
    context = super().get_fields(self, request, obj)
TypeError: get_fields() takes from 2 to 3 positional arguments but 4 were given
ERROR 2022-09-29 19:56:24,442 django.server Thread-1 16788 I:\django\gfvp\gfvp_env\lib\site-packages\django\core\servers\basehttp.py 179 log_message 12732 "GET /admin/evaluation/standaredchart/add/ HTTP/1.1" 500 143694
ERROR 2022-09-29 20:07:05,231 django.request Thread-1 7188 I:\django\gfvp\gfvp_env\lib\site-packages\django\utils\log.py 225 log_response 17580 Internal Server Error: /admin/evaluation/standaredchart/201/change/
Traceback (most recent call last):
  File "I:\django\gfvp\gfvp_env\lib\site-packages\django\core\handlers\exception.py", line 47, in inner
    response = get_response(request)
  File "I:\django\gfvp\gfvp_env\lib\site-packages\django\core\handlers\base.py", line 181, in _get_response
    response = wrapped_callback(request, *callback_args, **callback_kwargs)
  File "I:\django\gfvp\gfvp_env\lib\site-packages\django\contrib\admin\options.py", line 622, in wrapper
    return self.admin_site.admin_view(view)(*args, **kwargs)
  File "I:\django\gfvp\gfvp_env\lib\site-packages\django\utils\decorators.py", line 130, in _wrapped_view
    response = view_func(request, *args, **kwargs)
  File "I:\django\gfvp\gfvp_env\lib\site-packages\django\views\decorators\cache.py", line 57, in _wrapped_view_func
    response = view_func(request, *args, **kwargs)
  File "I:\django\gfvp\gfvp_env\lib\site-packages\django\contrib\admin\sites.py", line 236, in inner
    return view(request, *args, **kwargs)
  File "I:\django\gfvp\gfvp_env\lib\site-packages\django\contrib\admin\options.py", line 1673, in change_view
    return self.changeform_view(request, object_id, form_url, extra_context)
  File "I:\django\gfvp\gfvp_env\lib\site-packages\django\utils\decorators.py", line 43, in _wrapper
    return bound_method(*args, **kwargs)
  File "I:\django\gfvp\gfvp_env\lib\site-packages\django\utils\decorators.py", line 130, in _wrapped_view
    response = view_func(request, *args, **kwargs)
  File "I:\django\gfvp\gfvp_env\lib\site-packages\django\contrib\admin\options.py", line 1549, in changeform_view
    return self._changeform_view(request, object_id, form_url, extra_context)
  File "I:\django\gfvp\gfvp_env\lib\site-packages\django\contrib\admin\options.py", line 1582, in _changeform_view
    fieldsets = self.get_fieldsets(request, obj)
  File "I:\django\gfvp\gfvp_env\lib\site-packages\django\contrib\admin\options.py", line 336, in get_fieldsets
    return [(None, {'fields': self.get_fields(request, obj)})]
  File "I:\django\gfvp\evaluation\admin.py", line 171, in get_fields
    context = super().get_fields(request, obj)
  File "I:\django\gfvp\gfvp_env\lib\site-packages\django\contrib\admin\options.py", line 327, in get_fields
    form = self._get_form_for_get_fields(request, obj)
  File "I:\django\gfvp\gfvp_env\lib\site-packages\django\contrib\admin\options.py", line 673, in _get_form_for_get_fields
    return self.get_form(request, obj, fields=None)
  File "I:\django\gfvp\gfvp_env\lib\site-packages\django\contrib\admin\options.py", line 716, in get_form
    return modelform_factory(self.model, **defaults)
  File "I:\django\gfvp\gfvp_env\lib\site-packages\django\forms\models.py", line 561, in modelform_factory
    return type(form)(class_name, (form,), form_class_attrs)
  File "I:\django\gfvp\gfvp_env\lib\site-packages\django\forms\models.py", line 259, in __new__
    fields = fields_for_model(
  File "I:\django\gfvp\gfvp_env\lib\site-packages\django\forms\models.py", line 185, in fields_for_model
    formfield = formfield_callback(f, **kwargs)
  File "I:\django\gfvp\gfvp_env\lib\site-packages\django\contrib\admin\options.py", line 154, in formfield_for_dbfield
    formfield = self.formfield_for_foreignkey(db_field, request, **kwargs)
  File "I:\django\gfvp\evaluation\admin.py", line 179, in formfield_for_foreignkey
    kwargs["queryset"] = Option.objects.filter(question = Question.objects.get(id = obj_id) )
  File "I:\django\gfvp\gfvp_env\lib\site-packages\django\db\models\manager.py", line 85, in manager_method
    return getattr(self.get_queryset(), name)(*args, **kwargs)
  File "I:\django\gfvp\gfvp_env\lib\site-packages\django\db\models\query.py", line 439, in get
    raise self.model.DoesNotExist(
evaluation.models.Question.DoesNotExist: Question matching query does not exist.
ERROR 2022-09-29 20:07:07,102 django.server Thread-1 7188 I:\django\gfvp\gfvp_env\lib\site-packages\django\core\servers\basehttp.py 179 log_message 17580 "GET /admin/evaluation/standaredchart/201/change/ HTTP/1.1" 500 200126
ERROR 2022-09-29 20:10:31,500 django.request Thread-2 15676 I:\django\gfvp\gfvp_env\lib\site-packages\django\utils\log.py 225 log_response 18296 Internal Server Error: /admin/evaluation/standaredchart/201/change/
Traceback (most recent call last):
  File "I:\django\gfvp\gfvp_env\lib\site-packages\django\core\handlers\exception.py", line 47, in inner
    response = get_response(request)
  File "I:\django\gfvp\gfvp_env\lib\site-packages\django\core\handlers\base.py", line 181, in _get_response
    response = wrapped_callback(request, *callback_args, **callback_kwargs)
  File "I:\django\gfvp\gfvp_env\lib\site-packages\django\contrib\admin\options.py", line 622, in wrapper
    return self.admin_site.admin_view(view)(*args, **kwargs)
  File "I:\django\gfvp\gfvp_env\lib\site-packages\django\utils\decorators.py", line 130, in _wrapped_view
    response = view_func(request, *args, **kwargs)
  File "I:\django\gfvp\gfvp_env\lib\site-packages\django\views\decorators\cache.py", line 57, in _wrapped_view_func
    response = view_func(request, *args, **kwargs)
  File "I:\django\gfvp\gfvp_env\lib\site-packages\django\contrib\admin\sites.py", line 236, in inner
    return view(request, *args, **kwargs)
  File "I:\django\gfvp\gfvp_env\lib\site-packages\django\contrib\admin\options.py", line 1673, in change_view
    return self.changeform_view(request, object_id, form_url, extra_context)
  File "I:\django\gfvp\gfvp_env\lib\site-packages\django\utils\decorators.py", line 43, in _wrapper
    return bound_method(*args, **kwargs)
  File "I:\django\gfvp\gfvp_env\lib\site-packages\django\utils\decorators.py", line 130, in _wrapped_view
    response = view_func(request, *args, **kwargs)
  File "I:\django\gfvp\gfvp_env\lib\site-packages\django\contrib\admin\options.py", line 1549, in changeform_view
    return self._changeform_view(request, object_id, form_url, extra_context)
  File "I:\django\gfvp\gfvp_env\lib\site-packages\django\contrib\admin\options.py", line 1582, in _changeform_view
    fieldsets = self.get_fieldsets(request, obj)
  File "I:\django\gfvp\gfvp_env\lib\site-packages\django\contrib\admin\options.py", line 336, in get_fieldsets
    return [(None, {'fields': self.get_fields(request, obj)})]
  File "I:\django\gfvp\evaluation\admin.py", line 171, in get_fields
    context = super().get_fields(request, obj)
  File "I:\django\gfvp\gfvp_env\lib\site-packages\django\contrib\admin\options.py", line 327, in get_fields
    form = self._get_form_for_get_fields(request, obj)
  File "I:\django\gfvp\gfvp_env\lib\site-packages\django\contrib\admin\options.py", line 673, in _get_form_for_get_fields
    return self.get_form(request, obj, fields=None)
  File "I:\django\gfvp\gfvp_env\lib\site-packages\django\contrib\admin\options.py", line 716, in get_form
    return modelform_factory(self.model, **defaults)
  File "I:\django\gfvp\gfvp_env\lib\site-packages\django\forms\models.py", line 561, in modelform_factory
    return type(form)(class_name, (form,), form_class_attrs)
  File "I:\django\gfvp\gfvp_env\lib\site-packages\django\forms\models.py", line 259, in __new__
    fields = fields_for_model(
  File "I:\django\gfvp\gfvp_env\lib\site-packages\django\forms\models.py", line 185, in fields_for_model
    formfield = formfield_callback(f, **kwargs)
  File "I:\django\gfvp\gfvp_env\lib\site-packages\django\contrib\admin\options.py", line 154, in formfield_for_dbfield
    formfield = self.formfield_for_foreignkey(db_field, request, **kwargs)
  File "I:\django\gfvp\evaluation\admin.py", line 179, in formfield_for_foreignkey
    kwargs["queryset"] = Option.objects.filter(question = Question.objects.get(id = obj_id) )
  File "I:\django\gfvp\gfvp_env\lib\site-packages\django\db\models\manager.py", line 85, in manager_method
    return getattr(self.get_queryset(), name)(*args, **kwargs)
  File "I:\django\gfvp\gfvp_env\lib\site-packages\django\db\models\query.py", line 439, in get
    raise self.model.DoesNotExist(
evaluation.models.Question.DoesNotExist: Question matching query does not exist.
ERROR 2022-09-29 20:10:33,370 django.server Thread-2 15676 I:\django\gfvp\gfvp_env\lib\site-packages\django\core\servers\basehttp.py 179 log_message 18296 "GET /admin/evaluation/standaredchart/201/change/ HTTP/1.1" 500 199299
ERROR 2022-09-29 20:11:58,878 django.request Thread-1 13124 I:\django\gfvp\gfvp_env\lib\site-packages\django\utils\log.py 225 log_response 10156 Internal Server Error: /admin/evaluation/standaredchart/201/change/
Traceback (most recent call last):
  File "I:\django\gfvp\gfvp_env\lib\site-packages\django\core\handlers\exception.py", line 47, in inner
    response = get_response(request)
  File "I:\django\gfvp\gfvp_env\lib\site-packages\django\core\handlers\base.py", line 181, in _get_response
    response = wrapped_callback(request, *callback_args, **callback_kwargs)
  File "I:\django\gfvp\gfvp_env\lib\site-packages\django\contrib\admin\options.py", line 622, in wrapper
    return self.admin_site.admin_view(view)(*args, **kwargs)
  File "I:\django\gfvp\gfvp_env\lib\site-packages\django\utils\decorators.py", line 130, in _wrapped_view
    response = view_func(request, *args, **kwargs)
  File "I:\django\gfvp\gfvp_env\lib\site-packages\django\views\decorators\cache.py", line 57, in _wrapped_view_func
    response = view_func(request, *args, **kwargs)
  File "I:\django\gfvp\gfvp_env\lib\site-packages\django\contrib\admin\sites.py", line 236, in inner
    return view(request, *args, **kwargs)
  File "I:\django\gfvp\gfvp_env\lib\site-packages\django\contrib\admin\options.py", line 1673, in change_view
    return self.changeform_view(request, object_id, form_url, extra_context)
  File "I:\django\gfvp\gfvp_env\lib\site-packages\django\utils\decorators.py", line 43, in _wrapper
    return bound_method(*args, **kwargs)
  File "I:\django\gfvp\gfvp_env\lib\site-packages\django\utils\decorators.py", line 130, in _wrapped_view
    response = view_func(request, *args, **kwargs)
  File "I:\django\gfvp\gfvp_env\lib\site-packages\django\contrib\admin\options.py", line 1549, in changeform_view
    return self._changeform_view(request, object_id, form_url, extra_context)
  File "I:\django\gfvp\gfvp_env\lib\site-packages\django\contrib\admin\options.py", line 1582, in _changeform_view
    fieldsets = self.get_fieldsets(request, obj)
  File "I:\django\gfvp\gfvp_env\lib\site-packages\django\contrib\admin\options.py", line 336, in get_fieldsets
    return [(None, {'fields': self.get_fields(request, obj)})]
  File "I:\django\gfvp\evaluation\admin.py", line 172, in get_fields
    context = super().get_fields(request, obj)
  File "I:\django\gfvp\gfvp_env\lib\site-packages\django\contrib\admin\options.py", line 327, in get_fields
    form = self._get_form_for_get_fields(request, obj)
  File "I:\django\gfvp\gfvp_env\lib\site-packages\django\contrib\admin\options.py", line 673, in _get_form_for_get_fields
    return self.get_form(request, obj, fields=None)
  File "I:\django\gfvp\gfvp_env\lib\site-packages\django\contrib\admin\options.py", line 716, in get_form
    return modelform_factory(self.model, **defaults)
  File "I:\django\gfvp\gfvp_env\lib\site-packages\django\forms\models.py", line 561, in modelform_factory
    return type(form)(class_name, (form,), form_class_attrs)
  File "I:\django\gfvp\gfvp_env\lib\site-packages\django\forms\models.py", line 259, in __new__
    fields = fields_for_model(
  File "I:\django\gfvp\gfvp_env\lib\site-packages\django\forms\models.py", line 185, in fields_for_model
    formfield = formfield_callback(f, **kwargs)
  File "I:\django\gfvp\gfvp_env\lib\site-packages\django\contrib\admin\options.py", line 154, in formfield_for_dbfield
    formfield = self.formfield_for_foreignkey(db_field, request, **kwargs)
  File "I:\django\gfvp\evaluation\admin.py", line 180, in formfield_for_foreignkey
    kwargs["queryset"] = Option.objects.filter(question = Question.objects.get(id = obj_id) )
  File "I:\django\gfvp\gfvp_env\lib\site-packages\django\db\models\manager.py", line 85, in manager_method
    return getattr(self.get_queryset(), name)(*args, **kwargs)
  File "I:\django\gfvp\gfvp_env\lib\site-packages\django\db\models\query.py", line 439, in get
    raise self.model.DoesNotExist(
evaluation.models.Question.DoesNotExist: Question matching query does not exist.
ERROR 2022-09-29 20:12:01,673 django.server Thread-1 13124 I:\django\gfvp\gfvp_env\lib\site-packages\django\core\servers\basehttp.py 179 log_message 10156 "GET /admin/evaluation/standaredchart/201/change/ HTTP/1.1" 500 199347
ERROR 2022-09-29 20:14:04,654 django.request Thread-1 12984 I:\django\gfvp\gfvp_env\lib\site-packages\django\utils\log.py 225 log_response 8224 Internal Server Error: /admin/evaluation/standaredchart/200/change/
Traceback (most recent call last):
  File "I:\django\gfvp\gfvp_env\lib\site-packages\django\core\handlers\exception.py", line 47, in inner
    response = get_response(request)
  File "I:\django\gfvp\gfvp_env\lib\site-packages\django\core\handlers\base.py", line 181, in _get_response
    response = wrapped_callback(request, *callback_args, **callback_kwargs)
  File "I:\django\gfvp\gfvp_env\lib\site-packages\django\contrib\admin\options.py", line 622, in wrapper
    return self.admin_site.admin_view(view)(*args, **kwargs)
  File "I:\django\gfvp\gfvp_env\lib\site-packages\django\utils\decorators.py", line 130, in _wrapped_view
    response = view_func(request, *args, **kwargs)
  File "I:\django\gfvp\gfvp_env\lib\site-packages\django\views\decorators\cache.py", line 57, in _wrapped_view_func
    response = view_func(request, *args, **kwargs)
  File "I:\django\gfvp\gfvp_env\lib\site-packages\django\contrib\admin\sites.py", line 236, in inner
    return view(request, *args, **kwargs)
  File "I:\django\gfvp\gfvp_env\lib\site-packages\django\contrib\admin\options.py", line 1673, in change_view
    return self.changeform_view(request, object_id, form_url, extra_context)
  File "I:\django\gfvp\gfvp_env\lib\site-packages\django\utils\decorators.py", line 43, in _wrapper
    return bound_method(*args, **kwargs)
  File "I:\django\gfvp\gfvp_env\lib\site-packages\django\utils\decorators.py", line 130, in _wrapped_view
    response = view_func(request, *args, **kwargs)
  File "I:\django\gfvp\gfvp_env\lib\site-packages\django\contrib\admin\options.py", line 1549, in changeform_view
    return self._changeform_view(request, object_id, form_url, extra_context)
  File "I:\django\gfvp\gfvp_env\lib\site-packages\django\contrib\admin\options.py", line 1582, in _changeform_view
    fieldsets = self.get_fieldsets(request, obj)
  File "I:\django\gfvp\gfvp_env\lib\site-packages\django\contrib\admin\options.py", line 336, in get_fieldsets
    return [(None, {'fields': self.get_fields(request, obj)})]
  File "I:\django\gfvp\evaluation\admin.py", line 172, in get_fields
    context = super().get_fields(request, obj)
  File "I:\django\gfvp\gfvp_env\lib\site-packages\django\contrib\admin\options.py", line 327, in get_fields
    form = self._get_form_for_get_fields(request, obj)
  File "I:\django\gfvp\gfvp_env\lib\site-packages\django\contrib\admin\options.py", line 673, in _get_form_for_get_fields
    return self.get_form(request, obj, fields=None)
  File "I:\django\gfvp\gfvp_env\lib\site-packages\django\contrib\admin\options.py", line 716, in get_form
    return modelform_factory(self.model, **defaults)
  File "I:\django\gfvp\gfvp_env\lib\site-packages\django\forms\models.py", line 561, in modelform_factory
    return type(form)(class_name, (form,), form_class_attrs)
  File "I:\django\gfvp\gfvp_env\lib\site-packages\django\forms\models.py", line 259, in __new__
    fields = fields_for_model(
  File "I:\django\gfvp\gfvp_env\lib\site-packages\django\forms\models.py", line 185, in fields_for_model
    formfield = formfield_callback(f, **kwargs)
  File "I:\django\gfvp\gfvp_env\lib\site-packages\django\contrib\admin\options.py", line 154, in formfield_for_dbfield
    formfield = self.formfield_for_foreignkey(db_field, request, **kwargs)
  File "I:\django\gfvp\evaluation\admin.py", line 180, in formfield_for_foreignkey
    kwargs["queryset"] = Option.objects.filter(question = Question.objects.get(id = obj_id) )
  File "I:\django\gfvp\gfvp_env\lib\site-packages\django\db\models\manager.py", line 85, in manager_method
    return getattr(self.get_queryset(), name)(*args, **kwargs)
  File "I:\django\gfvp\gfvp_env\lib\site-packages\django\db\models\query.py", line 439, in get
    raise self.model.DoesNotExist(
evaluation.models.Question.DoesNotExist: Question matching query does not exist.
ERROR 2022-09-29 20:14:06,802 django.server Thread-1 12984 I:\django\gfvp\gfvp_env\lib\site-packages\django\core\servers\basehttp.py 179 log_message 8224 "GET /admin/evaluation/standaredchart/200/change/ HTTP/1.1" 500 199231
ERROR 2022-09-29 20:16:11,062 django.request Thread-1 18272 I:\django\gfvp\gfvp_env\lib\site-packages\django\utils\log.py 225 log_response 17260 Internal Server Error: /admin/evaluation/standaredchart/200/change/
Traceback (most recent call last):
  File "I:\django\gfvp\gfvp_env\lib\site-packages\django\core\handlers\exception.py", line 47, in inner
    response = get_response(request)
  File "I:\django\gfvp\gfvp_env\lib\site-packages\django\core\handlers\base.py", line 181, in _get_response
    response = wrapped_callback(request, *callback_args, **callback_kwargs)
  File "I:\django\gfvp\gfvp_env\lib\site-packages\django\contrib\admin\options.py", line 622, in wrapper
    return self.admin_site.admin_view(view)(*args, **kwargs)
  File "I:\django\gfvp\gfvp_env\lib\site-packages\django\utils\decorators.py", line 130, in _wrapped_view
    response = view_func(request, *args, **kwargs)
  File "I:\django\gfvp\gfvp_env\lib\site-packages\django\views\decorators\cache.py", line 57, in _wrapped_view_func
    response = view_func(request, *args, **kwargs)
  File "I:\django\gfvp\gfvp_env\lib\site-packages\django\contrib\admin\sites.py", line 236, in inner
    return view(request, *args, **kwargs)
  File "I:\django\gfvp\gfvp_env\lib\site-packages\django\contrib\admin\options.py", line 1673, in change_view
    return self.changeform_view(request, object_id, form_url, extra_context)
  File "I:\django\gfvp\gfvp_env\lib\site-packages\django\utils\decorators.py", line 43, in _wrapper
    return bound_method(*args, **kwargs)
  File "I:\django\gfvp\gfvp_env\lib\site-packages\django\utils\decorators.py", line 130, in _wrapped_view
    response = view_func(request, *args, **kwargs)
  File "I:\django\gfvp\gfvp_env\lib\site-packages\django\contrib\admin\options.py", line 1549, in changeform_view
    return self._changeform_view(request, object_id, form_url, extra_context)
  File "I:\django\gfvp\gfvp_env\lib\site-packages\django\contrib\admin\options.py", line 1582, in _changeform_view
    fieldsets = self.get_fieldsets(request, obj)
  File "I:\django\gfvp\gfvp_env\lib\site-packages\django\contrib\admin\options.py", line 336, in get_fieldsets
    return [(None, {'fields': self.get_fields(request, obj)})]
  File "I:\django\gfvp\gfvp_env\lib\site-packages\django\contrib\admin\options.py", line 327, in get_fields
    form = self._get_form_for_get_fields(request, obj)
  File "I:\django\gfvp\gfvp_env\lib\site-packages\django\contrib\admin\options.py", line 673, in _get_form_for_get_fields
    return self.get_form(request, obj, fields=None)
  File "I:\django\gfvp\gfvp_env\lib\site-packages\django\contrib\admin\options.py", line 716, in get_form
    return modelform_factory(self.model, **defaults)
  File "I:\django\gfvp\gfvp_env\lib\site-packages\django\forms\models.py", line 561, in modelform_factory
    return type(form)(class_name, (form,), form_class_attrs)
  File "I:\django\gfvp\gfvp_env\lib\site-packages\django\forms\models.py", line 259, in __new__
    fields = fields_for_model(
  File "I:\django\gfvp\gfvp_env\lib\site-packages\django\forms\models.py", line 185, in fields_for_model
    formfield = formfield_callback(f, **kwargs)
  File "I:\django\gfvp\gfvp_env\lib\site-packages\django\contrib\admin\options.py", line 154, in formfield_for_dbfield
    formfield = self.formfield_for_foreignkey(db_field, request, **kwargs)
  File "I:\django\gfvp\evaluation\admin.py", line 180, in formfield_for_foreignkey
    kwargs["queryset"] = Option.objects.filter(question = Question.objects.get(id = obj_id) )
  File "I:\django\gfvp\gfvp_env\lib\site-packages\django\db\models\manager.py", line 85, in manager_method
    return getattr(self.get_queryset(), name)(*args, **kwargs)
  File "I:\django\gfvp\gfvp_env\lib\site-packages\django\db\models\query.py", line 439, in get
    raise self.model.DoesNotExist(
evaluation.models.Question.DoesNotExist: Question matching query does not exist.
ERROR 2022-09-29 20:16:13,585 django.server Thread-1 18272 I:\django\gfvp\gfvp_env\lib\site-packages\django\core\servers\basehttp.py 179 log_message 17260 "GET /admin/evaluation/standaredchart/200/change/ HTTP/1.1" 500 195105
ERROR 2022-09-29 20:16:50,263 django.request Thread-1 18272 I:\django\gfvp\gfvp_env\lib\site-packages\django\utils\log.py 225 log_response 17260 Internal Server Error: /admin/evaluation/standaredchart/200/change/
Traceback (most recent call last):
  File "I:\django\gfvp\gfvp_env\lib\site-packages\django\core\handlers\exception.py", line 47, in inner
    response = get_response(request)
  File "I:\django\gfvp\gfvp_env\lib\site-packages\django\core\handlers\base.py", line 181, in _get_response
    response = wrapped_callback(request, *callback_args, **callback_kwargs)
  File "I:\django\gfvp\gfvp_env\lib\site-packages\django\contrib\admin\options.py", line 622, in wrapper
    return self.admin_site.admin_view(view)(*args, **kwargs)
  File "I:\django\gfvp\gfvp_env\lib\site-packages\django\utils\decorators.py", line 130, in _wrapped_view
    response = view_func(request, *args, **kwargs)
  File "I:\django\gfvp\gfvp_env\lib\site-packages\django\views\decorators\cache.py", line 57, in _wrapped_view_func
    response = view_func(request, *args, **kwargs)
  File "I:\django\gfvp\gfvp_env\lib\site-packages\django\contrib\admin\sites.py", line 236, in inner
    return view(request, *args, **kwargs)
  File "I:\django\gfvp\gfvp_env\lib\site-packages\django\contrib\admin\options.py", line 1673, in change_view
    return self.changeform_view(request, object_id, form_url, extra_context)
  File "I:\django\gfvp\gfvp_env\lib\site-packages\django\utils\decorators.py", line 43, in _wrapper
    return bound_method(*args, **kwargs)
  File "I:\django\gfvp\gfvp_env\lib\site-packages\django\utils\decorators.py", line 130, in _wrapped_view
    response = view_func(request, *args, **kwargs)
  File "I:\django\gfvp\gfvp_env\lib\site-packages\django\contrib\admin\options.py", line 1549, in changeform_view
    return self._changeform_view(request, object_id, form_url, extra_context)
  File "I:\django\gfvp\gfvp_env\lib\site-packages\django\contrib\admin\options.py", line 1582, in _changeform_view
    fieldsets = self.get_fieldsets(request, obj)
  File "I:\django\gfvp\gfvp_env\lib\site-packages\django\contrib\admin\options.py", line 336, in get_fieldsets
    return [(None, {'fields': self.get_fields(request, obj)})]
  File "I:\django\gfvp\gfvp_env\lib\site-packages\django\contrib\admin\options.py", line 327, in get_fields
    form = self._get_form_for_get_fields(request, obj)
  File "I:\django\gfvp\gfvp_env\lib\site-packages\django\contrib\admin\options.py", line 673, in _get_form_for_get_fields
    return self.get_form(request, obj, fields=None)
  File "I:\django\gfvp\gfvp_env\lib\site-packages\django\contrib\admin\options.py", line 716, in get_form
    return modelform_factory(self.model, **defaults)
  File "I:\django\gfvp\gfvp_env\lib\site-packages\django\forms\models.py", line 561, in modelform_factory
    return type(form)(class_name, (form,), form_class_attrs)
  File "I:\django\gfvp\gfvp_env\lib\site-packages\django\forms\models.py", line 259, in __new__
    fields = fields_for_model(
  File "I:\django\gfvp\gfvp_env\lib\site-packages\django\forms\models.py", line 185, in fields_for_model
    formfield = formfield_callback(f, **kwargs)
  File "I:\django\gfvp\gfvp_env\lib\site-packages\django\contrib\admin\options.py", line 154, in formfield_for_dbfield
    formfield = self.formfield_for_foreignkey(db_field, request, **kwargs)
  File "I:\django\gfvp\evaluation\admin.py", line 180, in formfield_for_foreignkey
    kwargs["queryset"] = Option.objects.filter(question = Question.objects.get(id = obj_id) )
  File "I:\django\gfvp\gfvp_env\lib\site-packages\django\db\models\manager.py", line 85, in manager_method
    return getattr(self.get_queryset(), name)(*args, **kwargs)
  File "I:\django\gfvp\gfvp_env\lib\site-packages\django\db\models\query.py", line 439, in get
    raise self.model.DoesNotExist(
evaluation.models.Question.DoesNotExist: Question matching query does not exist.
ERROR 2022-09-29 20:16:52,578 django.server Thread-1 18272 I:\django\gfvp\gfvp_env\lib\site-packages\django\core\servers\basehttp.py 179 log_message 17260 "GET /admin/evaluation/standaredchart/200/change/ HTTP/1.1" 500 194968
ERROR 2022-09-29 20:17:45,120 django.request Thread-1 18272 I:\django\gfvp\gfvp_env\lib\site-packages\django\utils\log.py 225 log_response 17260 Internal Server Error: /admin/evaluation/standaredchart/200/change/
Traceback (most recent call last):
  File "I:\django\gfvp\gfvp_env\lib\site-packages\django\core\handlers\exception.py", line 47, in inner
    response = get_response(request)
  File "I:\django\gfvp\gfvp_env\lib\site-packages\django\core\handlers\base.py", line 181, in _get_response
    response = wrapped_callback(request, *callback_args, **callback_kwargs)
  File "I:\django\gfvp\gfvp_env\lib\site-packages\django\contrib\admin\options.py", line 622, in wrapper
    return self.admin_site.admin_view(view)(*args, **kwargs)
  File "I:\django\gfvp\gfvp_env\lib\site-packages\django\utils\decorators.py", line 130, in _wrapped_view
    response = view_func(request, *args, **kwargs)
  File "I:\django\gfvp\gfvp_env\lib\site-packages\django\views\decorators\cache.py", line 57, in _wrapped_view_func
    response = view_func(request, *args, **kwargs)
  File "I:\django\gfvp\gfvp_env\lib\site-packages\django\contrib\admin\sites.py", line 236, in inner
    return view(request, *args, **kwargs)
  File "I:\django\gfvp\gfvp_env\lib\site-packages\django\contrib\admin\options.py", line 1673, in change_view
    return self.changeform_view(request, object_id, form_url, extra_context)
  File "I:\django\gfvp\gfvp_env\lib\site-packages\django\utils\decorators.py", line 43, in _wrapper
    return bound_method(*args, **kwargs)
  File "I:\django\gfvp\gfvp_env\lib\site-packages\django\utils\decorators.py", line 130, in _wrapped_view
    response = view_func(request, *args, **kwargs)
  File "I:\django\gfvp\gfvp_env\lib\site-packages\django\contrib\admin\options.py", line 1549, in changeform_view
    return self._changeform_view(request, object_id, form_url, extra_context)
  File "I:\django\gfvp\gfvp_env\lib\site-packages\django\contrib\admin\options.py", line 1582, in _changeform_view
    fieldsets = self.get_fieldsets(request, obj)
  File "I:\django\gfvp\gfvp_env\lib\site-packages\django\contrib\admin\options.py", line 336, in get_fieldsets
    return [(None, {'fields': self.get_fields(request, obj)})]
  File "I:\django\gfvp\gfvp_env\lib\site-packages\django\contrib\admin\options.py", line 327, in get_fields
    form = self._get_form_for_get_fields(request, obj)
  File "I:\django\gfvp\gfvp_env\lib\site-packages\django\contrib\admin\options.py", line 673, in _get_form_for_get_fields
    return self.get_form(request, obj, fields=None)
  File "I:\django\gfvp\gfvp_env\lib\site-packages\django\contrib\admin\options.py", line 716, in get_form
    return modelform_factory(self.model, **defaults)
  File "I:\django\gfvp\gfvp_env\lib\site-packages\django\forms\models.py", line 561, in modelform_factory
    return type(form)(class_name, (form,), form_class_attrs)
  File "I:\django\gfvp\gfvp_env\lib\site-packages\django\forms\models.py", line 259, in __new__
    fields = fields_for_model(
  File "I:\django\gfvp\gfvp_env\lib\site-packages\django\forms\models.py", line 185, in fields_for_model
    formfield = formfield_callback(f, **kwargs)
  File "I:\django\gfvp\gfvp_env\lib\site-packages\django\contrib\admin\options.py", line 154, in formfield_for_dbfield
    formfield = self.formfield_for_foreignkey(db_field, request, **kwargs)
  File "I:\django\gfvp\evaluation\admin.py", line 180, in formfield_for_foreignkey
    kwargs["queryset"] = Option.objects.filter(question = Question.objects.get(id = obj_id) )
  File "I:\django\gfvp\gfvp_env\lib\site-packages\django\db\models\manager.py", line 85, in manager_method
    return getattr(self.get_queryset(), name)(*args, **kwargs)
  File "I:\django\gfvp\gfvp_env\lib\site-packages\django\db\models\query.py", line 439, in get
    raise self.model.DoesNotExist(
evaluation.models.Question.DoesNotExist: Question matching query does not exist.
ERROR 2022-09-29 20:17:47,066 django.server Thread-1 18272 I:\django\gfvp\gfvp_env\lib\site-packages\django\core\servers\basehttp.py 179 log_message 17260 "GET /admin/evaluation/standaredchart/200/change/ HTTP/1.1" 500 194968
ERROR 2022-09-29 20:19:54,350 django.request Thread-1 18272 I:\django\gfvp\gfvp_env\lib\site-packages\django\utils\log.py 225 log_response 17260 Internal Server Error: /admin/evaluation/standaredchart/add/
Traceback (most recent call last):
  File "I:\django\gfvp\gfvp_env\lib\site-packages\django\core\handlers\exception.py", line 47, in inner
    response = get_response(request)
  File "I:\django\gfvp\gfvp_env\lib\site-packages\django\core\handlers\base.py", line 181, in _get_response
    response = wrapped_callback(request, *callback_args, **callback_kwargs)
  File "I:\django\gfvp\gfvp_env\lib\site-packages\django\contrib\admin\options.py", line 622, in wrapper
    return self.admin_site.admin_view(view)(*args, **kwargs)
  File "I:\django\gfvp\gfvp_env\lib\site-packages\django\utils\decorators.py", line 130, in _wrapped_view
    response = view_func(request, *args, **kwargs)
  File "I:\django\gfvp\gfvp_env\lib\site-packages\django\views\decorators\cache.py", line 57, in _wrapped_view_func
    response = view_func(request, *args, **kwargs)
  File "I:\django\gfvp\gfvp_env\lib\site-packages\django\contrib\admin\sites.py", line 236, in inner
    return view(request, *args, **kwargs)
  File "I:\django\gfvp\gfvp_env\lib\site-packages\django\contrib\admin\options.py", line 1670, in add_view
    return self.changeform_view(request, None, form_url, extra_context)
  File "I:\django\gfvp\gfvp_env\lib\site-packages\django\utils\decorators.py", line 43, in _wrapper
    return bound_method(*args, **kwargs)
  File "I:\django\gfvp\gfvp_env\lib\site-packages\django\utils\decorators.py", line 130, in _wrapped_view
    response = view_func(request, *args, **kwargs)
  File "I:\django\gfvp\gfvp_env\lib\site-packages\django\contrib\admin\options.py", line 1549, in changeform_view
    return self._changeform_view(request, object_id, form_url, extra_context)
  File "I:\django\gfvp\gfvp_env\lib\site-packages\django\contrib\admin\options.py", line 1582, in _changeform_view
    fieldsets = self.get_fieldsets(request, obj)
  File "I:\django\gfvp\gfvp_env\lib\site-packages\django\contrib\admin\options.py", line 336, in get_fieldsets
    return [(None, {'fields': self.get_fields(request, obj)})]
  File "I:\django\gfvp\gfvp_env\lib\site-packages\django\contrib\admin\options.py", line 327, in get_fields
    form = self._get_form_for_get_fields(request, obj)
  File "I:\django\gfvp\gfvp_env\lib\site-packages\django\contrib\admin\options.py", line 673, in _get_form_for_get_fields
    return self.get_form(request, obj, fields=None)
  File "I:\django\gfvp\gfvp_env\lib\site-packages\django\contrib\admin\options.py", line 716, in get_form
    return modelform_factory(self.model, **defaults)
  File "I:\django\gfvp\gfvp_env\lib\site-packages\django\forms\models.py", line 561, in modelform_factory
    return type(form)(class_name, (form,), form_class_attrs)
  File "I:\django\gfvp\gfvp_env\lib\site-packages\django\forms\models.py", line 259, in __new__
    fields = fields_for_model(
  File "I:\django\gfvp\gfvp_env\lib\site-packages\django\forms\models.py", line 185, in fields_for_model
    formfield = formfield_callback(f, **kwargs)
  File "I:\django\gfvp\gfvp_env\lib\site-packages\django\contrib\admin\options.py", line 154, in formfield_for_dbfield
    formfield = self.formfield_for_foreignkey(db_field, request, **kwargs)
  File "I:\django\gfvp\evaluation\admin.py", line 180, in formfield_for_foreignkey
    kwargs["queryset"] = Option.objects.filter(question = Question.objects.get(id = obj_id) )
  File "I:\django\gfvp\gfvp_env\lib\site-packages\django\db\models\manager.py", line 85, in manager_method
    return getattr(self.get_queryset(), name)(*args, **kwargs)
  File "I:\django\gfvp\gfvp_env\lib\site-packages\django\db\models\query.py", line 439, in get
    raise self.model.DoesNotExist(
evaluation.models.Question.DoesNotExist: Question matching query does not exist.
ERROR 2022-09-29 20:19:56,340 django.server Thread-1 18272 I:\django\gfvp\gfvp_env\lib\site-packages\django\core\servers\basehttp.py 179 log_message 17260 "GET /admin/evaluation/standaredchart/add/ HTTP/1.1" 500 193994
ERROR 2022-09-29 21:07:06,633 django.request Thread-1 16128 I:\django\gfvp\gfvp_env\lib\site-packages\django\utils\log.py 225 log_response 8684 Internal Server Error: /admin/evaluation/standaredchart/add/
Traceback (most recent call last):
  File "I:\django\gfvp\gfvp_env\lib\site-packages\django\core\handlers\exception.py", line 47, in inner
    response = get_response(request)
  File "I:\django\gfvp\gfvp_env\lib\site-packages\django\core\handlers\base.py", line 181, in _get_response
    response = wrapped_callback(request, *callback_args, **callback_kwargs)
  File "I:\django\gfvp\gfvp_env\lib\site-packages\django\contrib\admin\options.py", line 622, in wrapper
    return self.admin_site.admin_view(view)(*args, **kwargs)
  File "I:\django\gfvp\gfvp_env\lib\site-packages\django\utils\decorators.py", line 130, in _wrapped_view
    response = view_func(request, *args, **kwargs)
  File "I:\django\gfvp\gfvp_env\lib\site-packages\django\views\decorators\cache.py", line 57, in _wrapped_view_func
    response = view_func(request, *args, **kwargs)
  File "I:\django\gfvp\gfvp_env\lib\site-packages\django\contrib\admin\sites.py", line 236, in inner
    return view(request, *args, **kwargs)
  File "I:\django\gfvp\evaluation\admin.py", line 197, in add_view
    return super().add_view(request, object_id, form_url, extra_context)
TypeError: add_view() takes from 2 to 4 positional arguments but 5 were given
ERROR 2022-09-29 21:07:08,295 django.server Thread-1 16128 I:\django\gfvp\gfvp_env\lib\site-packages\django\core\servers\basehttp.py 179 log_message 8684 "GET /admin/evaluation/standaredchart/add/ HTTP/1.1" 500 115465
WARNING 2022-10-14 16:26:55,440 django.request Thread-1 16068 I:\django\gfvp\gfvp_env\lib\site-packages\django\utils\log.py 225 log_response 16220 Not Found: /favicon.ico
WARNING 2022-10-14 16:26:55,465 django.server Thread-1 16068 I:\django\gfvp\gfvp_env\lib\site-packages\django\core\servers\basehttp.py 179 log_message 16220 "GET /favicon.ico HTTP/1.1" 404 19409
ERROR 2022-10-14 16:45:41,685 django.request Thread-1 916 I:\django\gfvp\gfvp_env\lib\site-packages\django\utils\log.py 225 log_response 16460 Internal Server Error: /admin/evaluation/standaredchart/202/change/
Traceback (most recent call last):
  File "I:\django\gfvp\gfvp_env\lib\site-packages\django\core\handlers\exception.py", line 47, in inner
    response = get_response(request)
  File "I:\django\gfvp\gfvp_env\lib\site-packages\django\core\handlers\base.py", line 181, in _get_response
    response = wrapped_callback(request, *callback_args, **callback_kwargs)
  File "I:\django\gfvp\gfvp_env\lib\site-packages\django\contrib\admin\options.py", line 622, in wrapper
    return self.admin_site.admin_view(view)(*args, **kwargs)
  File "I:\django\gfvp\gfvp_env\lib\site-packages\django\utils\decorators.py", line 130, in _wrapped_view
    response = view_func(request, *args, **kwargs)
  File "I:\django\gfvp\gfvp_env\lib\site-packages\django\views\decorators\cache.py", line 57, in _wrapped_view_func
    response = view_func(request, *args, **kwargs)
  File "I:\django\gfvp\gfvp_env\lib\site-packages\django\contrib\admin\sites.py", line 236, in inner
    return view(request, *args, **kwargs)
  File "I:\django\gfvp\gfvp_env\lib\site-packages\django\contrib\admin\options.py", line 1673, in change_view
    return self.changeform_view(request, object_id, form_url, extra_context)
  File "I:\django\gfvp\gfvp_env\lib\site-packages\django\utils\decorators.py", line 43, in _wrapper
    return bound_method(*args, **kwargs)
  File "I:\django\gfvp\gfvp_env\lib\site-packages\django\utils\decorators.py", line 130, in _wrapped_view
    response = view_func(request, *args, **kwargs)
  File "I:\django\gfvp\gfvp_env\lib\site-packages\django\contrib\admin\options.py", line 1549, in changeform_view
    return self._changeform_view(request, object_id, form_url, extra_context)
  File "I:\django\gfvp\gfvp_env\lib\site-packages\django\contrib\admin\options.py", line 1599, in _changeform_view
    self.save_model(request, new_object, form, not add)
  File "I:\django\gfvp\gfvp_env\lib\site-packages\django\contrib\admin\options.py", line 1108, in save_model
    obj.save()
  File "I:\django\gfvp\evaluation\models.py", line 409, in save
    bs.update(name=slugify(bs.oil_name))
AttributeError: 'StandaredChart' object has no attribute 'update'
ERROR 2022-10-14 16:45:43,314 django.server Thread-1 916 I:\django\gfvp\gfvp_env\lib\site-packages\django\core\servers\basehttp.py 179 log_message 16460 "POST /admin/evaluation/standaredchart/202/change/ HTTP/1.1" 500 149147
ERROR 2022-10-14 16:52:01,922 django.request Thread-2 16396 I:\django\gfvp\gfvp_env\lib\site-packages\django\utils\log.py 225 log_response 3556 Internal Server Error: /admin/evaluation/standaredchart/202/change/
Traceback (most recent call last):
  File "I:\django\gfvp\gfvp_env\lib\site-packages\django\db\backends\utils.py", line 85, in _execute
    return self.cursor.execute(sql, params)
  File "I:\django\gfvp\gfvp_env\lib\site-packages\django\db\backends\mysql\base.py", line 73, in execute
    return self.cursor.execute(query, args)
  File "I:\django\gfvp\gfvp_env\lib\site-packages\MySQLdb\cursors.py", line 206, in execute
    res = self._query(query)
  File "I:\django\gfvp\gfvp_env\lib\site-packages\MySQLdb\cursors.py", line 319, in _query
    db.query(q)
  File "I:\django\gfvp\gfvp_env\lib\site-packages\MySQLdb\connections.py", line 254, in query
    _mysql.connection.query(self, query)
MySQLdb._exceptions.OperationalError: (1054, "Unknown column 'evaluation_standaredchart.key' in 'field list'")

The above exception was the direct cause of the following exception:

Traceback (most recent call last):
  File "I:\django\gfvp\gfvp_env\lib\site-packages\django\core\handlers\exception.py", line 47, in inner
    response = get_response(request)
  File "I:\django\gfvp\gfvp_env\lib\site-packages\django\core\handlers\base.py", line 181, in _get_response
    response = wrapped_callback(request, *callback_args, **callback_kwargs)
  File "I:\django\gfvp\gfvp_env\lib\site-packages\django\contrib\admin\options.py", line 622, in wrapper
    return self.admin_site.admin_view(view)(*args, **kwargs)
  File "I:\django\gfvp\gfvp_env\lib\site-packages\django\utils\decorators.py", line 130, in _wrapped_view
    response = view_func(request, *args, **kwargs)
  File "I:\django\gfvp\gfvp_env\lib\site-packages\django\views\decorators\cache.py", line 57, in _wrapped_view_func
    response = view_func(request, *args, **kwargs)
  File "I:\django\gfvp\gfvp_env\lib\site-packages\django\contrib\admin\sites.py", line 236, in inner
    return view(request, *args, **kwargs)
  File "I:\django\gfvp\gfvp_env\lib\site-packages\django\contrib\admin\options.py", line 1673, in change_view
    return self.changeform_view(request, object_id, form_url, extra_context)
  File "I:\django\gfvp\gfvp_env\lib\site-packages\django\utils\decorators.py", line 43, in _wrapper
    return bound_method(*args, **kwargs)
  File "I:\django\gfvp\gfvp_env\lib\site-packages\django\utils\decorators.py", line 130, in _wrapped_view
    response = view_func(request, *args, **kwargs)
  File "I:\django\gfvp\gfvp_env\lib\site-packages\django\contrib\admin\options.py", line 1549, in changeform_view
    return self._changeform_view(request, object_id, form_url, extra_context)
  File "I:\django\gfvp\gfvp_env\lib\site-packages\django\contrib\admin\options.py", line 1570, in _changeform_view
    obj = self.get_object(request, unquote(object_id), to_field)
  File "I:\django\gfvp\gfvp_env\lib\site-packages\django\contrib\admin\options.py", line 770, in get_object
    return queryset.get(**{field.name: object_id})
  File "I:\django\gfvp\gfvp_env\lib\site-packages\django\db\models\query.py", line 435, in get
    num = len(clone)
  File "I:\django\gfvp\gfvp_env\lib\site-packages\django\db\models\query.py", line 262, in __len__
    self._fetch_all()
  File "I:\django\gfvp\gfvp_env\lib\site-packages\django\db\models\query.py", line 1354, in _fetch_all
    self._result_cache = list(self._iterable_class(self))
  File "I:\django\gfvp\gfvp_env\lib\site-packages\django\db\models\query.py", line 51, in __iter__
    results = compiler.execute_sql(chunked_fetch=self.chunked_fetch, chunk_size=self.chunk_size)
  File "I:\django\gfvp\gfvp_env\lib\site-packages\django\db\models\sql\compiler.py", line 1202, in execute_sql
    cursor.execute(sql, params)
  File "I:\django\gfvp\gfvp_env\lib\site-packages\debug_toolbar\panels\sql\tracking.py", line 196, in execute
    return self._record(self.cursor.execute, sql, params)
  File "I:\django\gfvp\gfvp_env\lib\site-packages\debug_toolbar\panels\sql\tracking.py", line 131, in _record
    return method(sql, params)
  File "I:\django\gfvp\gfvp_env\lib\site-packages\django\db\backends\utils.py", line 99, in execute
    return super().execute(sql, params)
  File "I:\django\gfvp\gfvp_env\lib\site-packages\django\db\backends\utils.py", line 67, in execute
    return self._execute_with_wrappers(sql, params, many=False, executor=self._execute)
  File "I:\django\gfvp\gfvp_env\lib\site-packages\django\db\backends\utils.py", line 76, in _execute_with_wrappers
    return executor(sql, params, many, context)
  File "I:\django\gfvp\gfvp_env\lib\site-packages\django\db\backends\utils.py", line 85, in _execute
    return self.cursor.execute(sql, params)
  File "I:\django\gfvp\gfvp_env\lib\site-packages\django\db\utils.py", line 90, in __exit__
    raise dj_exc_value.with_traceback(traceback) from exc_value
  File "I:\django\gfvp\gfvp_env\lib\site-packages\django\db\backends\utils.py", line 85, in _execute
    return self.cursor.execute(sql, params)
  File "I:\django\gfvp\gfvp_env\lib\site-packages\django\db\backends\mysql\base.py", line 73, in execute
    return self.cursor.execute(query, args)
  File "I:\django\gfvp\gfvp_env\lib\site-packages\MySQLdb\cursors.py", line 206, in execute
    res = self._query(query)
  File "I:\django\gfvp\gfvp_env\lib\site-packages\MySQLdb\cursors.py", line 319, in _query
    db.query(q)
  File "I:\django\gfvp\gfvp_env\lib\site-packages\MySQLdb\connections.py", line 254, in query
    _mysql.connection.query(self, query)
django.db.utils.OperationalError: (1054, "Unknown column 'evaluation_standaredchart.key' in 'field list'")
ERROR 2022-10-14 16:52:03,719 django.server Thread-2 16396 I:\django\gfvp\gfvp_env\lib\site-packages\django\core\servers\basehttp.py 179 log_message 3556 "POST /admin/evaluation/standaredchart/202/change/ HTTP/1.1" 500 251070
ERROR 2022-10-15 23:35:21,112 django.request Thread-1 8536 I:\django\gfvp\gfvp_env\lib\site-packages\django\utils\log.py 225 log_response 18152 Internal Server Error: /evaluation2/130/fa6dd54dc2e042af8819e23a8cce64d8
Traceback (most recent call last):
  File "I:\django\gfvp\gfvp_env\lib\site-packages\django\core\handlers\exception.py", line 47, in inner
    response = get_response(request)
  File "I:\django\gfvp\gfvp_env\lib\site-packages\django\core\handlers\base.py", line 181, in _get_response
    response = wrapped_callback(request, *callback_args, **callback_kwargs)
  File "I:\django\gfvp\gfvp_env\lib\site-packages\django\contrib\auth\decorators.py", line 21, in _wrapped_view
    return view_func(request, *args, **kwargs)
  File "I:\django\gfvp\accounts\decorators.py", line 22, in wrap
    return function(request, *args, **kwargs)
  File "I:\django\gfvp\evaluation\views.py", line 521, in eva_question
    oo = OilComparision(question)
  File "I:\django\gfvp\evaluation\helper.py", line 167, in __init__
    self.options = self.std_oil_of_the_question()
  File "I:\django\gfvp\evaluation\helper.py", line 175, in std_oil_of_the_question
    for sco in std_chart_objects:
  File "I:\django\gfvp\gfvp_env\lib\site-packages\django\db\models\query.py", line 280, in __iter__
    self._fetch_all()
  File "I:\django\gfvp\gfvp_env\lib\site-packages\django\db\models\query.py", line 1354, in _fetch_all
    self._result_cache = list(self._iterable_class(self))
  File "I:\django\gfvp\gfvp_env\lib\site-packages\django\db\models\query.py", line 51, in __iter__
    results = compiler.execute_sql(chunked_fetch=self.chunked_fetch, chunk_size=self.chunk_size)
  File "I:\django\gfvp\gfvp_env\lib\site-packages\django\db\models\sql\compiler.py", line 1189, in execute_sql
    sql, params = self.as_sql()
  File "I:\django\gfvp\gfvp_env\lib\site-packages\django\db\models\sql\compiler.py", line 547, in as_sql
    where, w_params = self.compile(self.where) if self.where is not None else ('', [])
  File "I:\django\gfvp\gfvp_env\lib\site-packages\django\db\models\sql\compiler.py", line 463, in compile
    sql, params = node.as_sql(self, self.connection)
  File "I:\django\gfvp\gfvp_env\lib\site-packages\django\db\models\sql\where.py", line 81, in as_sql
    sql, params = compiler.compile(child)
  File "I:\django\gfvp\gfvp_env\lib\site-packages\django\db\models\sql\compiler.py", line 463, in compile
    sql, params = node.as_sql(self, self.connection)
  File "I:\django\gfvp\gfvp_env\lib\site-packages\django\db\models\lookups.py", line 331, in as_sql
    return super().as_sql(compiler, connection)
  File "I:\django\gfvp\gfvp_env\lib\site-packages\django\db\models\lookups.py", line 210, in as_sql
    rhs_sql, rhs_params = self.process_rhs(compiler, connection)
  File "I:\django\gfvp\gfvp_env\lib\site-packages\django\db\models\lookups.py", line 313, in process_rhs
    raise ValueError(
ValueError: The QuerySet value for an exact lookup must be limited to one result using slicing.
ERROR 2022-10-15 23:35:23,459 django.server Thread-1 8536 I:\django\gfvp\gfvp_env\lib\site-packages\django\core\servers\basehttp.py 179 log_message 18152 "GET /evaluation2/130/fa6dd54dc2e042af8819e23a8cce64d8 HTTP/1.1" 500 170015
WARNING 2022-10-16 15:35:43,382 django.request Thread-13 11796 I:\django\gfvp\gfvp_env\lib\site-packages\django\utils\log.py 225 log_response 14032 Not Found: /favicon.ico
WARNING 2022-10-16 15:35:43,420 django.server Thread-13 11796 I:\django\gfvp\gfvp_env\lib\site-packages\django\core\servers\basehttp.py 179 log_message 14032 "GET /favicon.ico HTTP/1.1" 404 19409
WARNING 2022-10-16 15:35:44,922 django.request Thread-14 8016 I:\django\gfvp\gfvp_env\lib\site-packages\django\utils\log.py 225 log_response 14032 Not Found: /favicon.ico
WARNING 2022-10-16 15:35:44,924 django.server Thread-14 8016 I:\django\gfvp\gfvp_env\lib\site-packages\django\core\servers\basehttp.py 179 log_message 14032 "GET /favicon.ico HTTP/1.1" 404 19409
ERROR 2022-10-16 15:55:46,404 django.request Thread-1 16616 I:\django\gfvp\gfvp_env\lib\site-packages\django\utils\log.py 225 log_response 16636 Internal Server Error: /evaluation2/130/fa6dd54dc2e042af8819e23a8cce64d8
Traceback (most recent call last):
  File "I:\django\gfvp\gfvp_env\lib\site-packages\django\core\handlers\exception.py", line 47, in inner
    response = get_response(request)
  File "I:\django\gfvp\gfvp_env\lib\site-packages\django\core\handlers\base.py", line 181, in _get_response
    response = wrapped_callback(request, *callback_args, **callback_kwargs)
  File "I:\django\gfvp\gfvp_env\lib\site-packages\django\contrib\auth\decorators.py", line 21, in _wrapped_view
    return view_func(request, *args, **kwargs)
  File "I:\django\gfvp\accounts\decorators.py", line 22, in wrap
    return function(request, *args, **kwargs)
  File "I:\django\gfvp\evaluation\views.py", line 521, in eva_question
    oo = OilComparision(question)
  File "I:\django\gfvp\evaluation\helper.py", line 167, in __init__
    self.options = self.std_oil_of_the_question()
  File "I:\django\gfvp\evaluation\helper.py", line 175, in std_oil_of_the_question
    option = Option.objects.filter(question = question)[1]
  File "I:\django\gfvp\gfvp_env\lib\site-packages\django\db\models\query.py", line 322, in __getitem__
    return qs._result_cache[0]
IndexError: list index out of range
ERROR 2022-10-16 15:55:49,902 django.server Thread-1 16616 I:\django\gfvp\gfvp_env\lib\site-packages\django\core\servers\basehttp.py 179 log_message 16636 "GET /evaluation2/130/fa6dd54dc2e042af8819e23a8cce64d8 HTTP/1.1" 500 123707
ERROR 2022-10-16 22:57:17,273 django.request Thread-1 16856 I:\django\gfvp\gfvp_env\lib\site-packages\django\utils\log.py 225 log_response 20368 Internal Server Error: /evaluation2/130/a55b7e71c4be45db84a4eb478caae867
Traceback (most recent call last):
  File "I:\django\gfvp\gfvp_env\lib\site-packages\urllib3\connection.py", line 174, in _new_conn
    conn = connection.create_connection(
  File "I:\django\gfvp\gfvp_env\lib\site-packages\urllib3\util\connection.py", line 72, in create_connection
    for res in socket.getaddrinfo(host, port, family, socket.SOCK_STREAM):
  File "C:\Program Files\Python39\lib\socket.py", line 954, in getaddrinfo
    for res in _socket.getaddrinfo(host, port, family, type, proto, flags):
socket.gaierror: [Errno 11001] getaddrinfo failed

During handling of the above exception, another exception occurred:

Traceback (most recent call last):
  File "I:\django\gfvp\gfvp_env\lib\site-packages\urllib3\connectionpool.py", line 703, in urlopen
    httplib_response = self._make_request(
  File "I:\django\gfvp\gfvp_env\lib\site-packages\urllib3\connectionpool.py", line 386, in _make_request
    self._validate_conn(conn)
  File "I:\django\gfvp\gfvp_env\lib\site-packages\urllib3\connectionpool.py", line 1040, in _validate_conn
    conn.connect()
  File "I:\django\gfvp\gfvp_env\lib\site-packages\urllib3\connection.py", line 358, in connect
    self.sock = conn = self._new_conn()
  File "I:\django\gfvp\gfvp_env\lib\site-packages\urllib3\connection.py", line 186, in _new_conn
    raise NewConnectionError(
urllib3.exceptions.NewConnectionError: <urllib3.connection.HTTPSConnection object at 0x0000024C7882AFA0>: Failed to establish a new connection: [Errno 11001] getaddrinfo failed

During handling of the above exception, another exception occurred:

Traceback (most recent call last):
  File "I:\django\gfvp\gfvp_env\lib\site-packages\requests\adapters.py", line 489, in send
    resp = conn.urlopen(
  File "I:\django\gfvp\gfvp_env\lib\site-packages\urllib3\connectionpool.py", line 785, in urlopen
    retries = retries.increment(
  File "I:\django\gfvp\gfvp_env\lib\site-packages\urllib3\util\retry.py", line 592, in increment
    raise MaxRetryError(_pool, url, error or ResponseError(cause))
urllib3.exceptions.MaxRetryError: HTTPSConnectionPool(host='www.googleapis.com', port=443): Max retries exceeded with url: /youtube/v3/search?part=snippet&q=How+does+the+biofuel+solution+the+effect+the+biodiversity+%28ISO%2FTC+331%29+%3F%2C+Used+Cooking+Oil&key=AIzaSyCMM2AfSb9D23DQFFEp1XnzDTaykgyfrFk&maxResults=3 (Caused by NewConnectionError('<urllib3.connection.HTTPSConnection object at 0x0000024C7882AFA0>: Failed to establish a new connection: [Errno 11001] getaddrinfo failed'))

During handling of the above exception, another exception occurred:

Traceback (most recent call last):
  File "I:\django\gfvp\gfvp_env\lib\site-packages\django\core\handlers\exception.py", line 47, in inner
    response = get_response(request)
  File "I:\django\gfvp\gfvp_env\lib\site-packages\django\core\handlers\base.py", line 181, in _get_response
    response = wrapped_callback(request, *callback_args, **callback_kwargs)
  File "I:\django\gfvp\gfvp_env\lib\site-packages\django\contrib\auth\decorators.py", line 21, in _wrapped_view
    return view_func(request, *args, **kwargs)
  File "I:\django\gfvp\accounts\decorators.py", line 22, in wrap
    return function(request, *args, **kwargs)
  File "I:\django\gfvp\evaluation\views.py", line 628, in eva_question
    'vedio_urls' : vedio_urls(search_term),
  File "I:\django\gfvp\evaluation\views.py", line 449, in vedio_urls
    saved_url.urls = get_vedio_urls(search_term)
  File "I:\django\gfvp\evaluation\views.py", line 434, in get_vedio_urls
    r = requests.get(search_url, params=params, )
  File "I:\django\gfvp\gfvp_env\lib\site-packages\requests\api.py", line 73, in get
    return request("get", url, params=params, **kwargs)
  File "I:\django\gfvp\gfvp_env\lib\site-packages\requests\api.py", line 59, in request
    return session.request(method=method, url=url, **kwargs)
  File "I:\django\gfvp\gfvp_env\lib\site-packages\requests\sessions.py", line 587, in request
    resp = self.send(prep, **send_kwargs)
  File "I:\django\gfvp\gfvp_env\lib\site-packages\requests\sessions.py", line 701, in send
    r = adapter.send(request, **kwargs)
  File "I:\django\gfvp\gfvp_env\lib\site-packages\requests\adapters.py", line 565, in send
    raise ConnectionError(e, request=request)
requests.exceptions.ConnectionError: HTTPSConnectionPool(host='www.googleapis.com', port=443): Max retries exceeded with url: /youtube/v3/search?part=snippet&q=How+does+the+biofuel+solution+the+effect+the+biodiversity+%28ISO%2FTC+331%29+%3F%2C+Used+Cooking+Oil&key=AIzaSyCMM2AfSb9D23DQFFEp1XnzDTaykgyfrFk&maxResults=3 (Caused by NewConnectionError('<urllib3.connection.HTTPSConnection object at 0x0000024C7882AFA0>: Failed to establish a new connection: [Errno 11001] getaddrinfo failed'))
ERROR 2022-10-16 22:57:45,208 django.request Thread-5 10320 I:\django\gfvp\gfvp_env\lib\site-packages\django\utils\log.py 225 log_response 20368 Internal Server Error: /evaluation2/130/b0d35301a724443a950338bbb918f47f
Traceback (most recent call last):
  File "I:\django\gfvp\gfvp_env\lib\site-packages\urllib3\connection.py", line 174, in _new_conn
    conn = connection.create_connection(
  File "I:\django\gfvp\gfvp_env\lib\site-packages\urllib3\util\connection.py", line 72, in create_connection
    for res in socket.getaddrinfo(host, port, family, socket.SOCK_STREAM):
  File "C:\Program Files\Python39\lib\socket.py", line 954, in getaddrinfo
    for res in _socket.getaddrinfo(host, port, family, type, proto, flags):
socket.gaierror: [Errno 11001] getaddrinfo failed

During handling of the above exception, another exception occurred:

Traceback (most recent call last):
  File "I:\django\gfvp\gfvp_env\lib\site-packages\urllib3\connectionpool.py", line 703, in urlopen
    httplib_response = self._make_request(
  File "I:\django\gfvp\gfvp_env\lib\site-packages\urllib3\connectionpool.py", line 386, in _make_request
    self._validate_conn(conn)
  File "I:\django\gfvp\gfvp_env\lib\site-packages\urllib3\connectionpool.py", line 1040, in _validate_conn
    conn.connect()
  File "I:\django\gfvp\gfvp_env\lib\site-packages\urllib3\connection.py", line 358, in connect
    self.sock = conn = self._new_conn()
  File "I:\django\gfvp\gfvp_env\lib\site-packages\urllib3\connection.py", line 186, in _new_conn
    raise NewConnectionError(
urllib3.exceptions.NewConnectionError: <urllib3.connection.HTTPSConnection object at 0x0000024C7AA8B790>: Failed to establish a new connection: [Errno 11001] getaddrinfo failed

During handling of the above exception, another exception occurred:

Traceback (most recent call last):
  File "I:\django\gfvp\gfvp_env\lib\site-packages\requests\adapters.py", line 489, in send
    resp = conn.urlopen(
  File "I:\django\gfvp\gfvp_env\lib\site-packages\urllib3\connectionpool.py", line 785, in urlopen
    retries = retries.increment(
  File "I:\django\gfvp\gfvp_env\lib\site-packages\urllib3\util\retry.py", line 592, in increment
    raise MaxRetryError(_pool, url, error or ResponseError(cause))
urllib3.exceptions.MaxRetryError: HTTPSConnectionPool(host='www.googleapis.com', port=443): Max retries exceeded with url: /youtube/v3/search?part=snippet&q=How+would+you+define+your+biofuel+%3F%2C+Used+Cooking+Oil&key=AIzaSyCMM2AfSb9D23DQFFEp1XnzDTaykgyfrFk&maxResults=3 (Caused by NewConnectionError('<urllib3.connection.HTTPSConnection object at 0x0000024C7AA8B790>: Failed to establish a new connection: [Errno 11001] getaddrinfo failed'))

During handling of the above exception, another exception occurred:

Traceback (most recent call last):
  File "I:\django\gfvp\gfvp_env\lib\site-packages\django\core\handlers\exception.py", line 47, in inner
    response = get_response(request)
  File "I:\django\gfvp\gfvp_env\lib\site-packages\django\core\handlers\base.py", line 181, in _get_response
    response = wrapped_callback(request, *callback_args, **callback_kwargs)
  File "I:\django\gfvp\gfvp_env\lib\site-packages\django\contrib\auth\decorators.py", line 21, in _wrapped_view
    return view_func(request, *args, **kwargs)
  File "I:\django\gfvp\accounts\decorators.py", line 22, in wrap
    return function(request, *args, **kwargs)
  File "I:\django\gfvp\evaluation\views.py", line 628, in eva_question
    'vedio_urls' : vedio_urls(search_term),
  File "I:\django\gfvp\evaluation\views.py", line 449, in vedio_urls
    saved_url.urls = get_vedio_urls(search_term)
  File "I:\django\gfvp\evaluation\views.py", line 434, in get_vedio_urls
    r = requests.get(search_url, params=params, )
  File "I:\django\gfvp\gfvp_env\lib\site-packages\requests\api.py", line 73, in get
    return request("get", url, params=params, **kwargs)
  File "I:\django\gfvp\gfvp_env\lib\site-packages\requests\api.py", line 59, in request
    return session.request(method=method, url=url, **kwargs)
  File "I:\django\gfvp\gfvp_env\lib\site-packages\requests\sessions.py", line 587, in request
    resp = self.send(prep, **send_kwargs)
  File "I:\django\gfvp\gfvp_env\lib\site-packages\requests\sessions.py", line 701, in send
    r = adapter.send(request, **kwargs)
  File "I:\django\gfvp\gfvp_env\lib\site-packages\requests\adapters.py", line 565, in send
    raise ConnectionError(e, request=request)
requests.exceptions.ConnectionError: HTTPSConnectionPool(host='www.googleapis.com', port=443): Max retries exceeded with url: /youtube/v3/search?part=snippet&q=How+would+you+define+your+biofuel+%3F%2C+Used+Cooking+Oil&key=AIzaSyCMM2AfSb9D23DQFFEp1XnzDTaykgyfrFk&maxResults=3 (Caused by NewConnectionError('<urllib3.connection.HTTPSConnection object at 0x0000024C7AA8B790>: Failed to establish a new connection: [Errno 11001] getaddrinfo failed'))
ERROR 2022-10-16 22:57:49,108 django.server Thread-5 10320 I:\django\gfvp\gfvp_env\lib\site-packages\django\core\servers\basehttp.py 179 log_message 20368 "GET /evaluation2/130/b0d35301a724443a950338bbb918f47f HTTP/1.1" 500 211688
ERROR 2022-10-16 23:05:55,132 django.request Thread-11 13996 I:\django\gfvp\gfvp_env\lib\site-packages\django\utils\log.py 225 log_response 20368 Internal Server Error: /evaluation2/130/9e316b52c2c94d6dab597957c161854e
Traceback (most recent call last):
  File "I:\django\gfvp\gfvp_env\lib\site-packages\urllib3\connection.py", line 174, in _new_conn
    conn = connection.create_connection(
  File "I:\django\gfvp\gfvp_env\lib\site-packages\urllib3\util\connection.py", line 72, in create_connection
    for res in socket.getaddrinfo(host, port, family, socket.SOCK_STREAM):
  File "C:\Program Files\Python39\lib\socket.py", line 954, in getaddrinfo
    for res in _socket.getaddrinfo(host, port, family, type, proto, flags):
socket.gaierror: [Errno 11001] getaddrinfo failed

During handling of the above exception, another exception occurred:

Traceback (most recent call last):
  File "I:\django\gfvp\gfvp_env\lib\site-packages\urllib3\connectionpool.py", line 703, in urlopen
    httplib_response = self._make_request(
  File "I:\django\gfvp\gfvp_env\lib\site-packages\urllib3\connectionpool.py", line 386, in _make_request
    self._validate_conn(conn)
  File "I:\django\gfvp\gfvp_env\lib\site-packages\urllib3\connectionpool.py", line 1040, in _validate_conn
    conn.connect()
  File "I:\django\gfvp\gfvp_env\lib\site-packages\urllib3\connection.py", line 358, in connect
    self.sock = conn = self._new_conn()
  File "I:\django\gfvp\gfvp_env\lib\site-packages\urllib3\connection.py", line 186, in _new_conn
    raise NewConnectionError(
urllib3.exceptions.NewConnectionError: <urllib3.connection.HTTPSConnection object at 0x0000024C7CAD0EE0>: Failed to establish a new connection: [Errno 11001] getaddrinfo failed

During handling of the above exception, another exception occurred:

Traceback (most recent call last):
  File "I:\django\gfvp\gfvp_env\lib\site-packages\requests\adapters.py", line 489, in send
    resp = conn.urlopen(
  File "I:\django\gfvp\gfvp_env\lib\site-packages\urllib3\connectionpool.py", line 785, in urlopen
    retries = retries.increment(
  File "I:\django\gfvp\gfvp_env\lib\site-packages\urllib3\util\retry.py", line 592, in increment
    raise MaxRetryError(_pool, url, error or ResponseError(cause))
urllib3.exceptions.MaxRetryError: HTTPSConnectionPool(host='www.googleapis.com', port=443): Max retries exceeded with url: /youtube/v3/search?part=snippet&q=What+is+the+GHG+reduction+with+your+fuel+when+compared+to+typical+fossil+oils%3F%2C+Used+Cooking+Oil&key=AIzaSyCMM2AfSb9D23DQFFEp1XnzDTaykgyfrFk&maxResults=3 (Caused by NewConnectionError('<urllib3.connection.HTTPSConnection object at 0x0000024C7CAD0EE0>: Failed to establish a new connection: [Errno 11001] getaddrinfo failed'))

During handling of the above exception, another exception occurred:

Traceback (most recent call last):
  File "I:\django\gfvp\gfvp_env\lib\site-packages\django\core\handlers\exception.py", line 47, in inner
    response = get_response(request)
  File "I:\django\gfvp\gfvp_env\lib\site-packages\django\core\handlers\base.py", line 181, in _get_response
    response = wrapped_callback(request, *callback_args, **callback_kwargs)
  File "I:\django\gfvp\gfvp_env\lib\site-packages\django\contrib\auth\decorators.py", line 21, in _wrapped_view
    return view_func(request, *args, **kwargs)
  File "I:\django\gfvp\accounts\decorators.py", line 22, in wrap
    return function(request, *args, **kwargs)
  File "I:\django\gfvp\evaluation\views.py", line 628, in eva_question
    'vedio_urls' : vedio_urls(search_term),
  File "I:\django\gfvp\evaluation\views.py", line 449, in vedio_urls
    saved_url.urls = get_vedio_urls(search_term)
  File "I:\django\gfvp\evaluation\views.py", line 434, in get_vedio_urls
    r = requests.get(search_url, params=params, )
  File "I:\django\gfvp\gfvp_env\lib\site-packages\requests\api.py", line 73, in get
    return request("get", url, params=params, **kwargs)
  File "I:\django\gfvp\gfvp_env\lib\site-packages\requests\api.py", line 59, in request
    return session.request(method=method, url=url, **kwargs)
  File "I:\django\gfvp\gfvp_env\lib\site-packages\requests\sessions.py", line 587, in request
    resp = self.send(prep, **send_kwargs)
  File "I:\django\gfvp\gfvp_env\lib\site-packages\requests\sessions.py", line 701, in send
    r = adapter.send(request, **kwargs)
  File "I:\django\gfvp\gfvp_env\lib\site-packages\requests\adapters.py", line 565, in send
    raise ConnectionError(e, request=request)
requests.exceptions.ConnectionError: HTTPSConnectionPool(host='www.googleapis.com', port=443): Max retries exceeded with url: /youtube/v3/search?part=snippet&q=What+is+the+GHG+reduction+with+your+fuel+when+compared+to+typical+fossil+oils%3F%2C+Used+Cooking+Oil&key=AIzaSyCMM2AfSb9D23DQFFEp1XnzDTaykgyfrFk&maxResults=3 (Caused by NewConnectionError('<urllib3.connection.HTTPSConnection object at 0x0000024C7CAD0EE0>: Failed to establish a new connection: [Errno 11001] getaddrinfo failed'))
ERROR 2022-10-16 23:05:59,846 django.server Thread-11 13996 I:\django\gfvp\gfvp_env\lib\site-packages\django\core\servers\basehttp.py 179 log_message 20368 "GET /evaluation2/130/9e316b52c2c94d6dab597957c161854e HTTP/1.1" 500 214234
ERROR 2022-10-17 13:09:09,079 django.request Thread-1 9684 I:\django\gfvp\gfvp_env\lib\site-packages\django\utils\log.py 225 log_response 20472 Internal Server Error: /admin/evaluation/standaredchart/199/change/
Traceback (most recent call last):
  File "I:\django\gfvp\gfvp_env\lib\site-packages\django\core\handlers\exception.py", line 47, in inner
    response = get_response(request)
  File "I:\django\gfvp\gfvp_env\lib\site-packages\django\core\handlers\base.py", line 181, in _get_response
    response = wrapped_callback(request, *callback_args, **callback_kwargs)
  File "I:\django\gfvp\gfvp_env\lib\site-packages\django\contrib\admin\options.py", line 622, in wrapper
    return self.admin_site.admin_view(view)(*args, **kwargs)
  File "I:\django\gfvp\gfvp_env\lib\site-packages\django\utils\decorators.py", line 130, in _wrapped_view
    response = view_func(request, *args, **kwargs)
  File "I:\django\gfvp\gfvp_env\lib\site-packages\django\views\decorators\cache.py", line 57, in _wrapped_view_func
    response = view_func(request, *args, **kwargs)
  File "I:\django\gfvp\gfvp_env\lib\site-packages\django\contrib\admin\sites.py", line 236, in inner
    return view(request, *args, **kwargs)
  File "I:\django\gfvp\gfvp_env\lib\site-packages\django\contrib\admin\options.py", line 1673, in change_view
    return self.changeform_view(request, object_id, form_url, extra_context)
  File "I:\django\gfvp\gfvp_env\lib\site-packages\django\utils\decorators.py", line 43, in _wrapper
    return bound_method(*args, **kwargs)
  File "I:\django\gfvp\gfvp_env\lib\site-packages\django\utils\decorators.py", line 130, in _wrapped_view
    response = view_func(request, *args, **kwargs)
  File "I:\django\gfvp\gfvp_env\lib\site-packages\django\contrib\admin\options.py", line 1549, in changeform_view
    return self._changeform_view(request, object_id, form_url, extra_context)
  File "I:\django\gfvp\gfvp_env\lib\site-packages\django\contrib\admin\options.py", line 1582, in _changeform_view
    fieldsets = self.get_fieldsets(request, obj)
  File "I:\django\gfvp\gfvp_env\lib\site-packages\django\contrib\admin\options.py", line 336, in get_fieldsets
    return [(None, {'fields': self.get_fields(request, obj)})]
  File "I:\django\gfvp\gfvp_env\lib\site-packages\django\contrib\admin\options.py", line 327, in get_fields
    form = self._get_form_for_get_fields(request, obj)
  File "I:\django\gfvp\gfvp_env\lib\site-packages\django\contrib\admin\options.py", line 673, in _get_form_for_get_fields
    return self.get_form(request, obj, fields=None)
  File "I:\django\gfvp\gfvp_env\lib\site-packages\django\contrib\admin\options.py", line 716, in get_form
    return modelform_factory(self.model, **defaults)
  File "I:\django\gfvp\gfvp_env\lib\site-packages\django\forms\models.py", line 561, in modelform_factory
    return type(form)(class_name, (form,), form_class_attrs)
  File "I:\django\gfvp\gfvp_env\lib\site-packages\django\forms\models.py", line 259, in __new__
    fields = fields_for_model(
  File "I:\django\gfvp\gfvp_env\lib\site-packages\django\forms\models.py", line 185, in fields_for_model
    formfield = formfield_callback(f, **kwargs)
  File "I:\django\gfvp\gfvp_env\lib\site-packages\django\contrib\admin\options.py", line 154, in formfield_for_dbfield
    formfield = self.formfield_for_foreignkey(db_field, request, **kwargs)
  File "I:\django\gfvp\evaluation\admin.py", line 190, in formfield_for_foreignkey
    if self.question:
AttributeError: 'StandaredChartAdmin' object has no attribute 'question'
ERROR 2022-10-17 13:09:10,688 django.server Thread-1 9684 I:\django\gfvp\gfvp_env\lib\site-packages\django\core\servers\basehttp.py 179 log_message 20472 "GET /admin/evaluation/standaredchart/199/change/ HTTP/1.1" 500 184555
ERROR 2022-10-17 13:57:59,924 django.request Thread-1 9384 I:\django\gfvp\gfvp_env\lib\site-packages\django\utils\log.py 225 log_response 18928 Internal Server Error: /admin/evaluation/standaredchart/add/
Traceback (most recent call last):
  File "I:\django\gfvp\gfvp_env\lib\site-packages\django\core\handlers\exception.py", line 47, in inner
    response = get_response(request)
  File "I:\django\gfvp\gfvp_env\lib\site-packages\django\core\handlers\base.py", line 181, in _get_response
    response = wrapped_callback(request, *callback_args, **callback_kwargs)
  File "I:\django\gfvp\gfvp_env\lib\site-packages\django\contrib\admin\options.py", line 622, in wrapper
    return self.admin_site.admin_view(view)(*args, **kwargs)
  File "I:\django\gfvp\gfvp_env\lib\site-packages\django\utils\decorators.py", line 130, in _wrapped_view
    response = view_func(request, *args, **kwargs)
  File "I:\django\gfvp\gfvp_env\lib\site-packages\django\views\decorators\cache.py", line 57, in _wrapped_view_func
    response = view_func(request, *args, **kwargs)
  File "I:\django\gfvp\gfvp_env\lib\site-packages\django\contrib\admin\sites.py", line 236, in inner
    return view(request, *args, **kwargs)
  File "I:\django\gfvp\evaluation\admin.py", line 201, in add_view
    return super().add_view(request, form_url, extra_context)
  File "I:\django\gfvp\gfvp_env\lib\site-packages\django\contrib\admin\options.py", line 1670, in add_view
    return self.changeform_view(request, None, form_url, extra_context)
  File "I:\django\gfvp\gfvp_env\lib\site-packages\django\utils\decorators.py", line 43, in _wrapper
    return bound_method(*args, **kwargs)
  File "I:\django\gfvp\gfvp_env\lib\site-packages\django\utils\decorators.py", line 130, in _wrapped_view
    response = view_func(request, *args, **kwargs)
  File "I:\django\gfvp\gfvp_env\lib\site-packages\django\contrib\admin\options.py", line 1549, in changeform_view
    return self._changeform_view(request, object_id, form_url, extra_context)
  File "I:\django\gfvp\gfvp_env\lib\site-packages\django\contrib\admin\options.py", line 1582, in _changeform_view
    fieldsets = self.get_fieldsets(request, obj)
  File "I:\django\gfvp\gfvp_env\lib\site-packages\django\contrib\admin\options.py", line 336, in get_fieldsets
    return [(None, {'fields': self.get_fields(request, obj)})]
  File "I:\django\gfvp\gfvp_env\lib\site-packages\django\contrib\admin\options.py", line 327, in get_fields
    form = self._get_form_for_get_fields(request, obj)
  File "I:\django\gfvp\gfvp_env\lib\site-packages\django\contrib\admin\options.py", line 673, in _get_form_for_get_fields
    return self.get_form(request, obj, fields=None)
  File "I:\django\gfvp\gfvp_env\lib\site-packages\django\contrib\admin\options.py", line 716, in get_form
    return modelform_factory(self.model, **defaults)
  File "I:\django\gfvp\gfvp_env\lib\site-packages\django\forms\models.py", line 561, in modelform_factory
    return type(form)(class_name, (form,), form_class_attrs)
  File "I:\django\gfvp\gfvp_env\lib\site-packages\django\forms\models.py", line 259, in __new__
    fields = fields_for_model(
  File "I:\django\gfvp\gfvp_env\lib\site-packages\django\forms\models.py", line 185, in fields_for_model
    formfield = formfield_callback(f, **kwargs)
  File "I:\django\gfvp\gfvp_env\lib\site-packages\django\contrib\admin\options.py", line 154, in formfield_for_dbfield
    formfield = self.formfield_for_foreignkey(db_field, request, **kwargs)
  File "I:\django\gfvp\evaluation\admin.py", line 186, in formfield_for_foreignkey
    obj = StandaredChart.objects.get(id = int(obj_id))
TypeError: int() argument must be a string, a bytes-like object or a number, not 'NoneType'
ERROR 2022-10-17 13:58:01,676 django.server Thread-1 9384 I:\django\gfvp\gfvp_env\lib\site-packages\django\core\servers\basehttp.py 179 log_message 18928 "GET /admin/evaluation/standaredchart/add/ HTTP/1.1" 500 188188
ERROR 2022-10-17 13:58:38,309 django.request Thread-1 19144 I:\django\gfvp\gfvp_env\lib\site-packages\django\utils\log.py 225 log_response 14784 Internal Server Error: /admin/evaluation/standaredchart/add/
Traceback (most recent call last):
  File "I:\django\gfvp\gfvp_env\lib\site-packages\django\core\handlers\exception.py", line 47, in inner
    response = get_response(request)
  File "I:\django\gfvp\gfvp_env\lib\site-packages\django\core\handlers\base.py", line 181, in _get_response
    response = wrapped_callback(request, *callback_args, **callback_kwargs)
  File "I:\django\gfvp\gfvp_env\lib\site-packages\django\contrib\admin\options.py", line 622, in wrapper
    return self.admin_site.admin_view(view)(*args, **kwargs)
  File "I:\django\gfvp\gfvp_env\lib\site-packages\django\utils\decorators.py", line 130, in _wrapped_view
    response = view_func(request, *args, **kwargs)
  File "I:\django\gfvp\gfvp_env\lib\site-packages\django\views\decorators\cache.py", line 57, in _wrapped_view_func
    response = view_func(request, *args, **kwargs)
  File "I:\django\gfvp\gfvp_env\lib\site-packages\django\contrib\admin\sites.py", line 236, in inner
    return view(request, *args, **kwargs)
  File "I:\django\gfvp\evaluation\admin.py", line 203, in add_view
    return super().add_view(request, form_url, extra_context)
  File "I:\django\gfvp\gfvp_env\lib\site-packages\django\contrib\admin\options.py", line 1670, in add_view
    return self.changeform_view(request, None, form_url, extra_context)
  File "I:\django\gfvp\gfvp_env\lib\site-packages\django\utils\decorators.py", line 43, in _wrapper
    return bound_method(*args, **kwargs)
  File "I:\django\gfvp\gfvp_env\lib\site-packages\django\utils\decorators.py", line 130, in _wrapped_view
    response = view_func(request, *args, **kwargs)
  File "I:\django\gfvp\gfvp_env\lib\site-packages\django\contrib\admin\options.py", line 1549, in changeform_view
    return self._changeform_view(request, object_id, form_url, extra_context)
  File "I:\django\gfvp\gfvp_env\lib\site-packages\django\contrib\admin\options.py", line 1582, in _changeform_view
    fieldsets = self.get_fieldsets(request, obj)
  File "I:\django\gfvp\gfvp_env\lib\site-packages\django\contrib\admin\options.py", line 336, in get_fieldsets
    return [(None, {'fields': self.get_fields(request, obj)})]
  File "I:\django\gfvp\gfvp_env\lib\site-packages\django\contrib\admin\options.py", line 327, in get_fields
    form = self._get_form_for_get_fields(request, obj)
  File "I:\django\gfvp\gfvp_env\lib\site-packages\django\contrib\admin\options.py", line 673, in _get_form_for_get_fields
    return self.get_form(request, obj, fields=None)
  File "I:\django\gfvp\gfvp_env\lib\site-packages\django\contrib\admin\options.py", line 716, in get_form
    return modelform_factory(self.model, **defaults)
  File "I:\django\gfvp\gfvp_env\lib\site-packages\django\forms\models.py", line 561, in modelform_factory
    return type(form)(class_name, (form,), form_class_attrs)
  File "I:\django\gfvp\gfvp_env\lib\site-packages\django\forms\models.py", line 259, in __new__
    fields = fields_for_model(
  File "I:\django\gfvp\gfvp_env\lib\site-packages\django\forms\models.py", line 185, in fields_for_model
    formfield = formfield_callback(f, **kwargs)
  File "I:\django\gfvp\gfvp_env\lib\site-packages\django\contrib\admin\options.py", line 154, in formfield_for_dbfield
    formfield = self.formfield_for_foreignkey(db_field, request, **kwargs)
  File "I:\django\gfvp\evaluation\admin.py", line 195, in formfield_for_foreignkey
    kwargs["queryset"] = Option.objects.filter(question = obj.question)
AttributeError: 'NoneType' object has no attribute 'question'
ERROR 2022-10-17 13:58:39,926 django.server Thread-1 19144 I:\django\gfvp\gfvp_env\lib\site-packages\django\core\servers\basehttp.py 179 log_message 14784 "GET /admin/evaluation/standaredchart/add/ HTTP/1.1" 500 188802
ERROR 2022-10-17 17:37:38,142 django.request Thread-1 5316 I:\django\gfvp\gfvp_env\lib\site-packages\django\utils\log.py 225 log_response 9156 Internal Server Error: /evaluation2/option_add/
Traceback (most recent call last):
  File "I:\django\gfvp\evaluation\views.py", line 308, in option_add2
    request.session['question'] = next_question.slug
AttributeError: 'NoneType' object has no attribute 'slug'

During handling of the above exception, another exception occurred:

Traceback (most recent call last):
  File "I:\django\gfvp\gfvp_env\lib\site-packages\django\core\handlers\exception.py", line 47, in inner
    response = get_response(request)
  File "I:\django\gfvp\gfvp_env\lib\site-packages\django\core\handlers\base.py", line 181, in _get_response
    response = wrapped_callback(request, *callback_args, **callback_kwargs)
  File "I:\django\gfvp\gfvp_env\lib\site-packages\django\contrib\auth\decorators.py", line 21, in _wrapped_view
    return view_func(request, *args, **kwargs)
  File "I:\django\gfvp\evaluation\views.py", line 318, in option_add2
    dfd = LabelWiseData(evaluator).picked_labels_dict()
  File "I:\django\gfvp\evaluation\helper.py", line 377, in picked_labels_dict
    label_result.update(self.label_wise_result())
  File "I:\django\gfvp\evaluation\helper.py", line 362, in label_wise_result
    positive_answered = round((self.label_wise_positive_answered(label)/self.active_questions)*positive, 2)
TypeError: unsupported operand type(s) for /: 'int' and 'QuerySet'
ERROR 2022-10-17 17:37:40,308 django.server Thread-1 5316 I:\django\gfvp\gfvp_env\lib\site-packages\django\core\servers\basehttp.py 179 log_message 9156 "POST /evaluation2/option_add/ HTTP/1.1" 500 118545
ERROR 2022-10-17 17:37:58,256 django.request Thread-1 5316 I:\django\gfvp\gfvp_env\lib\site-packages\django\utils\log.py 225 log_response 9156 Internal Server Error: /evaluation2/option_add/
Traceback (most recent call last):
  File "I:\django\gfvp\evaluation\views.py", line 308, in option_add2
    request.session['question'] = next_question.slug
AttributeError: 'NoneType' object has no attribute 'slug'

During handling of the above exception, another exception occurred:

Traceback (most recent call last):
  File "I:\django\gfvp\gfvp_env\lib\site-packages\django\core\handlers\exception.py", line 47, in inner
    response = get_response(request)
  File "I:\django\gfvp\gfvp_env\lib\site-packages\django\core\handlers\base.py", line 181, in _get_response
    response = wrapped_callback(request, *callback_args, **callback_kwargs)
  File "I:\django\gfvp\gfvp_env\lib\site-packages\django\contrib\auth\decorators.py", line 21, in _wrapped_view
    return view_func(request, *args, **kwargs)
  File "I:\django\gfvp\evaluation\views.py", line 318, in option_add2
    dfd = LabelWiseData(evaluator).picked_labels_dict()
  File "I:\django\gfvp\evaluation\helper.py", line 377, in picked_labels_dict
    label_result.update(self.label_wise_result())
  File "I:\django\gfvp\evaluation\helper.py", line 362, in label_wise_result
    positive_answered = round((self.label_wise_positive_answered(label)/self.active_questions)*positive, 2)
TypeError: unsupported operand type(s) for /: 'int' and 'QuerySet'
ERROR 2022-10-17 17:38:00,361 django.server Thread-1 5316 I:\django\gfvp\gfvp_env\lib\site-packages\django\core\servers\basehttp.py 179 log_message 9156 "POST /evaluation2/option_add/ HTTP/1.1" 500 118545
WARNING 2022-10-17 19:55:32,463 django.server Thread-2 17152 I:\django\gfvp\gfvp_env\lib\site-packages\django\core\servers\basehttp.py 179 log_message 18380 "GET /static/assets/css/volt.css.map HTTP/1.1" 404 1929
WARNING 2022-10-17 19:57:40,937 django.server Thread-4 2320 I:\django\gfvp\gfvp_env\lib\site-packages\django\core\servers\basehttp.py 179 log_message 18380 "GET /static/assets/css/volt.css.map HTTP/1.1" 404 1929
WARNING 2022-10-17 20:00:03,959 django.server Thread-1 17576 I:\django\gfvp\gfvp_env\lib\site-packages\django\core\servers\basehttp.py 179 log_message 10904 "GET /static/assets/css/volt.css.map HTTP/1.1" 404 1929
WARNING 2022-10-17 20:01:47,748 django.server Thread-5 14652 I:\django\gfvp\gfvp_env\lib\site-packages\django\core\servers\basehttp.py 179 log_message 10904 "GET /static/assets/css/volt.css.map HTTP/1.1" 404 1929
WARNING 2022-10-17 20:06:18,897 django.server Thread-7 8608 I:\django\gfvp\gfvp_env\lib\site-packages\django\core\servers\basehttp.py 179 log_message 10904 "GET /static/assets/css/volt.css.map HTTP/1.1" 404 1929
WARNING 2022-10-17 20:08:11,309 django.server Thread-9 7332 I:\django\gfvp\gfvp_env\lib\site-packages\django\core\servers\basehttp.py 179 log_message 10904 "GET /static/assets/css/volt.css.map HTTP/1.1" 404 1929
WARNING 2022-10-17 20:19:15,270 django.server Thread-10 16552 I:\django\gfvp\gfvp_env\lib\site-packages\django\core\servers\basehttp.py 179 log_message 10904 "GET /static/assets/css/volt.css.map HTTP/1.1" 404 1929
WARNING 2022-10-18 14:50:50,777 django.server Thread-2 676 I:\django\gfvp\gfvp_env\lib\site-packages\django\core\servers\basehttp.py 179 log_message 15940 "GET /static/assets/css/volt.css.map HTTP/1.1" 404 1929
WARNING 2022-10-19 20:08:38,144 django.server Thread-4 17400 I:\django\gfvp\gfvp_env\lib\site-packages\django\core\servers\basehttp.py 179 log_message 11472 "GET /static/assets/css/volt.css.map HTTP/1.1" 404 1929
WARNING 2022-10-19 20:08:47,460 django.server Thread-2 7552 I:\django\gfvp\gfvp_env\lib\site-packages\django\core\servers\basehttp.py 179 log_message 11472 "GET /static/assets/css/volt.css.map HTTP/1.1" 404 1929
WARNING 2022-10-19 20:15:39,491 django.server Thread-1 18636 I:\django\gfvp\gfvp_env\lib\site-packages\django\core\servers\basehttp.py 179 log_message 2680 "GET /static/assets/css/volt.css.map HTTP/1.1" 404 1929
WARNING 2022-10-19 20:15:52,335 django.server Thread-5 11184 I:\django\gfvp\gfvp_env\lib\site-packages\django\core\servers\basehttp.py 179 log_message 2680 "GET /static/assets/css/volt.css.map HTTP/1.1" 404 1929
WARNING 2022-10-19 20:22:52,956 django.server Thread-7 17176 I:\django\gfvp\gfvp_env\lib\site-packages\django\core\servers\basehttp.py 179 log_message 2680 "GET /static/assets/css/volt.css.map HTTP/1.1" 404 1929
WARNING 2022-10-19 20:27:18,968 django.server Thread-11 13776 I:\django\gfvp\gfvp_env\lib\site-packages\django\core\servers\basehttp.py 179 log_message 2680 "GET /static/assets/css/volt.css.map HTTP/1.1" 404 1929
WARNING 2022-10-19 20:50:38,538 django.server Thread-12 17396 I:\django\gfvp\gfvp_env\lib\site-packages\django\core\servers\basehttp.py 179 log_message 2680 "GET /static/assets/css/volt.css.map HTTP/1.1" 404 1929
WARNING 2022-10-19 20:51:24,699 django.server Thread-17 15564 I:\django\gfvp\gfvp_env\lib\site-packages\django\core\servers\basehttp.py 179 log_message 2680 "GET /static/assets/css/volt.css.map HTTP/1.1" 404 1929
WARNING 2022-10-19 20:51:35,081 django.server Thread-18 15032 I:\django\gfvp\gfvp_env\lib\site-packages\django\core\servers\basehttp.py 179 log_message 2680 "GET /static/assets/css/volt.css.map HTTP/1.1" 404 1929
WARNING 2022-10-19 20:52:43,208 django.server Thread-21 15704 I:\django\gfvp\gfvp_env\lib\site-packages\django\core\servers\basehttp.py 179 log_message 2680 "GET /static/assets/css/volt.css.map HTTP/1.1" 404 1929
WARNING 2022-10-19 20:55:09,410 django.server Thread-26 3856 I:\django\gfvp\gfvp_env\lib\site-packages\django\core\servers\basehttp.py 179 log_message 2680 "GET /static/assets/css/volt.css.map HTTP/1.1" 404 1929
WARNING 2022-10-19 20:59:03,037 django.server Thread-34 460 I:\django\gfvp\gfvp_env\lib\site-packages\django\core\servers\basehttp.py 179 log_message 2680 "GET /static/assets/css/volt.css.map HTTP/1.1" 404 1929
WARNING 2022-10-19 20:59:18,897 django.server Thread-36 12820 I:\django\gfvp\gfvp_env\lib\site-packages\django\core\servers\basehttp.py 179 log_message 2680 "GET /static/assets/css/volt.css.map HTTP/1.1" 404 1929
WARNING 2022-10-19 21:04:54,638 django.server Thread-38 1560 I:\django\gfvp\gfvp_env\lib\site-packages\django\core\servers\basehttp.py 179 log_message 2680 "GET /static/assets/css/volt.css.map HTTP/1.1" 404 1929
WARNING 2022-10-20 17:38:11,973 django.server Thread-5 19480 I:\django\gfvp\gfvp_env\lib\site-packages\django\core\servers\basehttp.py 179 log_message 20360 "GET /static/assets/css/volt.css.map HTTP/1.1" 404 1929
WARNING 2022-10-20 17:40:14,844 django.server Thread-4 18328 I:\django\gfvp\gfvp_env\lib\site-packages\django\core\servers\basehttp.py 179 log_message 20360 "GET /static/assets/css/volt.css.map HTTP/1.1" 404 1929
WARNING 2022-10-20 17:46:39,606 django.server Thread-8 19580 I:\django\gfvp\gfvp_env\lib\site-packages\django\core\servers\basehttp.py 179 log_message 20360 "GET /static/assets/css/volt.css.map HTTP/1.1" 404 1929
WARNING 2022-10-20 17:52:23,125 django.server Thread-13 14740 I:\django\gfvp\gfvp_env\lib\site-packages\django\core\servers\basehttp.py 179 log_message 20360 "GET /static/assets/css/volt.css.map HTTP/1.1" 404 1929
WARNING 2022-10-20 19:23:22,389 django.request Thread-31 14404 I:\django\gfvp\gfvp_env\lib\site-packages\django\utils\log.py 225 log_response 20360 Not Found: /favicon.ico
WARNING 2022-10-20 19:23:22,408 django.server Thread-31 14404 I:\django\gfvp\gfvp_env\lib\site-packages\django\core\servers\basehttp.py 179 log_message 20360 "GET /favicon.ico HTTP/1.1" 404 19409
WARNING 2022-10-21 14:26:24,904 django.request Thread-1 15844 I:\django\gfvp\gfvp_env\lib\site-packages\django\utils\log.py 225 log_response 4016 Not Found: /
WARNING 2022-10-21 14:26:24,938 django.server Thread-1 15844 I:\django\gfvp\gfvp_env\lib\site-packages\django\core\servers\basehttp.py 179 log_message 4016 "GET / HTTP/1.1" 404 19350
WARNING 2022-10-21 14:26:27,104 django.request Thread-1 15844 I:\django\gfvp\gfvp_env\lib\site-packages\django\utils\log.py 225 log_response 4016 Not Found: /favicon.ico
WARNING 2022-10-21 14:26:27,105 django.server Thread-1 15844 I:\django\gfvp\gfvp_env\lib\site-packages\django\core\servers\basehttp.py 179 log_message 4016 "GET /favicon.ico HTTP/1.1" 404 19410
WARNING 2022-10-21 14:26:33,600 django.request Thread-1 15844 I:\django\gfvp\gfvp_env\lib\site-packages\django\utils\log.py 225 log_response 4016 Not Found: /
WARNING 2022-10-21 14:26:33,602 django.server Thread-1 15844 I:\django\gfvp\gfvp_env\lib\site-packages\django\core\servers\basehttp.py 179 log_message 4016 "GET / HTTP/1.1" 404 19348
WARNING 2022-10-21 14:26:43,298 django.request Thread-1 15844 I:\django\gfvp\gfvp_env\lib\site-packages\django\utils\log.py 225 log_response 4016 Not Found: /
WARNING 2022-10-21 14:26:43,301 django.server Thread-1 15844 I:\django\gfvp\gfvp_env\lib\site-packages\django\core\servers\basehttp.py 179 log_message 4016 "GET / HTTP/1.1" 404 19348
